[2022-05-05 09:11:01.663 +05:30 INF] Now listening on: https://localhost:7024
[2022-05-05 09:11:01.688 +05:30 INF] Now listening on: http://localhost:5018
[2022-05-05 09:11:01.691 +05:30 INF] Application started. Press Ctrl+C to shut down.
[2022-05-05 09:11:01.691 +05:30 INF] Hosting environment: Development
[2022-05-05 09:11:01.691 +05:30 INF] Content root path: D:\PMS.API\
[2022-05-05 09:11:40.722 +05:30 INF] Request starting HTTP/2 GET https://localhost:7024/swagger - -
[2022-05-05 09:11:40.774 +05:30 INF] Request finished HTTP/2 GET https://localhost:7024/swagger - - - 301 0 - 54.5222ms
[2022-05-05 09:11:40.776 +05:30 INF] Request starting HTTP/2 GET https://localhost:7024/swagger/index.html - -
[2022-05-05 09:11:40.825 +05:30 INF] Request finished HTTP/2 GET https://localhost:7024/swagger/index.html - - - 200 - text/html;charset=utf-8 49.0102ms
[2022-05-05 09:11:40.856 +05:30 INF] Request starting HTTP/2 GET https://localhost:7024/swagger/swagger-ui-standalone-preset.js - -
[2022-05-05 09:11:40.856 +05:30 INF] Request starting HTTP/2 GET https://localhost:7024/swagger/swagger-ui.css - -
[2022-05-05 09:11:40.856 +05:30 INF] Request starting HTTP/2 GET https://localhost:7024/swagger/swagger-ui-bundle.js - -
[2022-05-05 09:11:40.881 +05:30 INF] Sending file. Request path: '/swagger-ui-standalone-preset.js'. Physical path: 'N/A'
[2022-05-05 09:11:40.882 +05:30 INF] Sending file. Request path: '/swagger-ui.css'. Physical path: 'N/A'
[2022-05-05 09:11:40.883 +05:30 INF] Request finished HTTP/2 GET https://localhost:7024/swagger/swagger-ui-standalone-preset.js - - - 200 337162 application/javascript 26.9006ms
[2022-05-05 09:11:40.883 +05:30 INF] Request finished HTTP/2 GET https://localhost:7024/swagger/swagger-ui.css - - - 200 143632 text/css 26.8865ms
[2022-05-05 09:11:40.885 +05:30 INF] Sending file. Request path: '/swagger-ui-bundle.js'. Physical path: 'N/A'
[2022-05-05 09:11:40.885 +05:30 INF] Request finished HTTP/2 GET https://localhost:7024/swagger/swagger-ui-bundle.js - - - 200 1092889 application/javascript 28.9419ms
[2022-05-05 09:11:41.056 +05:30 INF] Request starting HTTP/2 GET https://localhost:7024/swagger/v1/swagger.json - -
[2022-05-05 09:11:41.091 +05:30 INF] Request starting HTTP/2 GET https://localhost:7024/swagger/favicon-32x32.png - -
[2022-05-05 09:11:41.092 +05:30 INF] Sending file. Request path: '/favicon-32x32.png'. Physical path: 'N/A'
[2022-05-05 09:11:41.092 +05:30 INF] Request finished HTTP/2 GET https://localhost:7024/swagger/favicon-32x32.png - - - 200 628 image/png 1.3095ms
[2022-05-05 09:11:41.164 +05:30 INF] Request finished HTTP/2 GET https://localhost:7024/swagger/v1/swagger.json - - - 200 - application/json;charset=utf-8 107.7183ms
[2022-05-05 09:12:03.725 +05:30 INF] Request starting HTTP/2 GET https://localhost:7024/User/Getallusers - -
[2022-05-05 09:12:03.734 +05:30 INF] Request:
Protocol: HTTP/2
Method: GET
Scheme: https
PathBase: 
Path: /User/Getallusers
Accept: text/plain
Host: localhost:7024
User-Agent: Mozilla/5.0 (Windows NT 10.0; Win64; x64) AppleWebKit/537.36 (KHTML, like Gecko) Chrome/100.0.4896.75 Safari/537.36
:method: [Redacted]
Accept-Encoding: gzip, deflate, br
Accept-Language: en-US,en;q=0.9
Referer: [Redacted]
sec-ch-ua: [Redacted]
sec-ch-ua-mobile: [Redacted]
sec-ch-ua-platform: [Redacted]
sec-fetch-site: [Redacted]
sec-fetch-mode: [Redacted]
sec-fetch-dest: [Redacted]
[2022-05-05 09:12:03.737 +05:30 INF] Executing endpoint 'PMS.API.UserController.Getallusers (PMS.API)'
[2022-05-05 09:12:03.744 +05:30 INF] Route matched with {action = "Getallusers", controller = "User"}. Executing controller action with signature System.Collections.Generic.IEnumerable`1[PMS.API.User] Getallusers() on controller PMS.API.UserController (PMS.API).
[2022-05-05 09:12:04.355 +05:30 INF] Executed action PMS.API.UserController.Getallusers (PMS.API) in 604.7037ms
[2022-05-05 09:12:04.356 +05:30 INF] Executed endpoint 'PMS.API.UserController.Getallusers (PMS.API)'
[2022-05-05 09:12:04.359 +05:30 ERR] An unhandled exception has occurred while executing the request.
System.ArgumentNullException: Value cannot be null. (Parameter 'source')
   at System.Linq.ThrowHelper.ThrowArgumentNullException(ExceptionArgument argument)
   at System.Linq.Enumerable.ToList[TSource](IEnumerable`1 source)
   at PMS.API.UserController.Getallusers() in D:\PMS.API\Controllers\UserController.cs:line 23
   at lambda_method2(Closure , Object , Object[] )
   at Microsoft.AspNetCore.Mvc.Infrastructure.ActionMethodExecutor.SyncObjectResultExecutor.Execute(IActionResultTypeMapper mapper, ObjectMethodExecutor executor, Object controller, Object[] arguments)
   at Microsoft.AspNetCore.Mvc.Infrastructure.ControllerActionInvoker.InvokeActionMethodAsync()
   at Microsoft.AspNetCore.Mvc.Infrastructure.ControllerActionInvoker.Next(State& next, Scope& scope, Object& state, Boolean& isCompleted)
   at Microsoft.AspNetCore.Mvc.Infrastructure.ControllerActionInvoker.InvokeNextActionFilterAsync()
--- End of stack trace from previous location ---
   at Microsoft.AspNetCore.Mvc.Infrastructure.ControllerActionInvoker.Rethrow(ActionExecutedContextSealed context)
   at Microsoft.AspNetCore.Mvc.Infrastructure.ControllerActionInvoker.Next(State& next, Scope& scope, Object& state, Boolean& isCompleted)
   at Microsoft.AspNetCore.Mvc.Infrastructure.ControllerActionInvoker.InvokeInnerFilterAsync()
--- End of stack trace from previous location ---
   at Microsoft.AspNetCore.Mvc.Infrastructure.ResourceInvoker.<InvokeFilterPipelineAsync>g__Awaited|20_0(ResourceInvoker invoker, Task lastTask, State next, Scope scope, Object state, Boolean isCompleted)
   at Microsoft.AspNetCore.Mvc.Infrastructure.ResourceInvoker.<InvokeAsync>g__Logged|17_1(ResourceInvoker invoker)
   at Microsoft.AspNetCore.Mvc.Infrastructure.ResourceInvoker.<InvokeAsync>g__Logged|17_1(ResourceInvoker invoker)
   at Microsoft.AspNetCore.Routing.EndpointMiddleware.<Invoke>g__AwaitRequestTask|6_0(Endpoint endpoint, Task requestTask, ILogger logger)
   at Microsoft.AspNetCore.HttpLogging.HttpLoggingMiddleware.InvokeInternal(HttpContext context)
   at Microsoft.AspNetCore.Authorization.AuthorizationMiddleware.Invoke(HttpContext context)
   at Swashbuckle.AspNetCore.SwaggerUI.SwaggerUIMiddleware.Invoke(HttpContext httpContext)
   at Swashbuckle.AspNetCore.Swagger.SwaggerMiddleware.Invoke(HttpContext httpContext, ISwaggerProvider swaggerProvider)
   at Microsoft.AspNetCore.Diagnostics.DeveloperExceptionPageMiddleware.Invoke(HttpContext context)
[2022-05-05 09:12:04.378 +05:30 INF] Request finished HTTP/2 GET https://localhost:7024/User/Getallusers - - - 500 - text/plain;+charset=utf-8 652.6922ms
[2022-05-05 09:12:11.666 +05:30 INF] Request starting HTTP/2 GET https://localhost:7024/User/Getallusers - -
[2022-05-05 09:12:11.667 +05:30 INF] Request:
Protocol: HTTP/2
Method: GET
Scheme: https
PathBase: 
Path: /User/Getallusers
Accept: text/plain
Host: localhost:7024
User-Agent: Mozilla/5.0 (Windows NT 10.0; Win64; x64) AppleWebKit/537.36 (KHTML, like Gecko) Chrome/100.0.4896.75 Safari/537.36
:method: [Redacted]
Accept-Encoding: gzip, deflate, br
Accept-Language: en-US,en;q=0.9
Referer: [Redacted]
sec-ch-ua: [Redacted]
sec-ch-ua-mobile: [Redacted]
sec-ch-ua-platform: [Redacted]
sec-fetch-site: [Redacted]
sec-fetch-mode: [Redacted]
sec-fetch-dest: [Redacted]
[2022-05-05 09:12:11.667 +05:30 INF] Executing endpoint 'PMS.API.UserController.Getallusers (PMS.API)'
[2022-05-05 09:12:11.668 +05:30 INF] Route matched with {action = "Getallusers", controller = "User"}. Executing controller action with signature System.Collections.Generic.IEnumerable`1[PMS.API.User] Getallusers() on controller PMS.API.UserController (PMS.API).
[2022-05-05 09:12:11.691 +05:30 INF] Executed action PMS.API.UserController.Getallusers (PMS.API) in 23.7957ms
[2022-05-05 09:12:11.692 +05:30 INF] Executed endpoint 'PMS.API.UserController.Getallusers (PMS.API)'
[2022-05-05 09:12:11.692 +05:30 ERR] An unhandled exception has occurred while executing the request.
System.ArgumentNullException: Value cannot be null. (Parameter 'source')
   at System.Linq.ThrowHelper.ThrowArgumentNullException(ExceptionArgument argument)
   at System.Linq.Enumerable.ToList[TSource](IEnumerable`1 source)
   at PMS.API.UserController.Getallusers() in D:\PMS.API\Controllers\UserController.cs:line 23
   at lambda_method2(Closure , Object , Object[] )
   at Microsoft.AspNetCore.Mvc.Infrastructure.ActionMethodExecutor.SyncObjectResultExecutor.Execute(IActionResultTypeMapper mapper, ObjectMethodExecutor executor, Object controller, Object[] arguments)
   at Microsoft.AspNetCore.Mvc.Infrastructure.ControllerActionInvoker.InvokeActionMethodAsync()
   at Microsoft.AspNetCore.Mvc.Infrastructure.ControllerActionInvoker.Next(State& next, Scope& scope, Object& state, Boolean& isCompleted)
   at Microsoft.AspNetCore.Mvc.Infrastructure.ControllerActionInvoker.InvokeNextActionFilterAsync()
--- End of stack trace from previous location ---
   at Microsoft.AspNetCore.Mvc.Infrastructure.ControllerActionInvoker.Rethrow(ActionExecutedContextSealed context)
   at Microsoft.AspNetCore.Mvc.Infrastructure.ControllerActionInvoker.Next(State& next, Scope& scope, Object& state, Boolean& isCompleted)
   at Microsoft.AspNetCore.Mvc.Infrastructure.ControllerActionInvoker.InvokeInnerFilterAsync()
--- End of stack trace from previous location ---
   at Microsoft.AspNetCore.Mvc.Infrastructure.ResourceInvoker.<InvokeFilterPipelineAsync>g__Awaited|20_0(ResourceInvoker invoker, Task lastTask, State next, Scope scope, Object state, Boolean isCompleted)
   at Microsoft.AspNetCore.Mvc.Infrastructure.ResourceInvoker.<InvokeAsync>g__Logged|17_1(ResourceInvoker invoker)
   at Microsoft.AspNetCore.Mvc.Infrastructure.ResourceInvoker.<InvokeAsync>g__Logged|17_1(ResourceInvoker invoker)
   at Microsoft.AspNetCore.Routing.EndpointMiddleware.<Invoke>g__AwaitRequestTask|6_0(Endpoint endpoint, Task requestTask, ILogger logger)
   at Microsoft.AspNetCore.HttpLogging.HttpLoggingMiddleware.InvokeInternal(HttpContext context)
   at Microsoft.AspNetCore.Authorization.AuthorizationMiddleware.Invoke(HttpContext context)
   at Swashbuckle.AspNetCore.SwaggerUI.SwaggerUIMiddleware.Invoke(HttpContext httpContext)
   at Swashbuckle.AspNetCore.Swagger.SwaggerMiddleware.Invoke(HttpContext httpContext, ISwaggerProvider swaggerProvider)
   at Microsoft.AspNetCore.Diagnostics.DeveloperExceptionPageMiddleware.Invoke(HttpContext context)
[2022-05-05 09:12:11.693 +05:30 INF] Request finished HTTP/2 GET https://localhost:7024/User/Getallusers - - - 500 - text/plain;+charset=utf-8 27.0470ms
[2022-05-05 09:12:22.834 +05:30 INF] Request starting HTTP/2 GET https://localhost:7024/User/Getuser?id=1 - -
[2022-05-05 09:12:22.834 +05:30 INF] Request:
Protocol: HTTP/2
Method: GET
Scheme: https
PathBase: 
Path: /User/Getuser
Accept: */*
Host: localhost:7024
User-Agent: Mozilla/5.0 (Windows NT 10.0; Win64; x64) AppleWebKit/537.36 (KHTML, like Gecko) Chrome/100.0.4896.75 Safari/537.36
:method: [Redacted]
Accept-Encoding: gzip, deflate, br
Accept-Language: en-US,en;q=0.9
Referer: [Redacted]
sec-ch-ua: [Redacted]
sec-ch-ua-mobile: [Redacted]
sec-ch-ua-platform: [Redacted]
sec-fetch-site: [Redacted]
sec-fetch-mode: [Redacted]
sec-fetch-dest: [Redacted]
[2022-05-05 09:12:22.834 +05:30 INF] Executing endpoint 'PMS.API.UserController.Getuser (PMS.API)'
[2022-05-05 09:12:22.850 +05:30 INF] Route matched with {action = "Getuser", controller = "User"}. Executing controller action with signature Microsoft.AspNetCore.Mvc.IActionResult Getuser(Int32) on controller PMS.API.UserController (PMS.API).
[2022-05-05 09:12:22.872 +05:30 INF] Executing BadRequestObjectResult, writing value of type 'System.String'.
[2022-05-05 09:12:22.872 +05:30 INF] Response:
StatusCode: 400
Content-Type: text/plain; charset=utf-8
[2022-05-05 09:12:22.873 +05:30 INF] Executed action PMS.API.UserController.Getuser (PMS.API) in 23.3031ms
[2022-05-05 09:12:22.873 +05:30 INF] Executed endpoint 'PMS.API.UserController.Getuser (PMS.API)'
[2022-05-05 09:12:22.874 +05:30 INF] ResponseBody: ID is not an zero
[2022-05-05 09:12:22.874 +05:30 INF] Request finished HTTP/2 GET https://localhost:7024/User/Getuser?id=1 - - - 400 - text/plain;+charset=utf-8 40.3115ms
[2022-05-05 09:13:16.346 +05:30 INF] Request starting HTTP/2 GET https://localhost:7024/User/Getuser?id=4 - -
[2022-05-05 09:13:16.346 +05:30 INF] Request:
Protocol: HTTP/2
Method: GET
Scheme: https
PathBase: 
Path: /User/Getuser
Accept: */*
Host: localhost:7024
User-Agent: Mozilla/5.0 (Windows NT 10.0; Win64; x64) AppleWebKit/537.36 (KHTML, like Gecko) Chrome/100.0.4896.75 Safari/537.36
:method: [Redacted]
Accept-Encoding: gzip, deflate, br
Accept-Language: en-US,en;q=0.9
Referer: [Redacted]
sec-ch-ua: [Redacted]
sec-ch-ua-mobile: [Redacted]
sec-ch-ua-platform: [Redacted]
sec-fetch-site: [Redacted]
sec-fetch-mode: [Redacted]
sec-fetch-dest: [Redacted]
[2022-05-05 09:13:16.346 +05:30 INF] Executing endpoint 'PMS.API.UserController.Getuser (PMS.API)'
[2022-05-05 09:13:16.346 +05:30 INF] Route matched with {action = "Getuser", controller = "User"}. Executing controller action with signature Microsoft.AspNetCore.Mvc.IActionResult Getuser(Int32) on controller PMS.API.UserController (PMS.API).
[2022-05-05 09:13:16.347 +05:30 INF] Executing BadRequestObjectResult, writing value of type 'System.String'.
[2022-05-05 09:13:16.347 +05:30 INF] Response:
StatusCode: 400
Content-Type: text/plain; charset=utf-8
[2022-05-05 09:13:16.347 +05:30 INF] Executed action PMS.API.UserController.Getuser (PMS.API) in 0.8398ms
[2022-05-05 09:13:16.347 +05:30 INF] Executed endpoint 'PMS.API.UserController.Getuser (PMS.API)'
[2022-05-05 09:13:16.347 +05:30 INF] ResponseBody: ID is not an zero
[2022-05-05 09:13:16.347 +05:30 INF] Request finished HTTP/2 GET https://localhost:7024/User/Getuser?id=4 - - - 400 - text/plain;+charset=utf-8 1.4022ms
[2022-05-05 15:40:51.357 +05:30 INF] Request starting HTTP/2 GET https://localhost:7024/swagger/index.html - -
[2022-05-05 15:40:51.358 +05:30 INF] Request finished HTTP/2 GET https://localhost:7024/swagger/index.html - - - 200 - text/html;charset=utf-8 1.6782ms
[2022-05-05 15:40:51.378 +05:30 INF] Request starting HTTP/2 GET https://localhost:7024/swagger/swagger-ui.css - -
[2022-05-05 15:40:51.379 +05:30 INF] Sending file. Request path: '/swagger-ui.css'. Physical path: 'N/A'
[2022-05-05 15:40:51.379 +05:30 INF] Request finished HTTP/2 GET https://localhost:7024/swagger/swagger-ui.css - - - 200 143632 text/css 1.6392ms
[2022-05-05 15:40:51.594 +05:30 INF] Request starting HTTP/2 GET https://localhost:7024/swagger/v1/swagger.json - -
[2022-05-05 15:40:51.607 +05:30 INF] Request starting HTTP/2 GET https://localhost:7024/swagger/favicon-32x32.png - -
[2022-05-05 15:40:51.607 +05:30 INF] Sending file. Request path: '/favicon-32x32.png'. Physical path: 'N/A'
[2022-05-05 15:40:51.607 +05:30 INF] Request finished HTTP/2 GET https://localhost:7024/swagger/favicon-32x32.png - - - 200 628 image/png 0.4772ms
[2022-05-05 15:40:51.609 +05:30 INF] Request finished HTTP/2 GET https://localhost:7024/swagger/v1/swagger.json - - - 200 - application/json;charset=utf-8 15.6621ms
[2022-05-05 15:40:58.710 +05:30 INF] Request starting HTTP/2 GET https://localhost:7024/User/Getallusers - -
[2022-05-05 15:40:58.710 +05:30 INF] Request:
Protocol: HTTP/2
Method: GET
Scheme: https
PathBase: 
Path: /User/Getallusers
Accept: text/plain
Host: localhost:7024
User-Agent: Mozilla/5.0 (Windows NT 10.0; Win64; x64) AppleWebKit/537.36 (KHTML, like Gecko) Chrome/100.0.4896.75 Safari/537.36
:method: [Redacted]
Accept-Encoding: gzip, deflate, br
Accept-Language: en-US,en;q=0.9
Referer: [Redacted]
sec-ch-ua: [Redacted]
sec-ch-ua-mobile: [Redacted]
sec-ch-ua-platform: [Redacted]
sec-fetch-site: [Redacted]
sec-fetch-mode: [Redacted]
sec-fetch-dest: [Redacted]
[2022-05-05 15:40:58.710 +05:30 INF] Executing endpoint 'PMS.API.UserController.Getallusers (PMS.API)'
[2022-05-05 15:40:58.710 +05:30 INF] Route matched with {action = "Getallusers", controller = "User"}. Executing controller action with signature System.Collections.Generic.IEnumerable`1[PMS.API.User] Getallusers() on controller PMS.API.UserController (PMS.API).
[2022-05-05 15:40:58.738 +05:30 INF] Executed action PMS.API.UserController.Getallusers (PMS.API) in 27.8324ms
[2022-05-05 15:40:58.738 +05:30 INF] Executed endpoint 'PMS.API.UserController.Getallusers (PMS.API)'
[2022-05-05 15:40:58.739 +05:30 ERR] An unhandled exception has occurred while executing the request.
System.ArgumentNullException: Value cannot be null. (Parameter 'source')
   at System.Linq.ThrowHelper.ThrowArgumentNullException(ExceptionArgument argument)
   at System.Linq.Enumerable.ToList[TSource](IEnumerable`1 source)
   at PMS.API.UserController.Getallusers() in D:\PMS.API\Controllers\UserController.cs:line 23
   at lambda_method2(Closure , Object , Object[] )
   at Microsoft.AspNetCore.Mvc.Infrastructure.ActionMethodExecutor.SyncObjectResultExecutor.Execute(IActionResultTypeMapper mapper, ObjectMethodExecutor executor, Object controller, Object[] arguments)
   at Microsoft.AspNetCore.Mvc.Infrastructure.ControllerActionInvoker.InvokeActionMethodAsync()
   at Microsoft.AspNetCore.Mvc.Infrastructure.ControllerActionInvoker.Next(State& next, Scope& scope, Object& state, Boolean& isCompleted)
   at Microsoft.AspNetCore.Mvc.Infrastructure.ControllerActionInvoker.InvokeNextActionFilterAsync()
--- End of stack trace from previous location ---
   at Microsoft.AspNetCore.Mvc.Infrastructure.ControllerActionInvoker.Rethrow(ActionExecutedContextSealed context)
   at Microsoft.AspNetCore.Mvc.Infrastructure.ControllerActionInvoker.Next(State& next, Scope& scope, Object& state, Boolean& isCompleted)
   at Microsoft.AspNetCore.Mvc.Infrastructure.ControllerActionInvoker.InvokeInnerFilterAsync()
--- End of stack trace from previous location ---
   at Microsoft.AspNetCore.Mvc.Infrastructure.ResourceInvoker.<InvokeFilterPipelineAsync>g__Awaited|20_0(ResourceInvoker invoker, Task lastTask, State next, Scope scope, Object state, Boolean isCompleted)
   at Microsoft.AspNetCore.Mvc.Infrastructure.ResourceInvoker.<InvokeAsync>g__Logged|17_1(ResourceInvoker invoker)
   at Microsoft.AspNetCore.Mvc.Infrastructure.ResourceInvoker.<InvokeAsync>g__Logged|17_1(ResourceInvoker invoker)
   at Microsoft.AspNetCore.Routing.EndpointMiddleware.<Invoke>g__AwaitRequestTask|6_0(Endpoint endpoint, Task requestTask, ILogger logger)
   at Microsoft.AspNetCore.HttpLogging.HttpLoggingMiddleware.InvokeInternal(HttpContext context)
   at Microsoft.AspNetCore.Authorization.AuthorizationMiddleware.Invoke(HttpContext context)
   at Swashbuckle.AspNetCore.SwaggerUI.SwaggerUIMiddleware.Invoke(HttpContext httpContext)
   at Swashbuckle.AspNetCore.Swagger.SwaggerMiddleware.Invoke(HttpContext httpContext, ISwaggerProvider swaggerProvider)
   at Microsoft.AspNetCore.Diagnostics.DeveloperExceptionPageMiddleware.Invoke(HttpContext context)
[2022-05-05 15:40:58.743 +05:30 INF] Request finished HTTP/2 GET https://localhost:7024/User/Getallusers - - - 500 - text/plain;+charset=utf-8 33.8461ms
[2022-05-05 16:00:23.710 +05:30 INF] Application is shutting down...
[2022-05-05 16:03:49.867 +05:30 INF] Entity Framework Core 6.0.4 initialized 'UserContext' using provider 'Microsoft.EntityFrameworkCore.SqlServer:6.0.4' with options: None
[2022-05-05 16:04:14.092 +05:30 INF] Entity Framework Core 6.0.4 initialized 'UserContext' using provider 'Microsoft.EntityFrameworkCore.SqlServer:6.0.4' with options: None
[2022-05-05 16:04:14.549 +05:30 INF] Executed DbCommand (16ms) [Parameters=[], CommandType='"Text"', CommandTimeout='30']
SELECT 1
[2022-05-05 16:04:14.575 +05:30 INF] Executed DbCommand (14ms) [Parameters=[], CommandType='"Text"', CommandTimeout='30']
SELECT OBJECT_ID(N'[__EFMigrationsHistory]');
[2022-05-05 16:04:14.579 +05:30 INF] Executed DbCommand (1ms) [Parameters=[], CommandType='"Text"', CommandTimeout='30']
SELECT 1
[2022-05-05 16:04:14.580 +05:30 INF] Executed DbCommand (1ms) [Parameters=[], CommandType='"Text"', CommandTimeout='30']
SELECT OBJECT_ID(N'[__EFMigrationsHistory]');
[2022-05-05 16:04:14.600 +05:30 INF] Executed DbCommand (2ms) [Parameters=[], CommandType='"Text"', CommandTimeout='30']
SELECT [MigrationId], [ProductVersion]
FROM [__EFMigrationsHistory]
ORDER BY [MigrationId];
[2022-05-05 16:04:14.616 +05:30 INF] Applying migration '20220505103349_Foreignkeys'.
[2022-05-05 16:04:14.658 +05:30 INF] Executed DbCommand (2ms) [Parameters=[], CommandType='"Text"', CommandTimeout='30']
INSERT INTO [__EFMigrationsHistory] ([MigrationId], [ProductVersion])
VALUES (N'20220505103349_Foreignkeys', N'6.0.4');
[2022-05-05 16:04:29.352 +05:30 INF] Now listening on: https://localhost:7024
[2022-05-05 16:04:29.376 +05:30 INF] Now listening on: http://localhost:5018
[2022-05-05 16:04:29.379 +05:30 INF] Application started. Press Ctrl+C to shut down.
[2022-05-05 16:04:29.379 +05:30 INF] Hosting environment: Development
[2022-05-05 16:04:29.379 +05:30 INF] Content root path: D:\PMS.API\
[2022-05-05 16:04:59.293 +05:30 INF] Request starting HTTP/2 GET https://localhost:7024/swagger/index.html - -
[2022-05-05 16:04:59.446 +05:30 INF] Request finished HTTP/2 GET https://localhost:7024/swagger/index.html - - - 200 - text/html;charset=utf-8 159.1385ms
[2022-05-05 16:04:59.470 +05:30 INF] Request starting HTTP/2 GET https://localhost:7024/swagger/swagger-ui.css - -
[2022-05-05 16:04:59.470 +05:30 INF] Request starting HTTP/2 GET https://localhost:7024/swagger/swagger-ui-bundle.js - -
[2022-05-05 16:04:59.470 +05:30 INF] Request starting HTTP/2 GET https://localhost:7024/swagger/swagger-ui-standalone-preset.js - -
[2022-05-05 16:04:59.509 +05:30 INF] Sending file. Request path: '/swagger-ui-bundle.js'. Physical path: 'N/A'
[2022-05-05 16:04:59.511 +05:30 INF] Request finished HTTP/2 GET https://localhost:7024/swagger/swagger-ui-bundle.js - - - 200 1092889 application/javascript 40.7252ms
[2022-05-05 16:04:59.514 +05:30 INF] Sending file. Request path: '/swagger-ui.css'. Physical path: 'N/A'
[2022-05-05 16:04:59.514 +05:30 INF] Request finished HTTP/2 GET https://localhost:7024/swagger/swagger-ui.css - - - 200 143632 text/css 44.4150ms
[2022-05-05 16:04:59.514 +05:30 INF] Sending file. Request path: '/swagger-ui-standalone-preset.js'. Physical path: 'N/A'
[2022-05-05 16:04:59.514 +05:30 INF] Request finished HTTP/2 GET https://localhost:7024/swagger/swagger-ui-standalone-preset.js - - - 200 337162 application/javascript 44.2282ms
[2022-05-05 16:04:59.730 +05:30 INF] Request starting HTTP/2 GET https://localhost:7024/swagger/v1/swagger.json - -
[2022-05-05 16:04:59.861 +05:30 INF] Request finished HTTP/2 GET https://localhost:7024/swagger/v1/swagger.json - - - 200 - application/json;charset=utf-8 130.6966ms
[2022-05-05 16:05:01.847 +05:30 INF] Request starting HTTP/2 GET https://localhost:7024/swagger/index.html - -
[2022-05-05 16:05:01.848 +05:30 INF] Request finished HTTP/2 GET https://localhost:7024/swagger/index.html - - - 200 - text/html;charset=utf-8 0.6255ms
[2022-05-05 16:05:01.964 +05:30 INF] Request starting HTTP/2 GET https://localhost:7024/swagger/v1/swagger.json - -
[2022-05-05 16:05:01.969 +05:30 INF] Request starting HTTP/2 GET https://localhost:7024/swagger/favicon-32x32.png - -
[2022-05-05 16:05:01.970 +05:30 INF] Sending file. Request path: '/favicon-32x32.png'. Physical path: 'N/A'
[2022-05-05 16:05:01.971 +05:30 INF] Request finished HTTP/2 GET https://localhost:7024/swagger/favicon-32x32.png - - - 200 628 image/png 2.1396ms
[2022-05-05 16:05:01.975 +05:30 INF] Request finished HTTP/2 GET https://localhost:7024/swagger/v1/swagger.json - - - 200 - application/json;charset=utf-8 10.9914ms
[2022-05-05 16:05:05.619 +05:30 INF] Request starting HTTP/2 GET https://localhost:7024/User/Getallusers - -
[2022-05-05 16:05:05.629 +05:30 INF] Request:
Protocol: HTTP/2
Method: GET
Scheme: https
PathBase: 
Path: /User/Getallusers
Accept: text/plain
Host: localhost:7024
User-Agent: Mozilla/5.0 (Windows NT 10.0; Win64; x64) AppleWebKit/537.36 (KHTML, like Gecko) Chrome/100.0.4896.75 Safari/537.36
:method: [Redacted]
Accept-Encoding: gzip, deflate, br
Accept-Language: en-US,en;q=0.9
Referer: [Redacted]
sec-ch-ua: [Redacted]
sec-ch-ua-mobile: [Redacted]
sec-ch-ua-platform: [Redacted]
sec-fetch-site: [Redacted]
sec-fetch-mode: [Redacted]
sec-fetch-dest: [Redacted]
[2022-05-05 16:05:05.635 +05:30 INF] Executing endpoint 'PMS.API.UserController.Getallusers (PMS.API)'
[2022-05-05 16:05:05.647 +05:30 INF] Route matched with {action = "Getallusers", controller = "User"}. Executing controller action with signature System.Collections.Generic.IEnumerable`1[PMS.API.User] Getallusers() on controller PMS.API.UserController (PMS.API).
[2022-05-05 16:05:06.843 +05:30 INF] Executing ObjectResult, writing value of type 'System.Collections.Generic.List`1[[PMS.API.User, PMS.API, Version=1.0.0.0, Culture=neutral, PublicKeyToken=null]]'.
[2022-05-05 16:05:06.846 +05:30 INF] Response:
StatusCode: 200
Content-Type: application/json; charset=utf-8
[2022-05-05 16:05:06.852 +05:30 INF] Executed action PMS.API.UserController.Getallusers (PMS.API) in 1200.3974ms
[2022-05-05 16:05:06.853 +05:30 INF] Executed endpoint 'PMS.API.UserController.Getallusers (PMS.API)'
[2022-05-05 16:05:06.854 +05:30 INF] ResponseBody: []
[2022-05-05 16:05:06.854 +05:30 INF] Request finished HTTP/2 GET https://localhost:7024/User/Getallusers - - - 200 - application/json;+charset=utf-8 1234.2290ms
[2022-05-05 17:12:13.632 +05:30 INF] Entity Framework Core 6.0.4 initialized 'UserContext' using provider 'Microsoft.EntityFrameworkCore.SqlServer:6.0.4' with options: None
[2022-05-05 17:12:36.186 +05:30 INF] Entity Framework Core 6.0.4 initialized 'UserContext' using provider 'Microsoft.EntityFrameworkCore.SqlServer:6.0.4' with options: None
[2022-05-05 17:12:36.462 +05:30 INF] Executed DbCommand (15ms) [Parameters=[], CommandType='"Text"', CommandTimeout='30']
SELECT 1
[2022-05-05 17:12:36.491 +05:30 INF] Executed DbCommand (17ms) [Parameters=[], CommandType='"Text"', CommandTimeout='30']
SELECT OBJECT_ID(N'[__EFMigrationsHistory]');
[2022-05-05 17:12:36.494 +05:30 INF] Executed DbCommand (1ms) [Parameters=[], CommandType='"Text"', CommandTimeout='30']
SELECT 1
[2022-05-05 17:12:36.494 +05:30 INF] Executed DbCommand (0ms) [Parameters=[], CommandType='"Text"', CommandTimeout='30']
SELECT OBJECT_ID(N'[__EFMigrationsHistory]');
[2022-05-05 17:12:36.514 +05:30 INF] Executed DbCommand (2ms) [Parameters=[], CommandType='"Text"', CommandTimeout='30']
SELECT [MigrationId], [ProductVersion]
FROM [__EFMigrationsHistory]
ORDER BY [MigrationId];
[2022-05-05 17:12:36.530 +05:30 INF] Applying migration '20220505114213_UserMigration'.
[2022-05-05 17:12:36.581 +05:30 INF] Executed DbCommand (4ms) [Parameters=[], CommandType='"Text"', CommandTimeout='30']
DROP TABLE [admin];
[2022-05-05 17:12:36.583 +05:30 INF] Executed DbCommand (1ms) [Parameters=[], CommandType='"Text"', CommandTimeout='30']
DROP TABLE [designation];
[2022-05-05 17:12:36.584 +05:30 INF] Executed DbCommand (1ms) [Parameters=[], CommandType='"Text"', CommandTimeout='30']
DROP TABLE [hr];
[2022-05-05 17:12:36.586 +05:30 INF] Executed DbCommand (1ms) [Parameters=[], CommandType='"Text"', CommandTimeout='30']
DROP TABLE [organization];
[2022-05-05 17:12:36.587 +05:30 INF] Executed DbCommand (1ms) [Parameters=[], CommandType='"Text"', CommandTimeout='30']
DROP TABLE [reporting_person];
[2022-05-05 17:12:36.623 +05:30 ERR] Failed executing DbCommand (35ms) [Parameters=[], CommandType='"Text"', CommandTimeout='30']
DECLARE @var0 sysname;
SELECT @var0 = [d].[name]
FROM [sys].[default_constraints] [d]
INNER JOIN [sys].[columns] [c] ON [d].[parent_column_id] = [c].[column_id] AND [d].[parent_object_id] = [c].[object_id]
WHERE ([d].[parent_object_id] = OBJECT_ID(N'[users]') AND [c].[name] = N'Designation_Id');
IF @var0 IS NOT NULL EXEC(N'ALTER TABLE [users] DROP CONSTRAINT [' + @var0 + '];');
ALTER TABLE [users] DROP COLUMN [Designation_Id];
[2022-05-05 17:15:36.582 +05:30 INF] Entity Framework Core 6.0.4 initialized 'UserContext' using provider 'Microsoft.EntityFrameworkCore.SqlServer:6.0.4' with options: None
[2022-05-05 17:15:46.846 +05:30 INF] Entity Framework Core 6.0.4 initialized 'UserContext' using provider 'Microsoft.EntityFrameworkCore.SqlServer:6.0.4' with options: None
[2022-05-05 17:16:04.159 +05:30 INF] Entity Framework Core 6.0.4 initialized 'UserContext' using provider 'Microsoft.EntityFrameworkCore.SqlServer:6.0.4' with options: None
[2022-05-05 17:16:04.424 +05:30 INF] Executed DbCommand (14ms) [Parameters=[], CommandType='"Text"', CommandTimeout='30']
SELECT 1
[2022-05-05 17:16:04.447 +05:30 INF] Executed DbCommand (13ms) [Parameters=[], CommandType='"Text"', CommandTimeout='30']
SELECT OBJECT_ID(N'[__EFMigrationsHistory]');
[2022-05-05 17:16:04.450 +05:30 INF] Executed DbCommand (1ms) [Parameters=[], CommandType='"Text"', CommandTimeout='30']
SELECT 1
[2022-05-05 17:16:04.451 +05:30 INF] Executed DbCommand (0ms) [Parameters=[], CommandType='"Text"', CommandTimeout='30']
SELECT OBJECT_ID(N'[__EFMigrationsHistory]');
[2022-05-05 17:16:04.469 +05:30 INF] Executed DbCommand (1ms) [Parameters=[], CommandType='"Text"', CommandTimeout='30']
SELECT [MigrationId], [ProductVersion]
FROM [__EFMigrationsHistory]
ORDER BY [MigrationId];
[2022-05-05 17:16:04.483 +05:30 INF] Applying migration '20220505114213_UserMigration'.
[2022-05-05 17:16:04.535 +05:30 INF] Executed DbCommand (7ms) [Parameters=[], CommandType='"Text"', CommandTimeout='30']
DROP TABLE [admin];
[2022-05-05 17:16:04.537 +05:30 INF] Executed DbCommand (1ms) [Parameters=[], CommandType='"Text"', CommandTimeout='30']
DROP TABLE [designation];
[2022-05-05 17:16:04.539 +05:30 INF] Executed DbCommand (2ms) [Parameters=[], CommandType='"Text"', CommandTimeout='30']
DROP TABLE [hr];
[2022-05-05 17:16:04.541 +05:30 INF] Executed DbCommand (1ms) [Parameters=[], CommandType='"Text"', CommandTimeout='30']
DROP TABLE [organization];
[2022-05-05 17:16:04.542 +05:30 INF] Executed DbCommand (1ms) [Parameters=[], CommandType='"Text"', CommandTimeout='30']
DROP TABLE [reporting_person];
[2022-05-05 17:16:04.563 +05:30 ERR] Failed executing DbCommand (21ms) [Parameters=[], CommandType='"Text"', CommandTimeout='30']
DECLARE @var0 sysname;
SELECT @var0 = [d].[name]
FROM [sys].[default_constraints] [d]
INNER JOIN [sys].[columns] [c] ON [d].[parent_column_id] = [c].[column_id] AND [d].[parent_object_id] = [c].[object_id]
WHERE ([d].[parent_object_id] = OBJECT_ID(N'[users]') AND [c].[name] = N'Designation_Id');
IF @var0 IS NOT NULL EXEC(N'ALTER TABLE [users] DROP CONSTRAINT [' + @var0 + '];');
ALTER TABLE [users] DROP COLUMN [Designation_Id];
[2022-05-05 17:17:34.025 +05:30 INF] Entity Framework Core 6.0.4 initialized 'UserContext' using provider 'Microsoft.EntityFrameworkCore.SqlServer:6.0.4' with options: None
[2022-05-05 17:17:47.265 +05:30 INF] Entity Framework Core 6.0.4 initialized 'UserContext' using provider 'Microsoft.EntityFrameworkCore.SqlServer:6.0.4' with options: None
[2022-05-05 17:17:47.890 +05:30 INF] Executed DbCommand (329ms) [Parameters=[], CommandType='"Text"', CommandTimeout='60']
CREATE DATABASE [PMS];
[2022-05-05 17:17:47.966 +05:30 INF] Executed DbCommand (73ms) [Parameters=[], CommandType='"Text"', CommandTimeout='60']
IF SERVERPROPERTY('EngineEdition') <> 5
BEGIN
    ALTER DATABASE [PMS] SET READ_COMMITTED_SNAPSHOT ON;
END;
[2022-05-05 17:17:47.981 +05:30 INF] Executed DbCommand (6ms) [Parameters=[], CommandType='"Text"', CommandTimeout='30']
SELECT 1
[2022-05-05 17:17:48.072 +05:30 INF] Executed DbCommand (7ms) [Parameters=[], CommandType='"Text"', CommandTimeout='30']
CREATE TABLE [__EFMigrationsHistory] (
    [MigrationId] nvarchar(150) NOT NULL,
    [ProductVersion] nvarchar(32) NOT NULL,
    CONSTRAINT [PK___EFMigrationsHistory] PRIMARY KEY ([MigrationId])
);
[2022-05-05 17:17:48.073 +05:30 INF] Executed DbCommand (0ms) [Parameters=[], CommandType='"Text"', CommandTimeout='30']
SELECT 1
[2022-05-05 17:17:48.090 +05:30 INF] Executed DbCommand (12ms) [Parameters=[], CommandType='"Text"', CommandTimeout='30']
SELECT OBJECT_ID(N'[__EFMigrationsHistory]');
[2022-05-05 17:17:48.094 +05:30 INF] Executed DbCommand (2ms) [Parameters=[], CommandType='"Text"', CommandTimeout='30']
SELECT [MigrationId], [ProductVersion]
FROM [__EFMigrationsHistory]
ORDER BY [MigrationId];
[2022-05-05 17:17:48.108 +05:30 INF] Applying migration '20220503090553_changeduser'.
[2022-05-05 17:17:48.148 +05:30 INF] Executed DbCommand (2ms) [Parameters=[], CommandType='"Text"', CommandTimeout='30']
CREATE TABLE [admin] (
    [CreatedBy] nvarchar(max) NULL,
    [CreatedOn] datetime2 NOT NULL,
    [UpdatedBy] nvarchar(max) NULL,
    [UpdatedOn] datetime2 NOT NULL
);
[2022-05-05 17:17:48.149 +05:30 INF] Executed DbCommand (1ms) [Parameters=[], CommandType='"Text"', CommandTimeout='30']
CREATE TABLE [designation] (
    [CreatedBy] nvarchar(max) NULL,
    [CreatedOn] datetime2 NOT NULL,
    [UpdatedBy] nvarchar(max) NULL,
    [UpdatedOn] datetime2 NOT NULL
);
[2022-05-05 17:17:48.150 +05:30 INF] Executed DbCommand (1ms) [Parameters=[], CommandType='"Text"', CommandTimeout='30']
CREATE TABLE [hr] (
    [Admin_Id] nvarchar(max) NOT NULL,
    [CreatedBy] nvarchar(max) NULL,
    [CreatedOn] datetime2 NOT NULL,
    [UpdatedBy] nvarchar(max) NULL,
    [UpdatedOn] datetime2 NOT NULL
);
[2022-05-05 17:17:48.151 +05:30 INF] Executed DbCommand (1ms) [Parameters=[], CommandType='"Text"', CommandTimeout='30']
CREATE TABLE [organization] (
    [CreatedBy] nvarchar(max) NULL,
    [CreatedOn] datetime2 NOT NULL,
    [UpdatedBy] nvarchar(max) NULL,
    [UpdatedOn] datetime2 NOT NULL
);
[2022-05-05 17:17:48.152 +05:30 INF] Executed DbCommand (1ms) [Parameters=[], CommandType='"Text"', CommandTimeout='30']
CREATE TABLE [reporting_person] (
    [CreatedBy] nvarchar(max) NULL,
    [CreatedOn] datetime2 NOT NULL,
    [UpdatedBy] nvarchar(max) NULL,
    [UpdatedOn] datetime2 NOT NULL
);
[2022-05-05 17:17:48.154 +05:30 INF] Executed DbCommand (2ms) [Parameters=[], CommandType='"Text"', CommandTimeout='30']
CREATE TABLE [users] (
    [Id] int NOT NULL IDENTITY,
    [Name] nvarchar(max) NOT NULL,
    [Email] nvarchar(max) NOT NULL,
    [UserName] nvarchar(max) NOT NULL,
    [Password] nvarchar(max) NOT NULL,
    [Gender] nvarchar(max) NOT NULL,
    [MobileNo] bigint NOT NULL,
    [Organization_Id] nvarchar(max) NOT NULL,
    [Designation_Id] nvarchar(max) NOT NULL,
    [Reporting_Person_Id] nvarchar(max) NOT NULL,
    [HR_Id] nvarchar(max) NOT NULL,
    [IsActive] bit NOT NULL,
    [CreatedBy] nvarchar(max) NULL,
    [CreatedOn] datetime2 NOT NULL,
    [UpdatedBy] nvarchar(max) NULL,
    [UpdatedOn] datetime2 NOT NULL,
    CONSTRAINT [PK_users] PRIMARY KEY ([Id])
);
[2022-05-05 17:17:48.156 +05:30 INF] Executed DbCommand (2ms) [Parameters=[], CommandType='"Text"', CommandTimeout='30']
INSERT INTO [__EFMigrationsHistory] ([MigrationId], [ProductVersion])
VALUES (N'20220503090553_changeduser', N'6.0.4');
[2022-05-05 17:17:48.163 +05:30 INF] Applying migration '20220505103349_Foreignkeys'.
[2022-05-05 17:17:48.169 +05:30 INF] Executed DbCommand (0ms) [Parameters=[], CommandType='"Text"', CommandTimeout='30']
INSERT INTO [__EFMigrationsHistory] ([MigrationId], [ProductVersion])
VALUES (N'20220505103349_Foreignkeys', N'6.0.4');
[2022-05-05 17:17:48.169 +05:30 INF] Applying migration '20220505114213_UserMigration'.
[2022-05-05 17:17:48.179 +05:30 INF] Executed DbCommand (2ms) [Parameters=[], CommandType='"Text"', CommandTimeout='30']
DROP TABLE [admin];
[2022-05-05 17:17:48.180 +05:30 INF] Executed DbCommand (1ms) [Parameters=[], CommandType='"Text"', CommandTimeout='30']
DROP TABLE [designation];
[2022-05-05 17:17:48.181 +05:30 INF] Executed DbCommand (1ms) [Parameters=[], CommandType='"Text"', CommandTimeout='30']
DROP TABLE [hr];
[2022-05-05 17:17:48.182 +05:30 INF] Executed DbCommand (1ms) [Parameters=[], CommandType='"Text"', CommandTimeout='30']
DROP TABLE [organization];
[2022-05-05 17:17:48.183 +05:30 INF] Executed DbCommand (1ms) [Parameters=[], CommandType='"Text"', CommandTimeout='30']
DROP TABLE [reporting_person];
[2022-05-05 17:17:48.237 +05:30 INF] Executed DbCommand (53ms) [Parameters=[], CommandType='"Text"', CommandTimeout='30']
DECLARE @var0 sysname;
SELECT @var0 = [d].[name]
FROM [sys].[default_constraints] [d]
INNER JOIN [sys].[columns] [c] ON [d].[parent_column_id] = [c].[column_id] AND [d].[parent_object_id] = [c].[object_id]
WHERE ([d].[parent_object_id] = OBJECT_ID(N'[users]') AND [c].[name] = N'Designation_Id');
IF @var0 IS NOT NULL EXEC(N'ALTER TABLE [users] DROP CONSTRAINT [' + @var0 + '];');
ALTER TABLE [users] DROP COLUMN [Designation_Id];
[2022-05-05 17:17:48.364 +05:30 INF] Executed DbCommand (127ms) [Parameters=[], CommandType='"Text"', CommandTimeout='30']
EXEC sp_rename N'[users].[Reporting_Person_Id]', N'Reporting_Person', N'COLUMN';
[2022-05-05 17:17:48.365 +05:30 INF] Executed DbCommand (1ms) [Parameters=[], CommandType='"Text"', CommandTimeout='30']
EXEC sp_rename N'[users].[Organization_Id]', N'Organization', N'COLUMN';
[2022-05-05 17:17:48.366 +05:30 INF] Executed DbCommand (1ms) [Parameters=[], CommandType='"Text"', CommandTimeout='30']
EXEC sp_rename N'[users].[HR_Id]', N'Designation', N'COLUMN';
[2022-05-05 17:17:48.366 +05:30 INF] Executed DbCommand (0ms) [Parameters=[], CommandType='"Text"', CommandTimeout='30']
INSERT INTO [__EFMigrationsHistory] ([MigrationId], [ProductVersion])
VALUES (N'20220505114213_UserMigration', N'6.0.4');
[2022-05-05 17:17:48.367 +05:30 INF] Applying migration '20220505114546_UserMigrations'.
[2022-05-05 17:17:48.371 +05:30 INF] Executed DbCommand (1ms) [Parameters=[], CommandType='"Text"', CommandTimeout='30']
INSERT INTO [__EFMigrationsHistory] ([MigrationId], [ProductVersion])
VALUES (N'20220505114546_UserMigrations', N'6.0.4');
[2022-05-05 17:17:48.372 +05:30 INF] Applying migration '20220505114734_UserCreation'.
[2022-05-05 17:17:48.376 +05:30 INF] Executed DbCommand (1ms) [Parameters=[], CommandType='"Text"', CommandTimeout='30']
INSERT INTO [__EFMigrationsHistory] ([MigrationId], [ProductVersion])
VALUES (N'20220505114734_UserCreation', N'6.0.4');
[2022-05-05 17:18:15.833 +05:30 INF] Now listening on: https://localhost:7024
[2022-05-05 17:18:15.857 +05:30 INF] Now listening on: http://localhost:5018
[2022-05-05 17:18:15.860 +05:30 INF] Application started. Press Ctrl+C to shut down.
[2022-05-05 17:18:15.860 +05:30 INF] Hosting environment: Development
[2022-05-05 17:18:15.860 +05:30 INF] Content root path: D:\PMS.API\
[2022-05-05 17:18:23.984 +05:30 INF] Request starting HTTP/2 GET https://localhost:7024/User/Getuser?id=4 - -
[2022-05-05 17:18:24.071 +05:30 INF] Request:
Protocol: HTTP/2
Method: GET
Scheme: https
PathBase: 
Path: /User/Getuser
Accept: text/html,application/xhtml+xml,application/xml;q=0.9,image/avif,image/webp,image/apng,*/*;q=0.8,application/signed-exchange;v=b3;q=0.9
Host: localhost:7024
User-Agent: Mozilla/5.0 (Windows NT 10.0; Win64; x64) AppleWebKit/537.36 (KHTML, like Gecko) Chrome/100.0.4896.75 Safari/537.36
:method: [Redacted]
Accept-Encoding: gzip, deflate, br
Accept-Language: en-US,en;q=0.9
Upgrade-Insecure-Requests: [Redacted]
sec-ch-ua: [Redacted]
sec-ch-ua-mobile: [Redacted]
sec-ch-ua-platform: [Redacted]
sec-fetch-site: [Redacted]
sec-fetch-mode: [Redacted]
sec-fetch-user: [Redacted]
sec-fetch-dest: [Redacted]
[2022-05-05 17:18:24.078 +05:30 INF] Executing endpoint 'PMS.API.UserController.Getuser (PMS.API)'
[2022-05-05 17:18:24.100 +05:30 INF] Route matched with {action = "Getuser", controller = "User"}. Executing controller action with signature Microsoft.AspNetCore.Mvc.IActionResult Getuser(Int32) on controller PMS.API.UserController (PMS.API).
[2022-05-05 17:18:24.193 +05:30 INF] Executing BadRequestObjectResult, writing value of type 'System.String'.
[2022-05-05 17:18:24.194 +05:30 INF] Response:
StatusCode: 400
Content-Type: text/plain; charset=utf-8
[2022-05-05 17:18:24.201 +05:30 INF] Executed action PMS.API.UserController.Getuser (PMS.API) in 96.595ms
[2022-05-05 17:18:24.202 +05:30 INF] Executed endpoint 'PMS.API.UserController.Getuser (PMS.API)'
[2022-05-05 17:18:24.204 +05:30 INF] ResponseBody: ID is not an zero
[2022-05-05 17:18:24.206 +05:30 INF] Request finished HTTP/2 GET https://localhost:7024/User/Getuser?id=4 - - - 400 - text/plain;+charset=utf-8 226.1609ms
[2022-05-05 17:18:24.263 +05:30 INF] Request starting HTTP/2 GET https://localhost:7024/favicon.ico - -
[2022-05-05 17:18:24.264 +05:30 INF] Request:
Protocol: HTTP/2
Method: GET
Scheme: https
PathBase: 
Path: /favicon.ico
Accept: image/avif,image/webp,image/apng,image/svg+xml,image/*,*/*;q=0.8
Host: localhost:7024
User-Agent: Mozilla/5.0 (Windows NT 10.0; Win64; x64) AppleWebKit/537.36 (KHTML, like Gecko) Chrome/100.0.4896.75 Safari/537.36
:method: [Redacted]
Accept-Encoding: gzip, deflate, br
Accept-Language: en-US,en;q=0.9
Referer: [Redacted]
sec-ch-ua: [Redacted]
sec-ch-ua-mobile: [Redacted]
sec-ch-ua-platform: [Redacted]
sec-fetch-site: [Redacted]
sec-fetch-mode: [Redacted]
sec-fetch-dest: [Redacted]
[2022-05-05 17:18:24.265 +05:30 INF] Response:
StatusCode: 404
[2022-05-05 17:18:24.265 +05:30 INF] Request finished HTTP/2 GET https://localhost:7024/favicon.ico - - - 404 0 - 1.6480ms
[2022-05-05 17:18:29.815 +05:30 INF] Request starting HTTP/2 GET https://localhost:7024/ - -
[2022-05-05 17:18:29.816 +05:30 INF] Request:
Protocol: HTTP/2
Method: GET
Scheme: https
PathBase: 
Path: /
Accept: text/html,application/xhtml+xml,application/xml;q=0.9,image/avif,image/webp,image/apng,*/*;q=0.8,application/signed-exchange;v=b3;q=0.9
Host: localhost:7024
User-Agent: Mozilla/5.0 (Windows NT 10.0; Win64; x64) AppleWebKit/537.36 (KHTML, like Gecko) Chrome/100.0.4896.75 Safari/537.36
:method: [Redacted]
Accept-Encoding: gzip, deflate, br
Accept-Language: en-US,en;q=0.9
Upgrade-Insecure-Requests: [Redacted]
sec-ch-ua: [Redacted]
sec-ch-ua-mobile: [Redacted]
sec-ch-ua-platform: [Redacted]
sec-fetch-site: [Redacted]
sec-fetch-mode: [Redacted]
sec-fetch-user: [Redacted]
sec-fetch-dest: [Redacted]
[2022-05-05 17:18:29.816 +05:30 INF] Response:
StatusCode: 404
[2022-05-05 17:18:29.816 +05:30 INF] Request finished HTTP/2 GET https://localhost:7024/ - - - 404 0 - 0.8876ms
[2022-05-05 17:18:33.917 +05:30 INF] Request starting HTTP/2 GET https://localhost:7024/swagger - -
[2022-05-05 17:18:33.918 +05:30 INF] Request finished HTTP/2 GET https://localhost:7024/swagger - - - 301 0 - 0.7606ms
[2022-05-05 17:18:33.919 +05:30 INF] Request starting HTTP/2 GET https://localhost:7024/swagger/index.html - -
[2022-05-05 17:18:33.967 +05:30 INF] Request finished HTTP/2 GET https://localhost:7024/swagger/index.html - - - 200 - text/html;charset=utf-8 47.0625ms
[2022-05-05 17:18:33.979 +05:30 INF] Request starting HTTP/2 GET https://localhost:7024/swagger/swagger-ui.css - -
[2022-05-05 17:18:33.979 +05:30 INF] Request starting HTTP/2 GET https://localhost:7024/swagger/swagger-ui-bundle.js - -
[2022-05-05 17:18:33.982 +05:30 INF] Request starting HTTP/2 GET https://localhost:7024/swagger/swagger-ui-standalone-preset.js - -
[2022-05-05 17:18:33.997 +05:30 INF] Sending file. Request path: '/swagger-ui-standalone-preset.js'. Physical path: 'N/A'
[2022-05-05 17:18:33.997 +05:30 INF] Sending file. Request path: '/swagger-ui.css'. Physical path: 'N/A'
[2022-05-05 17:18:33.998 +05:30 INF] Request finished HTTP/2 GET https://localhost:7024/swagger/swagger-ui.css - - - 200 143632 text/css 18.9099ms
[2022-05-05 17:18:33.998 +05:30 INF] Request finished HTTP/2 GET https://localhost:7024/swagger/swagger-ui-standalone-preset.js - - - 200 337162 application/javascript 16.6498ms
[2022-05-05 17:18:33.999 +05:30 INF] Sending file. Request path: '/swagger-ui-bundle.js'. Physical path: 'N/A'
[2022-05-05 17:18:33.999 +05:30 INF] Request finished HTTP/2 GET https://localhost:7024/swagger/swagger-ui-bundle.js - - - 200 1092889 application/javascript 19.7963ms
[2022-05-05 17:18:35.258 +05:30 INF] Request starting HTTP/2 GET https://localhost:7024/swagger - -
[2022-05-05 17:18:35.258 +05:30 INF] Request finished HTTP/2 GET https://localhost:7024/swagger - - - 301 0 - 0.2075ms
[2022-05-05 17:18:35.262 +05:30 INF] Request starting HTTP/2 GET https://localhost:7024/swagger/index.html - -
[2022-05-05 17:18:35.264 +05:30 INF] Request finished HTTP/2 GET https://localhost:7024/swagger/index.html - - - 200 - text/html;charset=utf-8 1.6678ms
[2022-05-05 17:18:35.303 +05:30 INF] Request starting HTTP/2 GET https://localhost:7024/swagger/swagger-ui-bundle.js - -
[2022-05-05 17:18:35.303 +05:30 INF] Request starting HTTP/2 GET https://localhost:7024/swagger/swagger-ui.css - -
[2022-05-05 17:18:35.303 +05:30 INF] Request starting HTTP/2 GET https://localhost:7024/swagger/swagger-ui-standalone-preset.js - -
[2022-05-05 17:18:35.307 +05:30 INF] Sending file. Request path: '/swagger-ui.css'. Physical path: 'N/A'
[2022-05-05 17:18:35.307 +05:30 INF] Request finished HTTP/2 GET https://localhost:7024/swagger/swagger-ui.css - - - 200 143632 text/css 4.2310ms
[2022-05-05 17:18:35.309 +05:30 INF] Sending file. Request path: '/swagger-ui-standalone-preset.js'. Physical path: 'N/A'
[2022-05-05 17:18:35.309 +05:30 INF] Request finished HTTP/2 GET https://localhost:7024/swagger/swagger-ui-standalone-preset.js - - - 200 337162 application/javascript 6.3199ms
[2022-05-05 17:18:35.314 +05:30 INF] Sending file. Request path: '/swagger-ui-bundle.js'. Physical path: 'N/A'
[2022-05-05 17:18:35.314 +05:30 INF] Request finished HTTP/2 GET https://localhost:7024/swagger/swagger-ui-bundle.js - - - 200 1092889 application/javascript 11.1993ms
[2022-05-05 17:18:35.525 +05:30 INF] Request starting HTTP/2 GET https://localhost:7024/swagger/v1/swagger.json - -
[2022-05-05 17:18:35.625 +05:30 INF] Request finished HTTP/2 GET https://localhost:7024/swagger/v1/swagger.json - - - 200 - application/json;charset=utf-8 99.2254ms
[2022-05-05 17:18:37.239 +05:30 INF] Request starting HTTP/2 GET https://localhost:7024/swagger/index.html - -
[2022-05-05 17:18:37.240 +05:30 INF] Request finished HTTP/2 GET https://localhost:7024/swagger/index.html - - - 200 - text/html;charset=utf-8 0.7592ms
[2022-05-05 17:18:37.341 +05:30 INF] Request starting HTTP/2 GET https://localhost:7024/swagger/v1/swagger.json - -
[2022-05-05 17:18:37.345 +05:30 INF] Request finished HTTP/2 GET https://localhost:7024/swagger/v1/swagger.json - - - 200 - application/json;charset=utf-8 4.6092ms
[2022-05-05 17:18:37.346 +05:30 INF] Request starting HTTP/2 GET https://localhost:7024/swagger/favicon-32x32.png - -
[2022-05-05 17:18:37.346 +05:30 INF] Sending file. Request path: '/favicon-32x32.png'. Physical path: 'N/A'
[2022-05-05 17:18:37.347 +05:30 INF] Request finished HTTP/2 GET https://localhost:7024/swagger/favicon-32x32.png - - - 200 628 image/png 0.7682ms
[2022-05-05 19:08:28.956 +05:30 INF] Application is shutting down...
[2022-05-05 19:08:42.138 +05:30 INF] Now listening on: https://localhost:7024
[2022-05-05 19:08:42.162 +05:30 INF] Now listening on: http://localhost:5018
[2022-05-05 19:08:42.165 +05:30 INF] Application started. Press Ctrl+C to shut down.
[2022-05-05 19:08:42.166 +05:30 INF] Hosting environment: Development
[2022-05-05 19:08:42.166 +05:30 INF] Content root path: D:\PMS.API\
[2022-05-05 19:08:44.402 +05:30 INF] Request starting HTTP/2 GET https://localhost:7024/swagger/index.html - -
[2022-05-05 19:08:44.506 +05:30 INF] Request finished HTTP/2 GET https://localhost:7024/swagger/index.html - - - 200 - text/html;charset=utf-8 107.9370ms
[2022-05-05 19:08:44.746 +05:30 INF] Request starting HTTP/2 GET https://localhost:7024/swagger/v1/swagger.json - -
[2022-05-05 19:08:44.747 +05:30 INF] Request starting HTTP/2 GET https://localhost:7024/swagger/favicon-32x32.png - -
[2022-05-05 19:08:44.764 +05:30 INF] Sending file. Request path: '/favicon-32x32.png'. Physical path: 'N/A'
[2022-05-05 19:08:44.765 +05:30 INF] Request finished HTTP/2 GET https://localhost:7024/swagger/favicon-32x32.png - - - 200 628 image/png 17.6309ms
[2022-05-05 19:08:44.840 +05:30 INF] Request finished HTTP/2 GET https://localhost:7024/swagger/v1/swagger.json - - - 200 - application/json;charset=utf-8 93.7843ms
[2022-05-05 19:08:49.034 +05:30 INF] Request starting HTTP/2 GET https://localhost:7024/User/Getallusers - -
[2022-05-05 19:08:49.045 +05:30 INF] Request:
Protocol: HTTP/2
Method: GET
Scheme: https
PathBase: 
Path: /User/Getallusers
Accept: */*
Host: localhost:7024
User-Agent: Mozilla/5.0 (Windows NT 10.0; Win64; x64) AppleWebKit/537.36 (KHTML, like Gecko) Chrome/100.0.4896.75 Safari/537.36
:method: [Redacted]
Accept-Encoding: gzip, deflate, br
Accept-Language: en-US,en;q=0.9
Referer: [Redacted]
sec-ch-ua: [Redacted]
sec-ch-ua-mobile: [Redacted]
sec-ch-ua-platform: [Redacted]
sec-fetch-site: [Redacted]
sec-fetch-mode: [Redacted]
sec-fetch-dest: [Redacted]
[2022-05-05 19:08:49.048 +05:30 INF] Executing endpoint 'PMS.API.UserController.Getallusers (PMS.API)'
[2022-05-05 19:08:49.057 +05:30 INF] Route matched with {action = "Getallusers", controller = "User"}. Executing controller action with signature Microsoft.AspNetCore.Mvc.IActionResult Getallusers() on controller PMS.API.UserController (PMS.API).
[2022-05-05 19:08:50.135 +05:30 INF] Executing OkObjectResult, writing value of type 'System.Linq.Enumerable+WhereListIterator`1[[PMS.API.User, PMS.API, Version=1.0.0.0, Culture=neutral, PublicKeyToken=null]]'.
[2022-05-05 19:08:50.140 +05:30 INF] Response:
StatusCode: 200
Content-Type: application/json; charset=utf-8
[2022-05-05 19:08:50.146 +05:30 INF] Executed action PMS.API.UserController.Getallusers (PMS.API) in 1083.2208ms
[2022-05-05 19:08:50.146 +05:30 INF] Executed endpoint 'PMS.API.UserController.Getallusers (PMS.API)'
[2022-05-05 19:08:50.147 +05:30 INF] ResponseBody: []
[2022-05-05 19:08:50.147 +05:30 INF] Request finished HTTP/2 GET https://localhost:7024/User/Getallusers - - - 200 - application/json;+charset=utf-8 1113.2814ms
[2022-05-05 19:10:18.852 +05:30 INF] Request starting HTTP/2 POST https://localhost:7024/User/AddUser application/json 405
[2022-05-05 19:10:18.855 +05:30 INF] Request:
Protocol: HTTP/2
Method: POST
Scheme: https
PathBase: 
Path: /User/AddUser
Accept: */*
Host: localhost:7024
User-Agent: Mozilla/5.0 (Windows NT 10.0; Win64; x64) AppleWebKit/537.36 (KHTML, like Gecko) Chrome/100.0.4896.75 Safari/537.36
:method: [Redacted]
Accept-Encoding: gzip, deflate, br
Accept-Language: en-US,en;q=0.9
Content-Type: application/json
Origin: [Redacted]
Referer: [Redacted]
Content-Length: 405
sec-ch-ua: [Redacted]
sec-ch-ua-mobile: [Redacted]
sec-ch-ua-platform: [Redacted]
sec-fetch-site: [Redacted]
sec-fetch-mode: [Redacted]
sec-fetch-dest: [Redacted]
[2022-05-05 19:10:18.855 +05:30 INF] Executing endpoint 'PMS.API.UserController.AddUser (PMS.API)'
[2022-05-05 19:10:18.869 +05:30 INF] Route matched with {action = "AddUser", controller = "User"}. Executing controller action with signature Microsoft.AspNetCore.Mvc.IActionResult AddUser(PMS.API.User) on controller PMS.API.UserController (PMS.API).
[2022-05-05 19:10:18.881 +05:30 INF] RequestBody: {
  "id": 0,
  "name": "Mahi",
  "email": "mahi@gmail.com",
  "userName": "mahi.ram",
  "password": "964587123",
  "gender": "Male",
  "mobileNo": 6303363863,
  "organization": "Development",
  "designation": "SSE",
  "reporting_Person": "Brindha",
  "isActive": true,
  "createdBy": "string",
  "createdOn": "2022-05-05T13:38:54.203Z",
  "updatedBy": "string",
  "updatedOn": "2022-05-05T13:38:54.203Z"
}
[2022-05-05 19:10:19.106 +05:30 INF] Executing OkObjectResult, writing value of type 'System.String'.
[2022-05-05 19:10:19.106 +05:30 INF] Response:
StatusCode: 200
Content-Type: text/plain; charset=utf-8
[2022-05-05 19:10:19.106 +05:30 INF] Executed action PMS.API.UserController.AddUser (PMS.API) in 236.6879ms
[2022-05-05 19:10:19.106 +05:30 INF] Executed endpoint 'PMS.API.UserController.AddUser (PMS.API)'
[2022-05-05 19:10:19.106 +05:30 INF] ResponseBody: User Added
[2022-05-05 19:10:19.106 +05:30 INF] Request finished HTTP/2 POST https://localhost:7024/User/AddUser application/json 405 - 200 - text/plain;+charset=utf-8 254.3041ms
[2022-05-05 19:10:24.633 +05:30 INF] Request starting HTTP/2 GET https://localhost:7024/User/Getallusers - -
[2022-05-05 19:10:24.633 +05:30 INF] Request:
Protocol: HTTP/2
Method: GET
Scheme: https
PathBase: 
Path: /User/Getallusers
Accept: */*
Host: localhost:7024
User-Agent: Mozilla/5.0 (Windows NT 10.0; Win64; x64) AppleWebKit/537.36 (KHTML, like Gecko) Chrome/100.0.4896.75 Safari/537.36
:method: [Redacted]
Accept-Encoding: gzip, deflate, br
Accept-Language: en-US,en;q=0.9
Referer: [Redacted]
sec-ch-ua: [Redacted]
sec-ch-ua-mobile: [Redacted]
sec-ch-ua-platform: [Redacted]
sec-fetch-site: [Redacted]
sec-fetch-mode: [Redacted]
sec-fetch-dest: [Redacted]
[2022-05-05 19:10:24.633 +05:30 INF] Executing endpoint 'PMS.API.UserController.Getallusers (PMS.API)'
[2022-05-05 19:10:24.633 +05:30 INF] Route matched with {action = "Getallusers", controller = "User"}. Executing controller action with signature Microsoft.AspNetCore.Mvc.IActionResult Getallusers() on controller PMS.API.UserController (PMS.API).
[2022-05-05 19:10:24.703 +05:30 INF] Executing OkObjectResult, writing value of type 'System.Linq.Enumerable+WhereListIterator`1[[PMS.API.User, PMS.API, Version=1.0.0.0, Culture=neutral, PublicKeyToken=null]]'.
[2022-05-05 19:10:24.706 +05:30 INF] Response:
StatusCode: 200
Content-Type: application/json; charset=utf-8
[2022-05-05 19:10:24.706 +05:30 INF] Executed action PMS.API.UserController.Getallusers (PMS.API) in 72.8077ms
[2022-05-05 19:10:24.706 +05:30 INF] Executed endpoint 'PMS.API.UserController.Getallusers (PMS.API)'
[2022-05-05 19:10:24.706 +05:30 INF] ResponseBody: [{"id":1,"name":"Mahi","email":"mahi@gmail.com","userName":"mahi.ram","password":"964587123","gender":"Male","mobileNo":6303363863,"organization":"Development","designation":"SSE","reporting_Person":"Brindha","isActive":true,"createdBy":"Testing","createdOn":"2022-05-05T19:10:18.8943565","updatedBy":"string","updatedOn":"2022-05-05T13:38:54.203"}]
[2022-05-05 19:10:24.706 +05:30 INF] Request finished HTTP/2 GET https://localhost:7024/User/Getallusers - - - 200 - application/json;+charset=utf-8 73.5904ms
[2022-05-05 19:15:05.010 +05:30 INF] Request starting HTTP/2 GET https://localhost:7024/User/Getuser?id=1 - -
[2022-05-05 19:15:05.010 +05:30 INF] Request:
Protocol: HTTP/2
Method: GET
Scheme: https
PathBase: 
Path: /User/Getuser
Accept: */*
Host: localhost:7024
User-Agent: Mozilla/5.0 (Windows NT 10.0; Win64; x64) AppleWebKit/537.36 (KHTML, like Gecko) Chrome/100.0.4896.75 Safari/537.36
:method: [Redacted]
Accept-Encoding: gzip, deflate, br
Accept-Language: en-US,en;q=0.9
Referer: [Redacted]
sec-ch-ua: [Redacted]
sec-ch-ua-mobile: [Redacted]
sec-ch-ua-platform: [Redacted]
sec-fetch-site: [Redacted]
sec-fetch-mode: [Redacted]
sec-fetch-dest: [Redacted]
[2022-05-05 19:15:05.010 +05:30 INF] Executing endpoint 'PMS.API.UserController.Getuser (PMS.API)'
[2022-05-05 19:15:05.012 +05:30 INF] Route matched with {action = "Getuser", controller = "User"}. Executing controller action with signature Microsoft.AspNetCore.Mvc.IActionResult Getuser(Int32) on controller PMS.API.UserController (PMS.API).
[2022-05-05 19:15:05.092 +05:30 INF] Executing OkObjectResult, writing value of type 'PMS.API.User'.
[2022-05-05 19:15:05.092 +05:30 INF] Response:
StatusCode: 200
Content-Type: application/json; charset=utf-8
[2022-05-05 19:15:05.092 +05:30 INF] Executed action PMS.API.UserController.Getuser (PMS.API) in 80.3436ms
[2022-05-05 19:15:05.092 +05:30 INF] Executed endpoint 'PMS.API.UserController.Getuser (PMS.API)'
[2022-05-05 19:15:05.092 +05:30 INF] ResponseBody: {"id":1,"name":"Mahi","email":"mahi@gmail.com","userName":"mahi.ram","password":"964587123","gender":"Male","mobileNo":6303363863,"organization":"Development","designation":"SSE","reporting_Person":"Brindha","isActive":true,"createdBy":"Testing","createdOn":"2022-05-05T19:10:18.8943565","updatedBy":"string","updatedOn":"2022-05-05T13:38:54.203"}
[2022-05-05 19:15:05.093 +05:30 INF] Request finished HTTP/2 GET https://localhost:7024/User/Getuser?id=1 - - - 200 - application/json;+charset=utf-8 83.1984ms
[2022-05-05 19:17:16.500 +05:30 INF] Request starting HTTP/2 POST https://localhost:7024/User/AddUser application/json 409
[2022-05-05 19:17:16.500 +05:30 INF] Request:
Protocol: HTTP/2
Method: POST
Scheme: https
PathBase: 
Path: /User/AddUser
Accept: */*
Host: localhost:7024
User-Agent: Mozilla/5.0 (Windows NT 10.0; Win64; x64) AppleWebKit/537.36 (KHTML, like Gecko) Chrome/100.0.4896.75 Safari/537.36
:method: [Redacted]
Accept-Encoding: gzip, deflate, br
Accept-Language: en-US,en;q=0.9
Content-Type: application/json
Origin: [Redacted]
Referer: [Redacted]
Content-Length: 409
sec-ch-ua: [Redacted]
sec-ch-ua-mobile: [Redacted]
sec-ch-ua-platform: [Redacted]
sec-fetch-site: [Redacted]
sec-fetch-mode: [Redacted]
sec-fetch-dest: [Redacted]
[2022-05-05 19:17:16.500 +05:30 INF] Executing endpoint 'PMS.API.UserController.AddUser (PMS.API)'
[2022-05-05 19:17:16.500 +05:30 INF] Route matched with {action = "AddUser", controller = "User"}. Executing controller action with signature Microsoft.AspNetCore.Mvc.IActionResult AddUser(PMS.API.User) on controller PMS.API.UserController (PMS.API).
[2022-05-05 19:17:16.501 +05:30 INF] RequestBody: {
  "id": 0,
  "name": "Kishore",
  "email": "ksihore@gmail.com",
  "userName": "kishore.ram",
  "password": "94545441",
  "gender": "Male",
  "mobileNo": 630363863,
  "organization": "Development",
  "designation": "SE",
  "reporting_Person": "Yoga",
  "isActive": false,
  "createdBy": "string",
  "createdOn": "2022-05-05T13:45:29.035Z",
  "updatedBy": "string",
  "updatedOn": "2022-05-05T13:45:29.035Z"
}
[2022-05-05 19:17:16.517 +05:30 INF] Executing OkObjectResult, writing value of type 'System.String'.
[2022-05-05 19:17:16.517 +05:30 INF] Response:
StatusCode: 200
Content-Type: text/plain; charset=utf-8
[2022-05-05 19:17:16.518 +05:30 INF] Executed action PMS.API.UserController.AddUser (PMS.API) in 17.4705ms
[2022-05-05 19:17:16.518 +05:30 INF] Executed endpoint 'PMS.API.UserController.AddUser (PMS.API)'
[2022-05-05 19:17:16.518 +05:30 INF] ResponseBody: User Added
[2022-05-05 19:17:16.518 +05:30 INF] Request finished HTTP/2 POST https://localhost:7024/User/AddUser application/json 409 - 200 - text/plain;+charset=utf-8 18.3179ms
[2022-05-05 19:17:27.952 +05:30 INF] Request starting HTTP/2 GET https://localhost:7024/User/Getallusers - -
[2022-05-05 19:17:27.952 +05:30 INF] Request:
Protocol: HTTP/2
Method: GET
Scheme: https
PathBase: 
Path: /User/Getallusers
Accept: */*
Host: localhost:7024
User-Agent: Mozilla/5.0 (Windows NT 10.0; Win64; x64) AppleWebKit/537.36 (KHTML, like Gecko) Chrome/100.0.4896.75 Safari/537.36
:method: [Redacted]
Accept-Encoding: gzip, deflate, br
Accept-Language: en-US,en;q=0.9
Referer: [Redacted]
sec-ch-ua: [Redacted]
sec-ch-ua-mobile: [Redacted]
sec-ch-ua-platform: [Redacted]
sec-fetch-site: [Redacted]
sec-fetch-mode: [Redacted]
sec-fetch-dest: [Redacted]
[2022-05-05 19:17:27.952 +05:30 INF] Executing endpoint 'PMS.API.UserController.Getallusers (PMS.API)'
[2022-05-05 19:17:27.952 +05:30 INF] Route matched with {action = "Getallusers", controller = "User"}. Executing controller action with signature Microsoft.AspNetCore.Mvc.IActionResult Getallusers() on controller PMS.API.UserController (PMS.API).
[2022-05-05 19:17:27.954 +05:30 INF] Executing OkObjectResult, writing value of type 'System.Linq.Enumerable+WhereListIterator`1[[PMS.API.User, PMS.API, Version=1.0.0.0, Culture=neutral, PublicKeyToken=null]]'.
[2022-05-05 19:17:27.954 +05:30 INF] Response:
StatusCode: 200
Content-Type: application/json; charset=utf-8
[2022-05-05 19:17:27.954 +05:30 INF] Executed action PMS.API.UserController.Getallusers (PMS.API) in 1.9058ms
[2022-05-05 19:17:27.954 +05:30 INF] Executed endpoint 'PMS.API.UserController.Getallusers (PMS.API)'
[2022-05-05 19:17:27.954 +05:30 INF] ResponseBody: [{"id":1,"name":"Mahi","email":"mahi@gmail.com","userName":"mahi.ram","password":"964587123","gender":"Male","mobileNo":6303363863,"organization":"Development","designation":"SSE","reporting_Person":"Brindha","isActive":true,"createdBy":"Testing","createdOn":"2022-05-05T19:10:18.8943565","updatedBy":"string","updatedOn":"2022-05-05T13:38:54.203"}]
[2022-05-05 19:17:27.955 +05:30 INF] Request finished HTTP/2 GET https://localhost:7024/User/Getallusers - - - 200 - application/json;+charset=utf-8 3.0049ms
[2022-05-05 19:28:51.143 +05:30 INF] Request starting HTTP/2 PUT https://localhost:7024/User/UpdateUser?id=2 application/json 408
[2022-05-05 19:28:51.144 +05:30 INF] Request:
Protocol: HTTP/2
Method: PUT
Scheme: https
PathBase: 
Path: /User/UpdateUser
Accept: */*
Host: localhost:7024
User-Agent: Mozilla/5.0 (Windows NT 10.0; Win64; x64) AppleWebKit/537.36 (KHTML, like Gecko) Chrome/100.0.4896.75 Safari/537.36
Accept-Encoding: gzip, deflate, br
Accept-Language: en-US,en;q=0.9
Content-Type: application/json
Origin: [Redacted]
Referer: [Redacted]
Content-Length: 408
sec-ch-ua: [Redacted]
sec-ch-ua-mobile: [Redacted]
sec-ch-ua-platform: [Redacted]
sec-fetch-site: [Redacted]
sec-fetch-mode: [Redacted]
sec-fetch-dest: [Redacted]
[2022-05-05 19:28:51.144 +05:30 INF] Executing endpoint 'PMS.API.UserController.UpdateUser (PMS.API)'
[2022-05-05 19:28:51.145 +05:30 INF] Route matched with {action = "UpdateUser", controller = "User"}. Executing controller action with signature Microsoft.AspNetCore.Mvc.IActionResult UpdateUser(PMS.API.User, Int32) on controller PMS.API.UserController (PMS.API).
[2022-05-05 19:28:51.145 +05:30 INF] RequestBody: {
  "id": 2,
  "name": "Kishore",
  "email": "ksihore@gmail.com",
  "userName": "kishore.ram",
  "password": "94545441",
  "gender": "Male",
  "mobileNo": 630363863,
  "organization": "Development",
  "designation": "SE",
  "reporting_Person": "Yoga",
  "isActive": true,
  "createdBy": "string",
  "createdOn": "2022-05-05T13:45:29.035Z",
  "updatedBy": "string",
  "updatedOn": "2022-05-05T13:45:29.035Z"
}
[2022-05-05 19:28:51.243 +05:30 INF] Executing OkObjectResult, writing value of type 'System.String'.
[2022-05-05 19:28:51.243 +05:30 INF] Response:
StatusCode: 200
Content-Type: text/plain; charset=utf-8
[2022-05-05 19:28:51.243 +05:30 INF] Executed action PMS.API.UserController.UpdateUser (PMS.API) in 98.3178ms
[2022-05-05 19:28:51.243 +05:30 INF] Executed endpoint 'PMS.API.UserController.UpdateUser (PMS.API)'
[2022-05-05 19:28:51.243 +05:30 INF] ResponseBody: User Updated
[2022-05-05 19:28:51.243 +05:30 INF] Request finished HTTP/2 PUT https://localhost:7024/User/UpdateUser?id=2 application/json 408 - 200 - text/plain;+charset=utf-8 99.9659ms
[2022-05-05 19:28:58.037 +05:30 INF] Request starting HTTP/2 GET https://localhost:7024/User/Getallusers - -
[2022-05-05 19:28:58.038 +05:30 INF] Request:
Protocol: HTTP/2
Method: GET
Scheme: https
PathBase: 
Path: /User/Getallusers
Accept: */*
Host: localhost:7024
User-Agent: Mozilla/5.0 (Windows NT 10.0; Win64; x64) AppleWebKit/537.36 (KHTML, like Gecko) Chrome/100.0.4896.75 Safari/537.36
:method: [Redacted]
Accept-Encoding: gzip, deflate, br
Accept-Language: en-US,en;q=0.9
Referer: [Redacted]
sec-ch-ua: [Redacted]
sec-ch-ua-mobile: [Redacted]
sec-ch-ua-platform: [Redacted]
sec-fetch-site: [Redacted]
sec-fetch-mode: [Redacted]
sec-fetch-dest: [Redacted]
[2022-05-05 19:28:58.038 +05:30 INF] Executing endpoint 'PMS.API.UserController.Getallusers (PMS.API)'
[2022-05-05 19:28:58.038 +05:30 INF] Route matched with {action = "Getallusers", controller = "User"}. Executing controller action with signature Microsoft.AspNetCore.Mvc.IActionResult Getallusers() on controller PMS.API.UserController (PMS.API).
[2022-05-05 19:28:58.040 +05:30 INF] Executing OkObjectResult, writing value of type 'System.Linq.Enumerable+WhereListIterator`1[[PMS.API.User, PMS.API, Version=1.0.0.0, Culture=neutral, PublicKeyToken=null]]'.
[2022-05-05 19:28:58.040 +05:30 INF] Response:
StatusCode: 200
Content-Type: application/json; charset=utf-8
[2022-05-05 19:28:58.040 +05:30 INF] Executed action PMS.API.UserController.Getallusers (PMS.API) in 2.5597ms
[2022-05-05 19:28:58.040 +05:30 INF] Executed endpoint 'PMS.API.UserController.Getallusers (PMS.API)'
[2022-05-05 19:28:58.040 +05:30 INF] ResponseBody: [{"id":1,"name":"Mahi","email":"mahi@gmail.com","userName":"mahi.ram","password":"964587123","gender":"Male","mobileNo":6303363863,"organization":"Development","designation":"SSE","reporting_Person":"Brindha","isActive":true,"createdBy":"Testing","createdOn":"2022-05-05T19:10:18.8943565","updatedBy":"string","updatedOn":"2022-05-05T13:38:54.203"},{"id":2,"name":"Kishore","email":"ksihore@gmail.com","userName":"kishore.ram","password":"94545441","gender":"Male","mobileNo":630363863,"organization":"Development","designation":"SE","reporting_Person":"Yoga","isActive":true,"createdBy":"string","createdOn":"2022-05-05T13:45:29.035","updatedBy":"Testing","updatedOn":"2022-05-05T19:28:51.1464861"}]
[2022-05-05 19:28:58.041 +05:30 INF] Request finished HTTP/2 GET https://localhost:7024/User/Getallusers - - - 200 - application/json;+charset=utf-8 3.1519ms
[2022-05-05 19:29:08.336 +05:30 INF] Request starting HTTP/2 DELETE https://localhost:7024/User/Disable?id=2 - -
[2022-05-05 19:29:08.336 +05:30 INF] Request:
Protocol: HTTP/2
Method: DELETE
Scheme: https
PathBase: 
Path: /User/Disable
Accept: */*
Host: localhost:7024
User-Agent: Mozilla/5.0 (Windows NT 10.0; Win64; x64) AppleWebKit/537.36 (KHTML, like Gecko) Chrome/100.0.4896.75 Safari/537.36
Accept-Encoding: gzip, deflate, br
Accept-Language: en-US,en;q=0.9
Origin: [Redacted]
Referer: [Redacted]
sec-ch-ua: [Redacted]
sec-ch-ua-mobile: [Redacted]
sec-ch-ua-platform: [Redacted]
sec-fetch-site: [Redacted]
sec-fetch-mode: [Redacted]
sec-fetch-dest: [Redacted]
[2022-05-05 19:29:08.336 +05:30 INF] Executing endpoint 'PMS.API.UserController.Disable (PMS.API)'
[2022-05-05 19:29:08.338 +05:30 INF] Route matched with {action = "Disable", controller = "User"}. Executing controller action with signature Microsoft.AspNetCore.Mvc.IActionResult Disable(Int32) on controller PMS.API.UserController (PMS.API).
[2022-05-05 19:29:08.366 +05:30 INF] Executing OkObjectResult, writing value of type 'System.String'.
[2022-05-05 19:29:08.366 +05:30 INF] Response:
StatusCode: 200
Content-Type: text/plain; charset=utf-8
[2022-05-05 19:29:08.366 +05:30 INF] Executed action PMS.API.UserController.Disable (PMS.API) in 27.6547ms
[2022-05-05 19:29:08.366 +05:30 INF] Executed endpoint 'PMS.API.UserController.Disable (PMS.API)'
[2022-05-05 19:29:08.366 +05:30 INF] ResponseBody: User Disabled Successfully
[2022-05-05 19:29:08.366 +05:30 INF] Request finished HTTP/2 DELETE https://localhost:7024/User/Disable?id=2 - - - 200 - text/plain;+charset=utf-8 30.4633ms
[2022-05-05 19:29:16.149 +05:30 INF] Request starting HTTP/2 GET https://localhost:7024/User/Getallusers - -
[2022-05-05 19:29:16.149 +05:30 INF] Request:
Protocol: HTTP/2
Method: GET
Scheme: https
PathBase: 
Path: /User/Getallusers
Accept: */*
Host: localhost:7024
User-Agent: Mozilla/5.0 (Windows NT 10.0; Win64; x64) AppleWebKit/537.36 (KHTML, like Gecko) Chrome/100.0.4896.75 Safari/537.36
:method: [Redacted]
Accept-Encoding: gzip, deflate, br
Accept-Language: en-US,en;q=0.9
Referer: [Redacted]
sec-ch-ua: [Redacted]
sec-ch-ua-mobile: [Redacted]
sec-ch-ua-platform: [Redacted]
sec-fetch-site: [Redacted]
sec-fetch-mode: [Redacted]
sec-fetch-dest: [Redacted]
[2022-05-05 19:29:16.149 +05:30 INF] Executing endpoint 'PMS.API.UserController.Getallusers (PMS.API)'
[2022-05-05 19:29:16.150 +05:30 INF] Route matched with {action = "Getallusers", controller = "User"}. Executing controller action with signature Microsoft.AspNetCore.Mvc.IActionResult Getallusers() on controller PMS.API.UserController (PMS.API).
[2022-05-05 19:29:16.152 +05:30 INF] Executing OkObjectResult, writing value of type 'System.Linq.Enumerable+WhereListIterator`1[[PMS.API.User, PMS.API, Version=1.0.0.0, Culture=neutral, PublicKeyToken=null]]'.
[2022-05-05 19:29:16.152 +05:30 INF] Response:
StatusCode: 200
Content-Type: application/json; charset=utf-8
[2022-05-05 19:29:16.152 +05:30 INF] Executed action PMS.API.UserController.Getallusers (PMS.API) in 2.5495ms
[2022-05-05 19:29:16.152 +05:30 INF] Executed endpoint 'PMS.API.UserController.Getallusers (PMS.API)'
[2022-05-05 19:29:16.152 +05:30 INF] ResponseBody: [{"id":1,"name":"Mahi","email":"mahi@gmail.com","userName":"mahi.ram","password":"964587123","gender":"Male","mobileNo":6303363863,"organization":"Development","designation":"SSE","reporting_Person":"Brindha","isActive":true,"createdBy":"Testing","createdOn":"2022-05-05T19:10:18.8943565","updatedBy":"string","updatedOn":"2022-05-05T13:38:54.203"}]
[2022-05-05 19:29:16.152 +05:30 INF] Request finished HTTP/2 GET https://localhost:7024/User/Getallusers - - - 200 - application/json;+charset=utf-8 3.0898ms
[2022-05-05 19:45:57.970 +05:30 INF] Request starting HTTP/2 GET https://localhost:7024/swagger/index.html - -
[2022-05-05 19:45:57.971 +05:30 INF] Request finished HTTP/2 GET https://localhost:7024/swagger/index.html - - - 200 - text/html;charset=utf-8 0.5988ms
[2022-05-05 19:45:57.986 +05:30 INF] Request starting HTTP/2 GET https://localhost:7024/swagger/swagger-ui.css - -
[2022-05-05 19:45:57.989 +05:30 INF] Sending file. Request path: '/swagger-ui.css'. Physical path: 'N/A'
[2022-05-05 19:45:57.989 +05:30 INF] Request finished HTTP/2 GET https://localhost:7024/swagger/swagger-ui.css - - - 200 143632 text/css 2.7317ms
[2022-05-05 19:45:58.183 +05:30 INF] Request starting HTTP/2 GET https://localhost:7024/swagger/v1/swagger.json - -
[2022-05-05 19:45:58.186 +05:30 INF] Request finished HTTP/2 GET https://localhost:7024/swagger/v1/swagger.json - - - 200 - application/json;charset=utf-8 3.3279ms
[2022-05-05 19:45:58.189 +05:30 INF] Request starting HTTP/2 GET https://localhost:7024/swagger/favicon-32x32.png - -
[2022-05-05 19:45:58.189 +05:30 INF] Sending file. Request path: '/favicon-32x32.png'. Physical path: 'N/A'
[2022-05-05 19:45:58.189 +05:30 INF] Request finished HTTP/2 GET https://localhost:7024/swagger/favicon-32x32.png - - - 200 628 image/png 0.3594ms
[2022-05-05 19:46:01.942 +05:30 INF] Request starting HTTP/2 GET https://localhost:7024/User/Getallusers - -
[2022-05-05 19:46:01.942 +05:30 INF] Request:
Protocol: HTTP/2
Method: GET
Scheme: https
PathBase: 
Path: /User/Getallusers
Accept: */*
Host: localhost:7024
User-Agent: Mozilla/5.0 (Windows NT 10.0; Win64; x64) AppleWebKit/537.36 (KHTML, like Gecko) Chrome/100.0.4896.75 Safari/537.36
:method: [Redacted]
Accept-Encoding: gzip, deflate, br
Accept-Language: en-US,en;q=0.9
Referer: [Redacted]
sec-ch-ua: [Redacted]
sec-ch-ua-mobile: [Redacted]
sec-ch-ua-platform: [Redacted]
sec-fetch-site: [Redacted]
sec-fetch-mode: [Redacted]
sec-fetch-dest: [Redacted]
[2022-05-05 19:46:01.942 +05:30 INF] Executing endpoint 'PMS.API.UserController.Getallusers (PMS.API)'
[2022-05-05 19:46:01.942 +05:30 INF] Route matched with {action = "Getallusers", controller = "User"}. Executing controller action with signature Microsoft.AspNetCore.Mvc.IActionResult Getallusers() on controller PMS.API.UserController (PMS.API).
[2022-05-05 19:46:02.033 +05:30 INF] Executing OkObjectResult, writing value of type 'System.Linq.Enumerable+WhereListIterator`1[[PMS.API.User, PMS.API, Version=1.0.0.0, Culture=neutral, PublicKeyToken=null]]'.
[2022-05-05 19:46:02.033 +05:30 INF] Response:
StatusCode: 200
Content-Type: application/json; charset=utf-8
[2022-05-05 19:46:02.033 +05:30 INF] Executed action PMS.API.UserController.Getallusers (PMS.API) in 91.0739ms
[2022-05-05 19:46:02.033 +05:30 INF] Executed endpoint 'PMS.API.UserController.Getallusers (PMS.API)'
[2022-05-05 19:46:02.033 +05:30 INF] ResponseBody: [{"id":1,"name":"Mahi","email":"mahi@gmail.com","userName":"mahi.ram","password":"964587123","gender":"Male","mobileNo":6303363863,"organization":"Development","designation":"SSE","reporting_Person":"Brindha","isActive":true,"createdBy":"Testing","createdOn":"2022-05-05T19:10:18.8943565","updatedBy":"string","updatedOn":"2022-05-05T13:38:54.203"}]
[2022-05-05 19:46:02.034 +05:30 INF] Request finished HTTP/2 GET https://localhost:7024/User/Getallusers - - - 200 - application/json;+charset=utf-8 91.6040ms
[2022-05-05 19:46:09.548 +05:30 INF] Request starting HTTP/2 GET https://localhost:7024/User/Getuser?id=1 - -
[2022-05-05 19:46:09.548 +05:30 INF] Request:
Protocol: HTTP/2
Method: GET
Scheme: https
PathBase: 
Path: /User/Getuser
Accept: */*
Host: localhost:7024
User-Agent: Mozilla/5.0 (Windows NT 10.0; Win64; x64) AppleWebKit/537.36 (KHTML, like Gecko) Chrome/100.0.4896.75 Safari/537.36
:method: [Redacted]
Accept-Encoding: gzip, deflate, br
Accept-Language: en-US,en;q=0.9
Referer: [Redacted]
sec-ch-ua: [Redacted]
sec-ch-ua-mobile: [Redacted]
sec-ch-ua-platform: [Redacted]
sec-fetch-site: [Redacted]
sec-fetch-mode: [Redacted]
sec-fetch-dest: [Redacted]
[2022-05-05 19:46:09.548 +05:30 INF] Executing endpoint 'PMS.API.UserController.Getuser (PMS.API)'
[2022-05-05 19:46:09.548 +05:30 INF] Route matched with {action = "Getuser", controller = "User"}. Executing controller action with signature Microsoft.AspNetCore.Mvc.IActionResult Getuser(Int32) on controller PMS.API.UserController (PMS.API).
[2022-05-05 19:46:09.555 +05:30 INF] Executing OkObjectResult, writing value of type 'PMS.API.User'.
[2022-05-05 19:46:09.555 +05:30 INF] Response:
StatusCode: 200
Content-Type: application/json; charset=utf-8
[2022-05-05 19:46:09.555 +05:30 INF] Executed action PMS.API.UserController.Getuser (PMS.API) in 6.953ms
[2022-05-05 19:46:09.555 +05:30 INF] Executed endpoint 'PMS.API.UserController.Getuser (PMS.API)'
[2022-05-05 19:46:09.555 +05:30 INF] ResponseBody: {"id":1,"name":"Mahi","email":"mahi@gmail.com","userName":"mahi.ram","password":"964587123","gender":"Male","mobileNo":6303363863,"organization":"Development","designation":"SSE","reporting_Person":"Brindha","isActive":true,"createdBy":"Testing","createdOn":"2022-05-05T19:10:18.8943565","updatedBy":"string","updatedOn":"2022-05-05T13:38:54.203"}
[2022-05-05 19:46:09.556 +05:30 INF] Request finished HTTP/2 GET https://localhost:7024/User/Getuser?id=1 - - - 200 - application/json;+charset=utf-8 7.6853ms
[2022-05-05 19:46:18.908 +05:30 INF] Request starting HTTP/2 GET https://localhost:7024/User/Getuser?id=2 - -
[2022-05-05 19:46:18.908 +05:30 INF] Request:
Protocol: HTTP/2
Method: GET
Scheme: https
PathBase: 
Path: /User/Getuser
Accept: */*
Host: localhost:7024
User-Agent: Mozilla/5.0 (Windows NT 10.0; Win64; x64) AppleWebKit/537.36 (KHTML, like Gecko) Chrome/100.0.4896.75 Safari/537.36
:method: [Redacted]
Accept-Encoding: gzip, deflate, br
Accept-Language: en-US,en;q=0.9
Referer: [Redacted]
sec-ch-ua: [Redacted]
sec-ch-ua-mobile: [Redacted]
sec-ch-ua-platform: [Redacted]
sec-fetch-site: [Redacted]
sec-fetch-mode: [Redacted]
sec-fetch-dest: [Redacted]
[2022-05-05 19:46:18.909 +05:30 INF] Executing endpoint 'PMS.API.UserController.Getuser (PMS.API)'
[2022-05-05 19:46:18.909 +05:30 INF] Route matched with {action = "Getuser", controller = "User"}. Executing controller action with signature Microsoft.AspNetCore.Mvc.IActionResult Getuser(Int32) on controller PMS.API.UserController (PMS.API).
[2022-05-05 19:46:18.910 +05:30 INF] Executing OkObjectResult, writing value of type 'PMS.API.User'.
[2022-05-05 19:46:18.910 +05:30 INF] Response:
StatusCode: 200
Content-Type: application/json; charset=utf-8
[2022-05-05 19:46:18.911 +05:30 INF] Executed action PMS.API.UserController.Getuser (PMS.API) in 1.7867ms
[2022-05-05 19:46:18.911 +05:30 INF] Executed endpoint 'PMS.API.UserController.Getuser (PMS.API)'
[2022-05-05 19:46:18.911 +05:30 INF] ResponseBody: {"id":2,"name":"Kishore","email":"ksihore@gmail.com","userName":"kishore.ram","password":"94545441","gender":"Male","mobileNo":630363863,"organization":"Development","designation":"SE","reporting_Person":"Yoga","isActive":false,"createdBy":"string","createdOn":"2022-05-05T13:45:29.035","updatedBy":"Testing","updatedOn":"2022-05-05T19:28:51.1464861"}
[2022-05-05 19:46:18.911 +05:30 INF] Request finished HTTP/2 GET https://localhost:7024/User/Getuser?id=2 - - - 200 - application/json;+charset=utf-8 2.4355ms
[2022-05-05 20:05:40.708 +05:30 INF] Request starting HTTP/2 GET https://localhost:7024/swagger/index.html - -
[2022-05-05 20:05:40.709 +05:30 INF] Request finished HTTP/2 GET https://localhost:7024/swagger/index.html - - - 200 - text/html;charset=utf-8 0.8533ms
[2022-05-05 20:05:40.724 +05:30 INF] Request starting HTTP/2 GET https://localhost:7024/swagger/swagger-ui.css - -
[2022-05-05 20:05:40.732 +05:30 INF] Sending file. Request path: '/swagger-ui.css'. Physical path: 'N/A'
[2022-05-05 20:05:40.734 +05:30 INF] Request finished HTTP/2 GET https://localhost:7024/swagger/swagger-ui.css - - - 200 143632 text/css 9.8184ms
[2022-05-05 20:05:40.934 +05:30 INF] Request starting HTTP/2 GET https://localhost:7024/swagger/v1/swagger.json - -
[2022-05-05 20:05:40.943 +05:30 INF] Request finished HTTP/2 GET https://localhost:7024/swagger/v1/swagger.json - - - 200 - application/json;charset=utf-8 8.5294ms
[2022-05-05 20:05:40.946 +05:30 INF] Request starting HTTP/2 GET https://localhost:7024/swagger/favicon-32x32.png - -
[2022-05-05 20:05:40.947 +05:30 INF] Sending file. Request path: '/favicon-32x32.png'. Physical path: 'N/A'
[2022-05-05 20:05:40.947 +05:30 INF] Request finished HTTP/2 GET https://localhost:7024/swagger/favicon-32x32.png - - - 200 628 image/png 0.6442ms
[2022-05-05 20:05:48.430 +05:30 INF] Request starting HTTP/2 GET https://localhost:7024/User/Getallusers - -
[2022-05-05 20:05:48.430 +05:30 INF] Request:
Protocol: HTTP/2
Method: GET
Scheme: https
PathBase: 
Path: /User/Getallusers
Accept: */*
Host: localhost:7024
User-Agent: Mozilla/5.0 (Windows NT 10.0; Win64; x64) AppleWebKit/537.36 (KHTML, like Gecko) Chrome/100.0.4896.75 Safari/537.36
:method: [Redacted]
Accept-Encoding: gzip, deflate, br
Accept-Language: en-US,en;q=0.9
Referer: [Redacted]
sec-ch-ua: [Redacted]
sec-ch-ua-mobile: [Redacted]
sec-ch-ua-platform: [Redacted]
sec-fetch-site: [Redacted]
sec-fetch-mode: [Redacted]
sec-fetch-dest: [Redacted]
[2022-05-05 20:05:48.430 +05:30 INF] Executing endpoint 'PMS.API.UserController.Getallusers (PMS.API)'
[2022-05-05 20:05:48.431 +05:30 INF] Route matched with {action = "Getallusers", controller = "User"}. Executing controller action with signature Microsoft.AspNetCore.Mvc.IActionResult Getallusers() on controller PMS.API.UserController (PMS.API).
[2022-05-05 20:05:48.521 +05:30 INF] Executing OkObjectResult, writing value of type 'System.Linq.Enumerable+WhereListIterator`1[[PMS.API.User, PMS.API, Version=1.0.0.0, Culture=neutral, PublicKeyToken=null]]'.
[2022-05-05 20:05:48.521 +05:30 INF] Response:
StatusCode: 200
Content-Type: application/json; charset=utf-8
[2022-05-05 20:05:48.521 +05:30 INF] Executed action PMS.API.UserController.Getallusers (PMS.API) in 90.3209ms
[2022-05-05 20:05:48.521 +05:30 INF] Executed endpoint 'PMS.API.UserController.Getallusers (PMS.API)'
[2022-05-05 20:05:48.521 +05:30 INF] ResponseBody: [{"id":1,"name":"Mahi","email":"mahi@gmail.com","userName":"mahi.ram","password":"964587123","gender":"Male","mobileNo":6303363863,"organization":"Development","designation":"SSE","reporting_Person":"Brindha","isActive":true,"createdBy":"Testing","createdOn":"2022-05-05T19:10:18.8943565","updatedBy":"string","updatedOn":"2022-05-05T13:38:54.203"}]
[2022-05-05 20:05:48.521 +05:30 INF] Request finished HTTP/2 GET https://localhost:7024/User/Getallusers - - - 200 - application/json;+charset=utf-8 91.1422ms
[2022-05-05 20:06:10.838 +05:30 INF] Request starting HTTP/2 POST https://localhost:7024/User/AddUser application/json 384
[2022-05-05 20:06:10.838 +05:30 INF] Request:
Protocol: HTTP/2
Method: POST
Scheme: https
PathBase: 
Path: /User/AddUser
Accept: */*
Host: localhost:7024
User-Agent: Mozilla/5.0 (Windows NT 10.0; Win64; x64) AppleWebKit/537.36 (KHTML, like Gecko) Chrome/100.0.4896.75 Safari/537.36
:method: [Redacted]
Accept-Encoding: gzip, deflate, br
Accept-Language: en-US,en;q=0.9
Content-Type: application/json
Origin: [Redacted]
Referer: [Redacted]
Content-Length: 384
sec-ch-ua: [Redacted]
sec-ch-ua-mobile: [Redacted]
sec-ch-ua-platform: [Redacted]
sec-fetch-site: [Redacted]
sec-fetch-mode: [Redacted]
sec-fetch-dest: [Redacted]
[2022-05-05 20:06:10.838 +05:30 INF] Executing endpoint 'PMS.API.UserController.AddUser (PMS.API)'
[2022-05-05 20:06:10.838 +05:30 INF] Route matched with {action = "AddUser", controller = "User"}. Executing controller action with signature Microsoft.AspNetCore.Mvc.IActionResult AddUser(PMS.API.User) on controller PMS.API.UserController (PMS.API).
[2022-05-05 20:06:10.838 +05:30 INF] RequestBody: {
  "id": 0,
  "name": "string",
  "email": "string",
  "userName": "string",
  "password": "string",
  "gender": "string",
  "mobileNo": 0,
  "organization": "string",
  "designation": "string",
  "reporting_Person": "string",
  "isActive": true,
  "createdBy": "string",
  "createdOn": "2022-05-05T14:36:06.845Z",
  "updatedBy": "string",
  "updatedOn": "2022-05-05T14:36:06.845Z"
}
[2022-05-05 20:06:10.851 +05:30 INF] Executing OkObjectResult, writing value of type 'System.String'.
[2022-05-05 20:06:10.851 +05:30 INF] Response:
StatusCode: 200
Content-Type: text/plain; charset=utf-8
[2022-05-05 20:06:10.851 +05:30 INF] Executed action PMS.API.UserController.AddUser (PMS.API) in 12.7862ms
[2022-05-05 20:06:10.851 +05:30 INF] Executed endpoint 'PMS.API.UserController.AddUser (PMS.API)'
[2022-05-05 20:06:10.851 +05:30 INF] ResponseBody: User Added
[2022-05-05 20:06:10.851 +05:30 INF] Request finished HTTP/2 POST https://localhost:7024/User/AddUser application/json 384 - 200 - text/plain;+charset=utf-8 13.3988ms
[2022-05-05 20:20:46.093 +05:30 INF] Request starting HTTP/2 GET https://localhost:7024/swagger/index.html - -
[2022-05-05 20:20:46.094 +05:30 INF] Request finished HTTP/2 GET https://localhost:7024/swagger/index.html - - - 200 - text/html;charset=utf-8 0.5093ms
[2022-05-05 20:20:46.109 +05:30 INF] Request starting HTTP/2 GET https://localhost:7024/swagger/swagger-ui.css - -
[2022-05-05 20:20:46.110 +05:30 INF] Sending file. Request path: '/swagger-ui.css'. Physical path: 'N/A'
[2022-05-05 20:20:46.111 +05:30 INF] Request finished HTTP/2 GET https://localhost:7024/swagger/swagger-ui.css - - - 200 143632 text/css 1.4245ms
[2022-05-05 20:20:46.306 +05:30 INF] Request starting HTTP/2 GET https://localhost:7024/swagger/v1/swagger.json - -
[2022-05-05 20:20:46.309 +05:30 INF] Request finished HTTP/2 GET https://localhost:7024/swagger/v1/swagger.json - - - 200 - application/json;charset=utf-8 2.4744ms
[2022-05-05 20:20:46.312 +05:30 INF] Request starting HTTP/2 GET https://localhost:7024/swagger/favicon-32x32.png - -
[2022-05-05 20:20:46.312 +05:30 INF] Sending file. Request path: '/favicon-32x32.png'. Physical path: 'N/A'
[2022-05-05 20:20:46.312 +05:30 INF] Request finished HTTP/2 GET https://localhost:7024/swagger/favicon-32x32.png - - - 200 628 image/png 0.3190ms
[2022-05-05 20:20:51.719 +05:30 INF] Request starting HTTP/2 POST https://localhost:7024/User/AddUser application/json 384
[2022-05-05 20:20:51.719 +05:30 INF] Request:
Protocol: HTTP/2
Method: POST
Scheme: https
PathBase: 
Path: /User/AddUser
Accept: */*
Host: localhost:7024
User-Agent: Mozilla/5.0 (Windows NT 10.0; Win64; x64) AppleWebKit/537.36 (KHTML, like Gecko) Chrome/100.0.4896.75 Safari/537.36
:method: [Redacted]
Accept-Encoding: gzip, deflate, br
Accept-Language: en-US,en;q=0.9
Content-Type: application/json
Origin: [Redacted]
Referer: [Redacted]
Content-Length: 384
sec-ch-ua: [Redacted]
sec-ch-ua-mobile: [Redacted]
sec-ch-ua-platform: [Redacted]
sec-fetch-site: [Redacted]
sec-fetch-mode: [Redacted]
sec-fetch-dest: [Redacted]
[2022-05-05 20:20:51.719 +05:30 INF] Executing endpoint 'PMS.API.UserController.AddUser (PMS.API)'
[2022-05-05 20:20:51.719 +05:30 INF] Route matched with {action = "AddUser", controller = "User"}. Executing controller action with signature Microsoft.AspNetCore.Mvc.IActionResult AddUser(PMS.API.User) on controller PMS.API.UserController (PMS.API).
[2022-05-05 20:20:51.720 +05:30 INF] RequestBody: {
  "id": 0,
  "name": "string",
  "email": "string",
  "userName": "string",
  "password": "string",
  "gender": "string",
  "mobileNo": 0,
  "organization": "string",
  "designation": "string",
  "reporting_Person": "string",
  "isActive": true,
  "createdBy": "string",
  "createdOn": "2022-05-05T14:50:50.026Z",
  "updatedBy": "string",
  "updatedOn": "2022-05-05T14:50:50.026Z"
}
[2022-05-05 20:20:51.812 +05:30 INF] Executing OkObjectResult, writing value of type 'System.String'.
[2022-05-05 20:20:51.812 +05:30 INF] Response:
StatusCode: 200
Content-Type: text/plain; charset=utf-8
[2022-05-05 20:20:51.812 +05:30 INF] Executed action PMS.API.UserController.AddUser (PMS.API) in 93.1383ms
[2022-05-05 20:20:51.813 +05:30 INF] Executed endpoint 'PMS.API.UserController.AddUser (PMS.API)'
[2022-05-05 20:20:51.813 +05:30 INF] ResponseBody: User Added
[2022-05-05 20:20:51.813 +05:30 INF] Request finished HTTP/2 POST https://localhost:7024/User/AddUser application/json 384 - 200 - text/plain;+charset=utf-8 93.7129ms
[2022-05-05 20:21:03.352 +05:30 INF] Request starting HTTP/2 POST https://localhost:7024/User/AddUser application/json 379
[2022-05-05 20:21:03.352 +05:30 INF] Request:
Protocol: HTTP/2
Method: POST
Scheme: https
PathBase: 
Path: /User/AddUser
Accept: */*
Host: localhost:7024
User-Agent: Mozilla/5.0 (Windows NT 10.0; Win64; x64) AppleWebKit/537.36 (KHTML, like Gecko) Chrome/100.0.4896.75 Safari/537.36
:method: [Redacted]
Accept-Encoding: gzip, deflate, br
Accept-Language: en-US,en;q=0.9
Content-Type: application/json
Origin: [Redacted]
Referer: [Redacted]
Content-Length: 379
sec-ch-ua: [Redacted]
sec-ch-ua-mobile: [Redacted]
sec-ch-ua-platform: [Redacted]
sec-fetch-site: [Redacted]
sec-fetch-mode: [Redacted]
sec-fetch-dest: [Redacted]
[2022-05-05 20:21:03.352 +05:30 INF] Executing endpoint 'PMS.API.UserController.AddUser (PMS.API)'
[2022-05-05 20:21:03.352 +05:30 INF] Route matched with {action = "AddUser", controller = "User"}. Executing controller action with signature Microsoft.AspNetCore.Mvc.IActionResult AddUser(PMS.API.User) on controller PMS.API.UserController (PMS.API).
[2022-05-05 20:21:03.353 +05:30 INF] RequestBody: {
  "id": 0,
  "name": " ",
  "email": "string",
  "userName": "string",
  "password": "string",
  "gender": "string",
  "mobileNo": 0,
  "organization": "string",
  "designation": "string",
  "reporting_Person": "string",
  "isActive": true,
  "createdBy": "string",
  "createdOn": "2022-05-05T14:50:50.026Z",
  "updatedBy": "string",
  "updatedOn": "2022-05-05T14:50:50.026Z"
}
[2022-05-05 20:21:03.355 +05:30 INF] Executing BadRequestObjectResult, writing value of type 'Microsoft.AspNetCore.Mvc.ValidationProblemDetails'.
[2022-05-05 20:21:03.356 +05:30 INF] Response:
StatusCode: 400
Content-Type: application/problem+json; charset=utf-8
[2022-05-05 20:21:03.356 +05:30 INF] Executed action PMS.API.UserController.AddUser (PMS.API) in 4.003ms
[2022-05-05 20:21:03.356 +05:30 INF] Executed endpoint 'PMS.API.UserController.AddUser (PMS.API)'
[2022-05-05 20:21:03.357 +05:30 INF] ResponseBody: {"type":"https://tools.ietf.org/html/rfc7231#section-6.5.1","title":"One or more validation errors occurred.","status":400,"traceId":"00-00636c2a3231b9a867a0d30fa7b74e60-0be724dbd41c9111-00","errors":{"Name":["The Name field is required."]}}
[2022-05-05 20:21:03.357 +05:30 INF] Request finished HTTP/2 POST https://localhost:7024/User/AddUser application/json 379 - 400 - application/problem+json;+charset=utf-8 4.9951ms
[2022-05-05 20:41:49.103 +05:30 INF] Request starting HTTP/2 GET https://localhost:7024/User/Getallusers - -
[2022-05-05 20:41:49.103 +05:30 INF] Request:
Protocol: HTTP/2
Method: GET
Scheme: https
PathBase: 
Path: /User/Getallusers
Accept: */*
Host: localhost:7024
User-Agent: Mozilla/5.0 (Windows NT 10.0; Win64; x64) AppleWebKit/537.36 (KHTML, like Gecko) Chrome/100.0.4896.75 Safari/537.36
:method: [Redacted]
Accept-Encoding: gzip, deflate, br
Accept-Language: en-US,en;q=0.9
Referer: [Redacted]
sec-ch-ua: [Redacted]
sec-ch-ua-mobile: [Redacted]
sec-ch-ua-platform: [Redacted]
sec-fetch-site: [Redacted]
sec-fetch-mode: [Redacted]
sec-fetch-dest: [Redacted]
[2022-05-05 20:41:49.103 +05:30 INF] Executing endpoint 'PMS.API.UserController.Getallusers (PMS.API)'
[2022-05-05 20:41:49.103 +05:30 INF] Route matched with {action = "Getallusers", controller = "User"}. Executing controller action with signature Microsoft.AspNetCore.Mvc.IActionResult Getallusers() on controller PMS.API.UserController (PMS.API).
[2022-05-05 20:41:49.189 +05:30 INF] Executing OkObjectResult, writing value of type 'System.Linq.Enumerable+WhereListIterator`1[[PMS.API.User, PMS.API, Version=1.0.0.0, Culture=neutral, PublicKeyToken=null]]'.
[2022-05-05 20:41:49.189 +05:30 INF] Response:
StatusCode: 200
Content-Type: application/json; charset=utf-8
[2022-05-05 20:41:49.189 +05:30 INF] Executed action PMS.API.UserController.Getallusers (PMS.API) in 86.2488ms
[2022-05-05 20:41:49.189 +05:30 INF] Executed endpoint 'PMS.API.UserController.Getallusers (PMS.API)'
[2022-05-05 20:41:49.189 +05:30 INF] ResponseBody: [{"id":1,"name":"Mahi","email":"mahi@gmail.com","userName":"mahi.ram","password":"964587123","gender":"Male","mobileNo":6303363863,"organization":"Development","designation":"SSE","reporting_Person":"Brindha","isActive":true,"createdBy":"Testing","createdOn":"2022-05-05T19:10:18.8943565","updatedBy":"string","updatedOn":"2022-05-05T13:38:54.203"},{"id":3,"name":"string","email":"string","userName":"string","password":"string","gender":"string","mobileNo":0,"organization":"string","designation":"string","reporting_Person":"string","isActive":true,"createdBy":"Testing","createdOn":"2022-05-05T20:06:10.8390706","updatedBy":"string","updatedOn":"2022-05-05T14:36:06.845"},{"id":4,"name":"string","email":"string","userName":"string","password":"string","gender":"string","mobileNo":0,"organization":"string","designation":"string","reporting_Person":"string","isActive":true,"createdBy":"Testing","createdOn":"2022-05-05T20:20:51.720155","updatedBy":"string","updatedOn":"2022-05-05T14:50:50.026"}]
[2022-05-05 20:41:49.189 +05:30 INF] Request finished HTTP/2 GET https://localhost:7024/User/Getallusers - - - 200 - application/json;+charset=utf-8 86.8488ms
[2022-05-05 20:42:18.365 +05:30 INF] Request starting HTTP/2 PUT https://localhost:7024/User/UpdateUser?id=1 application/json 437
[2022-05-05 20:42:18.365 +05:30 INF] Request:
Protocol: HTTP/2
Method: PUT
Scheme: https
PathBase: 
Path: /User/UpdateUser
Accept: */*
Host: localhost:7024
User-Agent: Mozilla/5.0 (Windows NT 10.0; Win64; x64) AppleWebKit/537.36 (KHTML, like Gecko) Chrome/100.0.4896.75 Safari/537.36
Accept-Encoding: gzip, deflate, br
Accept-Language: en-US,en;q=0.9
Content-Type: application/json
Origin: [Redacted]
Referer: [Redacted]
Content-Length: 437
sec-ch-ua: [Redacted]
sec-ch-ua-mobile: [Redacted]
sec-ch-ua-platform: [Redacted]
sec-fetch-site: [Redacted]
sec-fetch-mode: [Redacted]
sec-fetch-dest: [Redacted]
[2022-05-05 20:42:18.365 +05:30 INF] Executing endpoint 'PMS.API.UserController.UpdateUser (PMS.API)'
[2022-05-05 20:42:18.365 +05:30 INF] Route matched with {action = "UpdateUser", controller = "User"}. Executing controller action with signature Microsoft.AspNetCore.Mvc.IActionResult UpdateUser(PMS.API.User, Int32) on controller PMS.API.UserController (PMS.API).
[2022-05-05 20:42:18.366 +05:30 INF] RequestBody: {
  "id": 1,
    "name": "mahi",
    "email": "mahi@gmail.com",
    "userName": "mahi.ram",
    "password": "964587123",
    "gender": "Male",
    "mobileNo": 6303363863,
    "organization": "Development",
    "designation": "SSE",
    "reporting_Person": "Brindha",
    "isActive": true,
    "createdBy": "Testing",
    "createdOn": "2022-05-05T19:10:18.8943565",
    "updatedBy": "string",
    "updatedOn": "2022-05-05T13:38:54.203""
}
[2022-05-05 20:42:18.368 +05:30 INF] Executing BadRequestObjectResult, writing value of type 'Microsoft.AspNetCore.Mvc.ValidationProblemDetails'.
[2022-05-05 20:42:18.368 +05:30 INF] Response:
StatusCode: 400
Content-Type: application/problem+json; charset=utf-8
[2022-05-05 20:42:18.368 +05:30 INF] Executed action PMS.API.UserController.UpdateUser (PMS.API) in 3.0896ms
[2022-05-05 20:42:18.368 +05:30 INF] Executed endpoint 'PMS.API.UserController.UpdateUser (PMS.API)'
[2022-05-05 20:42:18.369 +05:30 INF] ResponseBody: {"type":"https://tools.ietf.org/html/rfc7231#section-6.5.1","title":"One or more validation errors occurred.","status":400,"traceId":"00-a0b9a983ef19d511b319be9a85be14c8-2144c72173760f75-00","errors":{"$":["'\"' is invalid after a value. Expected either ',', '}', or ']'. Path: $ | LineNumber: 15 | BytePositionInLine: 42."],"user":["The user field is required."]}}
[2022-05-05 20:42:18.369 +05:30 INF] Request finished HTTP/2 PUT https://localhost:7024/User/UpdateUser?id=1 application/json 437 - 400 - application/problem+json;+charset=utf-8 4.1902ms
