[2022-04-28 14:30:38.115 +05:30 INF] Now listening on: https://localhost:7024
[2022-04-28 14:30:38.142 +05:30 INF] Now listening on: http://localhost:5018
[2022-04-28 14:30:38.145 +05:30 INF] Application started. Press Ctrl+C to shut down.
[2022-04-28 14:30:38.145 +05:30 INF] Hosting environment: Development
[2022-04-28 14:30:38.145 +05:30 INF] Content root path: D:\PMS.API\
[2022-04-28 14:31:08.279 +05:30 INF] Application is shutting down...
[2022-04-28 14:31:16.193 +05:30 INF] Now listening on: https://localhost:7024
[2022-04-28 14:31:16.216 +05:30 INF] Now listening on: http://localhost:5018
[2022-04-28 14:31:16.219 +05:30 INF] Application started. Press Ctrl+C to shut down.
[2022-04-28 14:31:16.219 +05:30 INF] Hosting environment: Development
[2022-04-28 14:31:16.224 +05:30 INF] Content root path: D:\PMS.API\
[2022-04-28 14:31:31.190 +05:30 INF] Request starting HTTP/2 GET https://localhost:7024/swagger/index.html - -
[2022-04-28 14:31:31.291 +05:30 INF] Request finished HTTP/2 GET https://localhost:7024/swagger/index.html - - - 200 - text/html;charset=utf-8 104.0003ms
[2022-04-28 14:31:31.310 +05:30 INF] Request starting HTTP/2 GET https://localhost:7024/swagger/swagger-ui.css - -
[2022-04-28 14:31:31.321 +05:30 INF] Sending file. Request path: '/swagger-ui.css'. Physical path: 'N/A'
[2022-04-28 14:31:31.322 +05:30 INF] Request finished HTTP/2 GET https://localhost:7024/swagger/swagger-ui.css - - - 200 143632 text/css 11.7396ms
[2022-04-28 14:31:31.540 +05:30 INF] Request starting HTTP/2 GET https://localhost:7024/swagger/v1/swagger.json - -
[2022-04-28 14:31:31.544 +05:30 INF] Request starting HTTP/2 GET https://localhost:7024/swagger/favicon-32x32.png - -
[2022-04-28 14:31:31.544 +05:30 INF] Sending file. Request path: '/favicon-32x32.png'. Physical path: 'N/A'
[2022-04-28 14:31:31.545 +05:30 INF] Request finished HTTP/2 GET https://localhost:7024/swagger/favicon-32x32.png - - - 200 628 image/png 0.9101ms
[2022-04-28 14:31:31.633 +05:30 INF] Request finished HTTP/2 GET https://localhost:7024/swagger/v1/swagger.json - - - 200 - application/json;charset=utf-8 93.6087ms
[2022-04-28 14:33:01.464 +05:30 INF] Request starting HTTP/2 POST https://localhost:7024/User/AddUser application/json 250
[2022-04-28 14:33:01.472 +05:30 INF] Request:
Protocol: HTTP/2
Method: POST
Scheme: https
PathBase: 
Path: /User/AddUser
Accept: */*
Host: localhost:7024
User-Agent: Mozilla/5.0 (Windows NT 10.0; Win64; x64) AppleWebKit/537.36 (KHTML, like Gecko) Chrome/100.0.4896.75 Safari/537.36
:method: [Redacted]
Accept-Encoding: gzip, deflate, br
Accept-Language: en-US,en;q=0.9
Content-Type: application/json
Origin: [Redacted]
Referer: [Redacted]
Content-Length: 250
sec-ch-ua: [Redacted]
sec-ch-ua-mobile: [Redacted]
sec-ch-ua-platform: [Redacted]
sec-fetch-site: [Redacted]
sec-fetch-mode: [Redacted]
sec-fetch-dest: [Redacted]
[2022-04-28 14:33:01.477 +05:30 INF] Executing endpoint 'PMS.API.UserController.AddUser (PMS.API)'
[2022-04-28 14:33:01.495 +05:30 INF] Route matched with {action = "AddUser", controller = "User"}. Executing controller action with signature Microsoft.AspNetCore.Mvc.IActionResult AddUser(PMS.API.User) on controller PMS.API.UserController (PMS.API).
[2022-04-28 14:33:01.576 +05:30 INF] RequestBody: {
  "id": 0,
  "name": "Mahi",
  "email": "mahi@gmail.com",
  "userName": "mahi.ram",
  "password": "9874563214",
  "gender": "Male",
  "mobileNo": 6303363863,
  "organization": "Development",
  "designation": "SSE",
  "reporting_Person": "Brindha"
}
[2022-04-28 14:33:02.639 +05:30 INF] Executing StatusCodeResult, setting HTTP status code 200
[2022-04-28 14:33:02.644 +05:30 INF] Executed action PMS.API.UserController.AddUser (PMS.API) in 1144.8313ms
[2022-04-28 14:33:02.644 +05:30 INF] Executed endpoint 'PMS.API.UserController.AddUser (PMS.API)'
[2022-04-28 14:33:02.644 +05:30 INF] Response:
StatusCode: 200
[2022-04-28 14:33:02.644 +05:30 INF] Request finished HTTP/2 POST https://localhost:7024/User/AddUser application/json 250 - 200 0 - 1180.5455ms
[2022-04-28 14:33:34.041 +05:30 INF] Request starting HTTP/2 GET https://localhost:7024/User/Getallusers - -
[2022-04-28 14:33:34.043 +05:30 INF] Request:
Protocol: HTTP/2
Method: GET
Scheme: https
PathBase: 
Path: /User/Getallusers
Accept: text/plain
Host: localhost:7024
User-Agent: Mozilla/5.0 (Windows NT 10.0; Win64; x64) AppleWebKit/537.36 (KHTML, like Gecko) Chrome/100.0.4896.75 Safari/537.36
:method: [Redacted]
Accept-Encoding: gzip, deflate, br
Accept-Language: en-US,en;q=0.9
Referer: [Redacted]
sec-ch-ua: [Redacted]
sec-ch-ua-mobile: [Redacted]
sec-ch-ua-platform: [Redacted]
sec-fetch-site: [Redacted]
sec-fetch-mode: [Redacted]
sec-fetch-dest: [Redacted]
[2022-04-28 14:33:34.043 +05:30 INF] Executing endpoint 'PMS.API.UserController.Getallusers (PMS.API)'
[2022-04-28 14:33:34.044 +05:30 INF] Route matched with {action = "Getallusers", controller = "User"}. Executing controller action with signature System.Collections.Generic.IEnumerable`1[PMS.API.User] Getallusers() on controller PMS.API.UserController (PMS.API).
[2022-04-28 14:33:34.049 +05:30 INF] Getting all users
[2022-04-28 14:33:34.051 +05:30 INF] Executing ObjectResult, writing value of type 'Microsoft.EntityFrameworkCore.Internal.InternalDbSet`1[[PMS.API.User, PMS.API, Version=1.0.0.0, Culture=neutral, PublicKeyToken=null]]'.
[2022-04-28 14:33:34.318 +05:30 INF] Response:
StatusCode: 200
Content-Type: application/json; charset=utf-8
[2022-04-28 14:33:34.324 +05:30 INF] Executed action PMS.API.UserController.Getallusers (PMS.API) in 280.0857ms
[2022-04-28 14:33:34.324 +05:30 INF] Executed endpoint 'PMS.API.UserController.Getallusers (PMS.API)'
[2022-04-28 14:33:34.325 +05:30 INF] ResponseBody: [{"id":1,"name":"Mahi","email":"mahi@gmail.com","userName":"mahi.ram","password":"9874563214","gender":"Male","mobileNo":6303363863,"organization":"Development","designation":"SSE","reporting_Person":"Brindha"}]
[2022-04-28 14:33:34.326 +05:30 INF] Request finished HTTP/2 GET https://localhost:7024/User/Getallusers - - - 200 - application/json;+charset=utf-8 285.1019ms
[2022-04-28 16:53:23.360 +05:30 INF] Application is shutting down...
[2022-04-28 16:53:33.076 +05:30 INF] Now listening on: https://localhost:7024
[2022-04-28 16:53:33.100 +05:30 INF] Now listening on: http://localhost:5018
[2022-04-28 16:53:33.103 +05:30 INF] Application started. Press Ctrl+C to shut down.
[2022-04-28 16:53:33.103 +05:30 INF] Hosting environment: Development
[2022-04-28 16:53:33.103 +05:30 INF] Content root path: D:\PMS.API\
[2022-04-28 16:54:03.724 +05:30 INF] Request starting HTTP/2 GET https://localhost:7024/swagger/index.html - -
[2022-04-28 16:54:03.825 +05:30 INF] Request finished HTTP/2 GET https://localhost:7024/swagger/index.html - - - 200 - text/html;charset=utf-8 103.1776ms
[2022-04-28 16:54:03.850 +05:30 INF] Request starting HTTP/2 GET https://localhost:7024/swagger/swagger-ui.css - -
[2022-04-28 16:54:03.863 +05:30 INF] Sending file. Request path: '/swagger-ui.css'. Physical path: 'N/A'
[2022-04-28 16:54:03.865 +05:30 INF] Request finished HTTP/2 GET https://localhost:7024/swagger/swagger-ui.css - - - 200 143632 text/css 13.9871ms
[2022-04-28 16:54:04.071 +05:30 INF] Request starting HTTP/2 GET https://localhost:7024/swagger/v1/swagger.json - -
[2022-04-28 16:54:04.082 +05:30 INF] Request starting HTTP/2 GET https://localhost:7024/swagger/favicon-32x32.png - -
[2022-04-28 16:54:04.082 +05:30 INF] Sending file. Request path: '/favicon-32x32.png'. Physical path: 'N/A'
[2022-04-28 16:54:04.082 +05:30 INF] Request finished HTTP/2 GET https://localhost:7024/swagger/favicon-32x32.png - - - 200 628 image/png 0.5515ms
[2022-04-28 16:54:04.163 +05:30 INF] Request finished HTTP/2 GET https://localhost:7024/swagger/v1/swagger.json - - - 200 - application/json;charset=utf-8 91.2358ms
[2022-04-28 16:54:17.979 +05:30 INF] Request starting HTTP/2 GET https://localhost:7024/User/Getuser?id=0 - -
[2022-04-28 16:54:17.989 +05:30 INF] Request:
Protocol: HTTP/2
Method: GET
Scheme: https
PathBase: 
Path: /User/Getuser
Accept: */*
Host: localhost:7024
User-Agent: Mozilla/5.0 (Windows NT 10.0; Win64; x64) AppleWebKit/537.36 (KHTML, like Gecko) Chrome/100.0.4896.75 Safari/537.36
:method: [Redacted]
Accept-Encoding: gzip, deflate, br
Accept-Language: en-US,en;q=0.9
Referer: [Redacted]
sec-ch-ua: [Redacted]
sec-ch-ua-mobile: [Redacted]
sec-ch-ua-platform: [Redacted]
sec-fetch-site: [Redacted]
sec-fetch-mode: [Redacted]
sec-fetch-dest: [Redacted]
[2022-04-28 16:54:17.993 +05:30 INF] Executing endpoint 'PMS.API.UserController.Getuser (PMS.API)'
[2022-04-28 16:54:18.010 +05:30 INF] Route matched with {action = "Getuser", controller = "User"}. Executing controller action with signature Microsoft.AspNetCore.Mvc.IActionResult Getuser(Int32) on controller PMS.API.UserController (PMS.API).
[2022-04-28 16:54:19.134 +05:30 INF] Executing OkObjectResult, writing value of type 'null'.
[2022-04-28 16:54:19.139 +05:30 INF] Executed action PMS.API.UserController.Getuser (PMS.API) in 1123.7477ms
[2022-04-28 16:54:19.140 +05:30 INF] Executed endpoint 'PMS.API.UserController.Getuser (PMS.API)'
[2022-04-28 16:54:19.140 +05:30 INF] Response:
StatusCode: 204
Content-Length: 0
[2022-04-28 16:54:19.140 +05:30 INF] Request finished HTTP/2 GET https://localhost:7024/User/Getuser?id=0 - - - 204 0 - 1161.2890ms
[2022-04-28 16:54:38.133 +05:30 INF] Request starting HTTP/2 GET https://localhost:7024/User/Getuser - -
[2022-04-28 16:54:38.135 +05:30 INF] Request:
Protocol: HTTP/2
Method: GET
Scheme: https
PathBase: 
Path: /User/Getuser
Accept: */*
Host: localhost:7024
User-Agent: Mozilla/5.0 (Windows NT 10.0; Win64; x64) AppleWebKit/537.36 (KHTML, like Gecko) Chrome/100.0.4896.75 Safari/537.36
:method: [Redacted]
Accept-Encoding: gzip, deflate, br
Accept-Language: en-US,en;q=0.9
Referer: [Redacted]
sec-ch-ua: [Redacted]
sec-ch-ua-mobile: [Redacted]
sec-ch-ua-platform: [Redacted]
sec-fetch-site: [Redacted]
sec-fetch-mode: [Redacted]
sec-fetch-dest: [Redacted]
[2022-04-28 16:54:38.135 +05:30 INF] Executing endpoint 'PMS.API.UserController.Getuser (PMS.API)'
[2022-04-28 16:54:38.135 +05:30 INF] Route matched with {action = "Getuser", controller = "User"}. Executing controller action with signature Microsoft.AspNetCore.Mvc.IActionResult Getuser(Int32) on controller PMS.API.UserController (PMS.API).
[2022-04-28 16:54:38.151 +05:30 INF] Executing OkObjectResult, writing value of type 'null'.
[2022-04-28 16:54:38.152 +05:30 INF] Executed action PMS.API.UserController.Getuser (PMS.API) in 16.3117ms
[2022-04-28 16:54:38.152 +05:30 INF] Executed endpoint 'PMS.API.UserController.Getuser (PMS.API)'
[2022-04-28 16:54:38.152 +05:30 INF] Response:
StatusCode: 204
Content-Length: 0
[2022-04-28 16:54:38.152 +05:30 INF] Request finished HTTP/2 GET https://localhost:7024/User/Getuser - - - 204 0 - 19.0626ms
[2022-04-28 16:54:49.211 +05:30 INF] Request starting HTTP/2 GET https://localhost:7024/User/Getuser?id=3 - -
[2022-04-28 16:54:49.211 +05:30 INF] Request:
Protocol: HTTP/2
Method: GET
Scheme: https
PathBase: 
Path: /User/Getuser
Accept: */*
Host: localhost:7024
User-Agent: Mozilla/5.0 (Windows NT 10.0; Win64; x64) AppleWebKit/537.36 (KHTML, like Gecko) Chrome/100.0.4896.75 Safari/537.36
:method: [Redacted]
Accept-Encoding: gzip, deflate, br
Accept-Language: en-US,en;q=0.9
Referer: [Redacted]
sec-ch-ua: [Redacted]
sec-ch-ua-mobile: [Redacted]
sec-ch-ua-platform: [Redacted]
sec-fetch-site: [Redacted]
sec-fetch-mode: [Redacted]
sec-fetch-dest: [Redacted]
[2022-04-28 16:54:49.212 +05:30 INF] Executing endpoint 'PMS.API.UserController.Getuser (PMS.API)'
[2022-04-28 16:54:49.212 +05:30 INF] Route matched with {action = "Getuser", controller = "User"}. Executing controller action with signature Microsoft.AspNetCore.Mvc.IActionResult Getuser(Int32) on controller PMS.API.UserController (PMS.API).
[2022-04-28 16:54:49.274 +05:30 INF] Executing OkObjectResult, writing value of type 'null'.
[2022-04-28 16:54:49.274 +05:30 INF] Executed action PMS.API.UserController.Getuser (PMS.API) in 62.4771ms
[2022-04-28 16:54:49.274 +05:30 INF] Executed endpoint 'PMS.API.UserController.Getuser (PMS.API)'
[2022-04-28 16:54:49.274 +05:30 INF] Response:
StatusCode: 204
Content-Length: 0
[2022-04-28 16:54:49.274 +05:30 INF] Request finished HTTP/2 GET https://localhost:7024/User/Getuser?id=3 - - - 204 0 - 63.3415ms
[2022-04-28 16:54:55.905 +05:30 INF] Request starting HTTP/2 GET https://localhost:7024/User/Getuser?id=0 - -
[2022-04-28 16:54:55.905 +05:30 INF] Request:
Protocol: HTTP/2
Method: GET
Scheme: https
PathBase: 
Path: /User/Getuser
Accept: */*
Host: localhost:7024
User-Agent: Mozilla/5.0 (Windows NT 10.0; Win64; x64) AppleWebKit/537.36 (KHTML, like Gecko) Chrome/100.0.4896.75 Safari/537.36
:method: [Redacted]
Accept-Encoding: gzip, deflate, br
Accept-Language: en-US,en;q=0.9
Referer: [Redacted]
sec-ch-ua: [Redacted]
sec-ch-ua-mobile: [Redacted]
sec-ch-ua-platform: [Redacted]
sec-fetch-site: [Redacted]
sec-fetch-mode: [Redacted]
sec-fetch-dest: [Redacted]
[2022-04-28 16:54:55.905 +05:30 INF] Executing endpoint 'PMS.API.UserController.Getuser (PMS.API)'
[2022-04-28 16:54:55.905 +05:30 INF] Route matched with {action = "Getuser", controller = "User"}. Executing controller action with signature Microsoft.AspNetCore.Mvc.IActionResult Getuser(Int32) on controller PMS.API.UserController (PMS.API).
[2022-04-28 16:54:55.907 +05:30 INF] Executing OkObjectResult, writing value of type 'null'.
[2022-04-28 16:54:55.907 +05:30 INF] Executed action PMS.API.UserController.Getuser (PMS.API) in 1.8289ms
[2022-04-28 16:54:55.907 +05:30 INF] Executed endpoint 'PMS.API.UserController.Getuser (PMS.API)'
[2022-04-28 16:54:55.907 +05:30 INF] Response:
StatusCode: 204
Content-Length: 0
[2022-04-28 16:54:55.908 +05:30 INF] Request finished HTTP/2 GET https://localhost:7024/User/Getuser?id=0 - - - 204 0 - 2.4494ms
[2022-04-28 16:55:29.921 +05:30 INF] Request starting HTTP/2 GET https://localhost:7024/User/Getuser - -
[2022-04-28 16:55:29.921 +05:30 INF] Request:
Protocol: HTTP/2
Method: GET
Scheme: https
PathBase: 
Path: /User/Getuser
Accept: */*
Host: localhost:7024
User-Agent: Mozilla/5.0 (Windows NT 10.0; Win64; x64) AppleWebKit/537.36 (KHTML, like Gecko) Chrome/100.0.4896.75 Safari/537.36
:method: [Redacted]
Accept-Encoding: gzip, deflate, br
Accept-Language: en-US,en;q=0.9
Referer: [Redacted]
sec-ch-ua: [Redacted]
sec-ch-ua-mobile: [Redacted]
sec-ch-ua-platform: [Redacted]
sec-fetch-site: [Redacted]
sec-fetch-mode: [Redacted]
sec-fetch-dest: [Redacted]
[2022-04-28 16:55:29.922 +05:30 INF] Executing endpoint 'PMS.API.UserController.Getuser (PMS.API)'
[2022-04-28 16:55:29.922 +05:30 INF] Route matched with {action = "Getuser", controller = "User"}. Executing controller action with signature Microsoft.AspNetCore.Mvc.IActionResult Getuser(Int32) on controller PMS.API.UserController (PMS.API).
[2022-04-28 16:55:29.925 +05:30 INF] Executing OkObjectResult, writing value of type 'null'.
[2022-04-28 16:55:29.925 +05:30 INF] Executed action PMS.API.UserController.Getuser (PMS.API) in 3.739ms
[2022-04-28 16:55:29.925 +05:30 INF] Executed endpoint 'PMS.API.UserController.Getuser (PMS.API)'
[2022-04-28 16:55:29.925 +05:30 INF] Response:
StatusCode: 204
Content-Length: 0
[2022-04-28 16:55:29.926 +05:30 INF] Request finished HTTP/2 GET https://localhost:7024/User/Getuser - - - 204 0 - 4.4842ms
[2022-04-28 16:55:31.056 +05:30 INF] Request starting HTTP/2 GET https://localhost:7024/User/Getuser - -
[2022-04-28 16:55:31.056 +05:30 INF] Request:
Protocol: HTTP/2
Method: GET
Scheme: https
PathBase: 
Path: /User/Getuser
Accept: */*
Host: localhost:7024
User-Agent: Mozilla/5.0 (Windows NT 10.0; Win64; x64) AppleWebKit/537.36 (KHTML, like Gecko) Chrome/100.0.4896.75 Safari/537.36
:method: [Redacted]
Accept-Encoding: gzip, deflate, br
Accept-Language: en-US,en;q=0.9
Referer: [Redacted]
sec-ch-ua: [Redacted]
sec-ch-ua-mobile: [Redacted]
sec-ch-ua-platform: [Redacted]
sec-fetch-site: [Redacted]
sec-fetch-mode: [Redacted]
sec-fetch-dest: [Redacted]
[2022-04-28 16:55:31.056 +05:30 INF] Executing endpoint 'PMS.API.UserController.Getuser (PMS.API)'
[2022-04-28 16:55:31.057 +05:30 INF] Route matched with {action = "Getuser", controller = "User"}. Executing controller action with signature Microsoft.AspNetCore.Mvc.IActionResult Getuser(Int32) on controller PMS.API.UserController (PMS.API).
[2022-04-28 16:55:31.058 +05:30 INF] Executing OkObjectResult, writing value of type 'null'.
[2022-04-28 16:55:31.058 +05:30 INF] Executed action PMS.API.UserController.Getuser (PMS.API) in 1.5384ms
[2022-04-28 16:55:31.058 +05:30 INF] Executed endpoint 'PMS.API.UserController.Getuser (PMS.API)'
[2022-04-28 16:55:31.058 +05:30 INF] Response:
StatusCode: 204
Content-Length: 0
[2022-04-28 16:55:31.058 +05:30 INF] Request finished HTTP/2 GET https://localhost:7024/User/Getuser - - - 204 0 - 2.1351ms
[2022-04-28 16:55:31.248 +05:30 INF] Request starting HTTP/2 GET https://localhost:7024/User/Getuser - -
[2022-04-28 16:55:31.248 +05:30 INF] Request:
Protocol: HTTP/2
Method: GET
Scheme: https
PathBase: 
Path: /User/Getuser
Accept: */*
Host: localhost:7024
User-Agent: Mozilla/5.0 (Windows NT 10.0; Win64; x64) AppleWebKit/537.36 (KHTML, like Gecko) Chrome/100.0.4896.75 Safari/537.36
:method: [Redacted]
Accept-Encoding: gzip, deflate, br
Accept-Language: en-US,en;q=0.9
Referer: [Redacted]
sec-ch-ua: [Redacted]
sec-ch-ua-mobile: [Redacted]
sec-ch-ua-platform: [Redacted]
sec-fetch-site: [Redacted]
sec-fetch-mode: [Redacted]
sec-fetch-dest: [Redacted]
[2022-04-28 16:55:31.248 +05:30 INF] Executing endpoint 'PMS.API.UserController.Getuser (PMS.API)'
[2022-04-28 16:55:31.249 +05:30 INF] Route matched with {action = "Getuser", controller = "User"}. Executing controller action with signature Microsoft.AspNetCore.Mvc.IActionResult Getuser(Int32) on controller PMS.API.UserController (PMS.API).
[2022-04-28 16:55:31.251 +05:30 INF] Executing OkObjectResult, writing value of type 'null'.
[2022-04-28 16:55:31.251 +05:30 INF] Executed action PMS.API.UserController.Getuser (PMS.API) in 1.992ms
[2022-04-28 16:55:31.251 +05:30 INF] Executed endpoint 'PMS.API.UserController.Getuser (PMS.API)'
[2022-04-28 16:55:31.251 +05:30 INF] Response:
StatusCode: 204
Content-Length: 0
[2022-04-28 16:55:31.251 +05:30 INF] Request finished HTTP/2 GET https://localhost:7024/User/Getuser - - - 204 0 - 2.6639ms
[2022-04-28 16:55:31.456 +05:30 INF] Request starting HTTP/2 GET https://localhost:7024/User/Getuser - -
[2022-04-28 16:55:31.456 +05:30 INF] Request:
Protocol: HTTP/2
Method: GET
Scheme: https
PathBase: 
Path: /User/Getuser
Accept: */*
Host: localhost:7024
User-Agent: Mozilla/5.0 (Windows NT 10.0; Win64; x64) AppleWebKit/537.36 (KHTML, like Gecko) Chrome/100.0.4896.75 Safari/537.36
:method: [Redacted]
Accept-Encoding: gzip, deflate, br
Accept-Language: en-US,en;q=0.9
Referer: [Redacted]
sec-ch-ua: [Redacted]
sec-ch-ua-mobile: [Redacted]
sec-ch-ua-platform: [Redacted]
sec-fetch-site: [Redacted]
sec-fetch-mode: [Redacted]
sec-fetch-dest: [Redacted]
[2022-04-28 16:55:31.456 +05:30 INF] Executing endpoint 'PMS.API.UserController.Getuser (PMS.API)'
[2022-04-28 16:55:31.456 +05:30 INF] Route matched with {action = "Getuser", controller = "User"}. Executing controller action with signature Microsoft.AspNetCore.Mvc.IActionResult Getuser(Int32) on controller PMS.API.UserController (PMS.API).
[2022-04-28 16:55:31.459 +05:30 INF] Executing OkObjectResult, writing value of type 'null'.
[2022-04-28 16:55:31.459 +05:30 INF] Executed action PMS.API.UserController.Getuser (PMS.API) in 2.948ms
[2022-04-28 16:55:31.459 +05:30 INF] Executed endpoint 'PMS.API.UserController.Getuser (PMS.API)'
[2022-04-28 16:55:31.459 +05:30 INF] Response:
StatusCode: 204
Content-Length: 0
[2022-04-28 16:55:31.459 +05:30 INF] Request finished HTTP/2 GET https://localhost:7024/User/Getuser - - - 204 0 - 3.6727ms
[2022-04-28 16:55:43.195 +05:30 INF] Application is shutting down...
[2022-04-28 16:55:48.026 +05:30 INF] Now listening on: https://localhost:7024
[2022-04-28 16:55:48.050 +05:30 INF] Now listening on: http://localhost:5018
[2022-04-28 16:55:48.053 +05:30 INF] Application started. Press Ctrl+C to shut down.
[2022-04-28 16:55:48.054 +05:30 INF] Hosting environment: Development
[2022-04-28 16:55:48.054 +05:30 INF] Content root path: D:\PMS.API\
[2022-04-28 16:57:28.311 +05:30 INF] Request starting HTTP/2 GET https://localhost:7024/ - -
[2022-04-28 16:57:28.381 +05:30 INF] Request:
Protocol: HTTP/2
Method: GET
Scheme: https
PathBase: 
Path: /
Accept: text/html,application/xhtml+xml,application/xml;q=0.9,image/avif,image/webp,image/apng,*/*;q=0.8,application/signed-exchange;v=b3;q=0.9
Host: localhost:7024
User-Agent: Mozilla/5.0 (Windows NT 10.0; Win64; x64) AppleWebKit/537.36 (KHTML, like Gecko) Chrome/100.0.4896.75 Safari/537.36
:method: [Redacted]
Accept-Encoding: gzip, deflate, br
Accept-Language: en-US,en;q=0.9
Upgrade-Insecure-Requests: [Redacted]
sec-ch-ua: [Redacted]
sec-ch-ua-mobile: [Redacted]
sec-ch-ua-platform: [Redacted]
sec-fetch-site: [Redacted]
sec-fetch-mode: [Redacted]
sec-fetch-user: [Redacted]
sec-fetch-dest: [Redacted]
[2022-04-28 16:57:28.382 +05:30 INF] Response:
StatusCode: 404
[2022-04-28 16:57:28.388 +05:30 INF] Request finished HTTP/2 GET https://localhost:7024/ - - - 404 0 - 80.2588ms
[2022-04-28 16:57:34.122 +05:30 INF] Request starting HTTP/2 GET https://localhost:7024/swagger - -
[2022-04-28 16:57:34.123 +05:30 INF] Request finished HTTP/2 GET https://localhost:7024/swagger - - - 301 0 - 1.5381ms
[2022-04-28 16:57:34.131 +05:30 INF] Request starting HTTP/2 GET https://localhost:7024/swagger/index.html - -
[2022-04-28 16:57:34.186 +05:30 INF] Request finished HTTP/2 GET https://localhost:7024/swagger/index.html - - - 200 - text/html;charset=utf-8 54.7936ms
[2022-04-28 16:57:34.211 +05:30 INF] Request starting HTTP/2 GET https://localhost:7024/swagger/swagger-ui.css - -
[2022-04-28 16:57:34.211 +05:30 INF] Request starting HTTP/2 GET https://localhost:7024/swagger/swagger-ui-bundle.js - -
[2022-04-28 16:57:34.211 +05:30 INF] Request starting HTTP/2 GET https://localhost:7024/swagger/swagger-ui-standalone-preset.js - -
[2022-04-28 16:57:34.239 +05:30 INF] Sending file. Request path: '/swagger-ui.css'. Physical path: 'N/A'
[2022-04-28 16:57:34.239 +05:30 INF] Sending file. Request path: '/swagger-ui-standalone-preset.js'. Physical path: 'N/A'
[2022-04-28 16:57:34.239 +05:30 INF] Sending file. Request path: '/swagger-ui-bundle.js'. Physical path: 'N/A'
[2022-04-28 16:57:34.240 +05:30 INF] Request finished HTTP/2 GET https://localhost:7024/swagger/swagger-ui-bundle.js - - - 200 1092889 application/javascript 28.7146ms
[2022-04-28 16:57:34.240 +05:30 INF] Request finished HTTP/2 GET https://localhost:7024/swagger/swagger-ui-standalone-preset.js - - - 200 337162 application/javascript 28.9073ms
[2022-04-28 16:57:34.240 +05:30 INF] Request finished HTTP/2 GET https://localhost:7024/swagger/swagger-ui.css - - - 200 143632 text/css 28.8470ms
[2022-04-28 16:57:34.435 +05:30 INF] Request starting HTTP/2 GET https://localhost:7024/swagger/v1/swagger.json - -
[2022-04-28 16:57:34.531 +05:30 INF] Request finished HTTP/2 GET https://localhost:7024/swagger/v1/swagger.json - - - 200 - application/json;charset=utf-8 95.8384ms
[2022-04-28 16:57:39.218 +05:30 INF] Request starting HTTP/2 GET https://localhost:7024/User/Getuser - -
[2022-04-28 16:57:39.220 +05:30 INF] Request:
Protocol: HTTP/2
Method: GET
Scheme: https
PathBase: 
Path: /User/Getuser
Accept: */*
Host: localhost:7024
User-Agent: Mozilla/5.0 (Windows NT 10.0; Win64; x64) AppleWebKit/537.36 (KHTML, like Gecko) Chrome/100.0.4896.75 Safari/537.36
:method: [Redacted]
Accept-Encoding: gzip, deflate, br
Accept-Language: en-US,en;q=0.9
Referer: [Redacted]
sec-ch-ua: [Redacted]
sec-ch-ua-mobile: [Redacted]
sec-ch-ua-platform: [Redacted]
sec-fetch-site: [Redacted]
sec-fetch-mode: [Redacted]
sec-fetch-dest: [Redacted]
[2022-04-28 16:57:39.223 +05:30 INF] Executing endpoint 'PMS.API.UserController.Getuser (PMS.API)'
[2022-04-28 16:57:39.245 +05:30 INF] Route matched with {action = "Getuser", controller = "User"}. Executing controller action with signature Microsoft.AspNetCore.Mvc.IActionResult Getuser(Int32) on controller PMS.API.UserController (PMS.API).
[2022-04-28 16:57:40.323 +05:30 INF] Executing OkObjectResult, writing value of type 'null'.
[2022-04-28 16:57:40.328 +05:30 INF] Executed action PMS.API.UserController.Getuser (PMS.API) in 1077.7619ms
[2022-04-28 16:57:40.328 +05:30 INF] Executed endpoint 'PMS.API.UserController.Getuser (PMS.API)'
[2022-04-28 16:57:40.328 +05:30 INF] Response:
StatusCode: 204
Content-Length: 0
[2022-04-28 16:57:40.329 +05:30 INF] Request finished HTTP/2 GET https://localhost:7024/User/Getuser - - - 204 0 - 1110.7087ms
[2022-04-28 17:01:06.692 +05:30 INF] Application is shutting down...
[2022-04-28 17:01:39.531 +05:30 INF] Now listening on: https://localhost:7024
[2022-04-28 17:01:39.554 +05:30 INF] Now listening on: http://localhost:5018
[2022-04-28 17:01:39.557 +05:30 INF] Application started. Press Ctrl+C to shut down.
[2022-04-28 17:01:39.557 +05:30 INF] Hosting environment: Development
[2022-04-28 17:01:39.557 +05:30 INF] Content root path: D:\PMS.API\
[2022-04-28 17:01:57.628 +05:30 INF] Request starting HTTP/2 GET https://localhost:7024/User/Getuser - -
[2022-04-28 17:01:57.691 +05:30 INF] Request:
Protocol: HTTP/2
Method: GET
Scheme: https
PathBase: 
Path: /User/Getuser
Accept: text/html,application/xhtml+xml,application/xml;q=0.9,image/avif,image/webp,image/apng,*/*;q=0.8,application/signed-exchange;v=b3;q=0.9
Host: localhost:7024
User-Agent: Mozilla/5.0 (Windows NT 10.0; Win64; x64) AppleWebKit/537.36 (KHTML, like Gecko) Chrome/100.0.4896.75 Safari/537.36
:method: [Redacted]
Accept-Encoding: gzip, deflate, br
Accept-Language: en-US,en;q=0.9
Upgrade-Insecure-Requests: [Redacted]
sec-ch-ua: [Redacted]
sec-ch-ua-mobile: [Redacted]
sec-ch-ua-platform: [Redacted]
sec-fetch-site: [Redacted]
sec-fetch-mode: [Redacted]
sec-fetch-user: [Redacted]
sec-fetch-dest: [Redacted]
[2022-04-28 17:01:57.694 +05:30 INF] Executing endpoint 'PMS.API.UserController.Getuser (PMS.API)'
[2022-04-28 17:01:57.712 +05:30 INF] Route matched with {action = "Getuser", controller = "User"}. Executing controller action with signature Microsoft.AspNetCore.Mvc.IActionResult Getuser(Int32) on controller PMS.API.UserController (PMS.API).
[2022-04-28 17:01:58.900 +05:30 INF] Executing OkObjectResult, writing value of type 'null'.
[2022-04-28 17:01:58.905 +05:30 INF] Executed action PMS.API.UserController.Getuser (PMS.API) in 1188.1608ms
[2022-04-28 17:01:58.906 +05:30 INF] Executed endpoint 'PMS.API.UserController.Getuser (PMS.API)'
[2022-04-28 17:01:58.907 +05:30 INF] Response:
StatusCode: 204
Content-Length: 0
[2022-04-28 17:01:58.913 +05:30 INF] Request finished HTTP/2 GET https://localhost:7024/User/Getuser - - - 204 0 - 1290.9220ms
[2022-04-28 17:02:09.220 +05:30 INF] Request starting HTTP/2 GET https://localhost:7024/swagger - -
[2022-04-28 17:02:09.222 +05:30 INF] Request finished HTTP/2 GET https://localhost:7024/swagger - - - 301 0 - 1.3185ms
[2022-04-28 17:02:09.228 +05:30 INF] Request starting HTTP/2 GET https://localhost:7024/swagger/index.html - -
[2022-04-28 17:02:09.289 +05:30 INF] Request finished HTTP/2 GET https://localhost:7024/swagger/index.html - - - 200 - text/html;charset=utf-8 60.9491ms
[2022-04-28 17:02:09.309 +05:30 INF] Request starting HTTP/2 GET https://localhost:7024/swagger/swagger-ui-bundle.js - -
[2022-04-28 17:02:09.309 +05:30 INF] Request starting HTTP/2 GET https://localhost:7024/swagger/swagger-ui-standalone-preset.js - -
[2022-04-28 17:02:09.309 +05:30 INF] Request starting HTTP/2 GET https://localhost:7024/swagger/swagger-ui.css - -
[2022-04-28 17:02:09.340 +05:30 INF] Sending file. Request path: '/swagger-ui-standalone-preset.js'. Physical path: 'N/A'
[2022-04-28 17:02:09.340 +05:30 INF] Sending file. Request path: '/swagger-ui.css'. Physical path: 'N/A'
[2022-04-28 17:02:09.343 +05:30 INF] Request finished HTTP/2 GET https://localhost:7024/swagger/swagger-ui.css - - - 200 143632 text/css 33.3471ms
[2022-04-28 17:02:09.343 +05:30 INF] Request finished HTTP/2 GET https://localhost:7024/swagger/swagger-ui-standalone-preset.js - - - 200 337162 application/javascript 33.8078ms
[2022-04-28 17:02:09.357 +05:30 INF] Sending file. Request path: '/swagger-ui-bundle.js'. Physical path: 'N/A'
[2022-04-28 17:02:09.357 +05:30 INF] Request finished HTTP/2 GET https://localhost:7024/swagger/swagger-ui-bundle.js - - - 200 1092889 application/javascript 47.4987ms
[2022-04-28 17:02:09.543 +05:30 INF] Request starting HTTP/2 GET https://localhost:7024/swagger/v1/swagger.json - -
[2022-04-28 17:02:09.623 +05:30 INF] Request finished HTTP/2 GET https://localhost:7024/swagger/v1/swagger.json - - - 200 - application/json;charset=utf-8 79.5163ms
[2022-04-28 17:02:27.307 +05:30 INF] Request starting HTTP/2 GET https://localhost:7024/User/Getuser - -
[2022-04-28 17:02:27.310 +05:30 INF] Request:
Protocol: HTTP/2
Method: GET
Scheme: https
PathBase: 
Path: /User/Getuser
Accept: */*
Host: localhost:7024
User-Agent: Mozilla/5.0 (Windows NT 10.0; Win64; x64) AppleWebKit/537.36 (KHTML, like Gecko) Chrome/100.0.4896.75 Safari/537.36
:method: [Redacted]
Accept-Encoding: gzip, deflate, br
Accept-Language: en-US,en;q=0.9
Referer: [Redacted]
sec-ch-ua: [Redacted]
sec-ch-ua-mobile: [Redacted]
sec-ch-ua-platform: [Redacted]
sec-fetch-site: [Redacted]
sec-fetch-mode: [Redacted]
sec-fetch-dest: [Redacted]
[2022-04-28 17:02:27.310 +05:30 INF] Executing endpoint 'PMS.API.UserController.Getuser (PMS.API)'
[2022-04-28 17:02:27.310 +05:30 INF] Route matched with {action = "Getuser", controller = "User"}. Executing controller action with signature Microsoft.AspNetCore.Mvc.IActionResult Getuser(Int32) on controller PMS.API.UserController (PMS.API).
[2022-04-28 17:02:27.327 +05:30 INF] Executing OkObjectResult, writing value of type 'null'.
[2022-04-28 17:02:27.328 +05:30 INF] Executed action PMS.API.UserController.Getuser (PMS.API) in 17.7384ms
[2022-04-28 17:02:27.328 +05:30 INF] Executed endpoint 'PMS.API.UserController.Getuser (PMS.API)'
[2022-04-28 17:02:27.328 +05:30 INF] Response:
StatusCode: 204
Content-Length: 0
[2022-04-28 17:02:27.329 +05:30 INF] Request finished HTTP/2 GET https://localhost:7024/User/Getuser - - - 204 0 - 21.2426ms
[2022-04-28 17:02:40.873 +05:30 INF] Application is shutting down...
[2022-04-28 17:03:52.577 +05:30 INF] Now listening on: https://localhost:7024
[2022-04-28 17:03:52.601 +05:30 INF] Now listening on: http://localhost:5018
[2022-04-28 17:03:52.604 +05:30 INF] Application started. Press Ctrl+C to shut down.
[2022-04-28 17:03:52.605 +05:30 INF] Hosting environment: Development
[2022-04-28 17:03:52.605 +05:30 INF] Content root path: D:\PMS.API\
[2022-04-28 17:04:00.843 +05:30 INF] Request starting HTTP/2 GET https://localhost:7024/swagger/index.html - -
[2022-04-28 17:04:00.941 +05:30 INF] Request finished HTTP/2 GET https://localhost:7024/swagger/index.html - - - 200 - text/html;charset=utf-8 101.7664ms
[2022-04-28 17:04:00.958 +05:30 INF] Request starting HTTP/2 GET https://localhost:7024/swagger/swagger-ui.css - -
[2022-04-28 17:04:00.970 +05:30 INF] Sending file. Request path: '/swagger-ui.css'. Physical path: 'N/A'
[2022-04-28 17:04:00.970 +05:30 INF] Request finished HTTP/2 GET https://localhost:7024/swagger/swagger-ui.css - - - 200 143632 text/css 12.1758ms
[2022-04-28 17:04:01.087 +05:30 INF] Request starting HTTP/2 GET https://localhost:7024/swagger/v1/swagger.json - -
[2022-04-28 17:04:01.100 +05:30 INF] Request starting HTTP/2 GET https://localhost:7024/swagger/favicon-32x32.png - -
[2022-04-28 17:04:01.101 +05:30 INF] Sending file. Request path: '/favicon-32x32.png'. Physical path: 'N/A'
[2022-04-28 17:04:01.102 +05:30 INF] Request finished HTTP/2 GET https://localhost:7024/swagger/favicon-32x32.png - - - 200 628 image/png 1.0534ms
[2022-04-28 17:04:01.200 +05:30 INF] Request finished HTTP/2 GET https://localhost:7024/swagger/v1/swagger.json - - - 200 - application/json;charset=utf-8 113.4745ms
[2022-04-28 17:04:06.301 +05:30 INF] Request starting HTTP/2 GET https://localhost:7024/User/Getuser - -
[2022-04-28 17:04:06.309 +05:30 INF] Request:
Protocol: HTTP/2
Method: GET
Scheme: https
PathBase: 
Path: /User/Getuser
Accept: */*
Host: localhost:7024
User-Agent: Mozilla/5.0 (Windows NT 10.0; Win64; x64) AppleWebKit/537.36 (KHTML, like Gecko) Chrome/100.0.4896.75 Safari/537.36
:method: [Redacted]
Accept-Encoding: gzip, deflate, br
Accept-Language: en-US,en;q=0.9
Referer: [Redacted]
sec-ch-ua: [Redacted]
sec-ch-ua-mobile: [Redacted]
sec-ch-ua-platform: [Redacted]
sec-fetch-site: [Redacted]
sec-fetch-mode: [Redacted]
sec-fetch-dest: [Redacted]
[2022-04-28 17:04:06.314 +05:30 INF] Executing endpoint 'PMS.API.UserController.Getuser (PMS.API)'
[2022-04-28 17:04:06.332 +05:30 INF] Route matched with {action = "Getuser", controller = "User"}. Executing controller action with signature Microsoft.AspNetCore.Mvc.IActionResult Getuser(Int32) on controller PMS.API.UserController (PMS.API).
[2022-04-28 17:04:07.408 +05:30 INF] Executing OkObjectResult, writing value of type 'null'.
[2022-04-28 17:04:07.413 +05:30 INF] Executed action PMS.API.UserController.Getuser (PMS.API) in 1076.0463ms
[2022-04-28 17:04:07.414 +05:30 INF] Executed endpoint 'PMS.API.UserController.Getuser (PMS.API)'
[2022-04-28 17:04:07.414 +05:30 INF] Response:
StatusCode: 204
Content-Length: 0
[2022-04-28 17:04:07.414 +05:30 INF] Request finished HTTP/2 GET https://localhost:7024/User/Getuser - - - 204 0 - 1113.5683ms
[2022-04-28 17:04:17.666 +05:30 INF] Request starting HTTP/2 GET https://localhost:7024/User/Getuser - -
[2022-04-28 17:04:17.668 +05:30 INF] Request:
Protocol: HTTP/2
Method: GET
Scheme: https
PathBase: 
Path: /User/Getuser
Accept: */*
Host: localhost:7024
User-Agent: Mozilla/5.0 (Windows NT 10.0; Win64; x64) AppleWebKit/537.36 (KHTML, like Gecko) Chrome/100.0.4896.75 Safari/537.36
:method: [Redacted]
Accept-Encoding: gzip, deflate, br
Accept-Language: en-US,en;q=0.9
Referer: [Redacted]
sec-ch-ua: [Redacted]
sec-ch-ua-mobile: [Redacted]
sec-ch-ua-platform: [Redacted]
sec-fetch-site: [Redacted]
sec-fetch-mode: [Redacted]
sec-fetch-dest: [Redacted]
[2022-04-28 17:04:17.668 +05:30 INF] Executing endpoint 'PMS.API.UserController.Getuser (PMS.API)'
[2022-04-28 17:04:17.669 +05:30 INF] Route matched with {action = "Getuser", controller = "User"}. Executing controller action with signature Microsoft.AspNetCore.Mvc.IActionResult Getuser(Int32) on controller PMS.API.UserController (PMS.API).
[2022-04-28 17:04:17.691 +05:30 INF] Executing OkObjectResult, writing value of type 'null'.
[2022-04-28 17:04:17.691 +05:30 INF] Executed action PMS.API.UserController.Getuser (PMS.API) in 22.2257ms
[2022-04-28 17:04:17.691 +05:30 INF] Executed endpoint 'PMS.API.UserController.Getuser (PMS.API)'
[2022-04-28 17:04:17.691 +05:30 INF] Response:
StatusCode: 204
Content-Length: 0
[2022-04-28 17:04:17.691 +05:30 INF] Request finished HTTP/2 GET https://localhost:7024/User/Getuser - - - 204 0 - 25.8057ms
[2022-04-28 17:04:19.504 +05:30 INF] Request starting HTTP/2 GET https://localhost:7024/User/Getuser - -
[2022-04-28 17:04:19.504 +05:30 INF] Request:
Protocol: HTTP/2
Method: GET
Scheme: https
PathBase: 
Path: /User/Getuser
Accept: */*
Host: localhost:7024
User-Agent: Mozilla/5.0 (Windows NT 10.0; Win64; x64) AppleWebKit/537.36 (KHTML, like Gecko) Chrome/100.0.4896.75 Safari/537.36
:method: [Redacted]
Accept-Encoding: gzip, deflate, br
Accept-Language: en-US,en;q=0.9
Referer: [Redacted]
sec-ch-ua: [Redacted]
sec-ch-ua-mobile: [Redacted]
sec-ch-ua-platform: [Redacted]
sec-fetch-site: [Redacted]
sec-fetch-mode: [Redacted]
sec-fetch-dest: [Redacted]
[2022-04-28 17:04:19.504 +05:30 INF] Executing endpoint 'PMS.API.UserController.Getuser (PMS.API)'
[2022-04-28 17:04:19.504 +05:30 INF] Route matched with {action = "Getuser", controller = "User"}. Executing controller action with signature Microsoft.AspNetCore.Mvc.IActionResult Getuser(Int32) on controller PMS.API.UserController (PMS.API).
[2022-04-28 17:04:19.558 +05:30 INF] Executing OkObjectResult, writing value of type 'null'.
[2022-04-28 17:04:19.558 +05:30 INF] Executed action PMS.API.UserController.Getuser (PMS.API) in 53.7174ms
[2022-04-28 17:04:19.558 +05:30 INF] Executed endpoint 'PMS.API.UserController.Getuser (PMS.API)'
[2022-04-28 17:04:19.558 +05:30 INF] Response:
StatusCode: 204
Content-Length: 0
[2022-04-28 17:04:19.558 +05:30 INF] Request finished HTTP/2 GET https://localhost:7024/User/Getuser - - - 204 0 - 54.9475ms
[2022-04-28 17:06:05.820 +05:30 INF] Application is shutting down...
[2022-04-28 17:06:15.272 +05:30 INF] Now listening on: https://localhost:7024
[2022-04-28 17:06:15.297 +05:30 INF] Now listening on: http://localhost:5018
[2022-04-28 17:06:15.300 +05:30 INF] Application started. Press Ctrl+C to shut down.
[2022-04-28 17:06:15.300 +05:30 INF] Hosting environment: Development
[2022-04-28 17:06:15.300 +05:30 INF] Content root path: D:\PMS.API\
[2022-04-28 17:06:39.550 +05:30 INF] Request starting HTTP/2 GET https://localhost:7024/swagger/index.html - -
[2022-04-28 17:06:39.641 +05:30 INF] Request finished HTTP/2 GET https://localhost:7024/swagger/index.html - - - 200 - text/html;charset=utf-8 93.5357ms
[2022-04-28 17:06:39.656 +05:30 INF] Request starting HTTP/2 GET https://localhost:7024/swagger/swagger-ui.css - -
[2022-04-28 17:06:39.671 +05:30 INF] Sending file. Request path: '/swagger-ui.css'. Physical path: 'N/A'
[2022-04-28 17:06:39.673 +05:30 INF] Request finished HTTP/2 GET https://localhost:7024/swagger/swagger-ui.css - - - 200 143632 text/css 16.9601ms
[2022-04-28 17:06:39.750 +05:30 INF] Request starting HTTP/2 GET https://localhost:7024/swagger/v1/swagger.json - -
[2022-04-28 17:06:39.757 +05:30 INF] Request starting HTTP/2 GET https://localhost:7024/swagger/favicon-32x32.png - -
[2022-04-28 17:06:39.758 +05:30 INF] Sending file. Request path: '/favicon-32x32.png'. Physical path: 'N/A'
[2022-04-28 17:06:39.758 +05:30 INF] Request finished HTTP/2 GET https://localhost:7024/swagger/favicon-32x32.png - - - 200 628 image/png 0.6478ms
[2022-04-28 17:06:39.844 +05:30 INF] Request finished HTTP/2 GET https://localhost:7024/swagger/v1/swagger.json - - - 200 - application/json;charset=utf-8 94.2873ms
[2022-04-28 17:06:44.324 +05:30 INF] Request starting HTTP/2 GET https://localhost:7024/User/Getuser - -
[2022-04-28 17:06:44.333 +05:30 INF] Request:
Protocol: HTTP/2
Method: GET
Scheme: https
PathBase: 
Path: /User/Getuser
Accept: */*
Host: localhost:7024
User-Agent: Mozilla/5.0 (Windows NT 10.0; Win64; x64) AppleWebKit/537.36 (KHTML, like Gecko) Chrome/100.0.4896.75 Safari/537.36
:method: [Redacted]
Accept-Encoding: gzip, deflate, br
Accept-Language: en-US,en;q=0.9
Referer: [Redacted]
sec-ch-ua: [Redacted]
sec-ch-ua-mobile: [Redacted]
sec-ch-ua-platform: [Redacted]
sec-fetch-site: [Redacted]
sec-fetch-mode: [Redacted]
sec-fetch-dest: [Redacted]
[2022-04-28 17:06:44.337 +05:30 INF] Executing endpoint 'PMS.API.UserController.Getuser (PMS.API)'
[2022-04-28 17:06:44.354 +05:30 INF] Route matched with {action = "Getuser", controller = "User"}. Executing controller action with signature Microsoft.AspNetCore.Mvc.IActionResult Getuser(Int32) on controller PMS.API.UserController (PMS.API).
[2022-04-28 17:06:45.454 +05:30 INF] Executing OkObjectResult, writing value of type 'null'.
[2022-04-28 17:06:45.460 +05:30 INF] Executed action PMS.API.UserController.Getuser (PMS.API) in 1100.4242ms
[2022-04-28 17:06:45.461 +05:30 INF] Executed endpoint 'PMS.API.UserController.Getuser (PMS.API)'
[2022-04-28 17:06:45.461 +05:30 INF] Response:
StatusCode: 204
Content-Length: 0
[2022-04-28 17:06:45.461 +05:30 INF] Request finished HTTP/2 GET https://localhost:7024/User/Getuser - - - 204 0 - 1137.0644ms
[2022-04-28 17:06:55.604 +05:30 INF] Application is shutting down...
[2022-04-28 17:07:11.399 +05:30 INF] Now listening on: https://localhost:7024
[2022-04-28 17:07:11.435 +05:30 INF] Now listening on: http://localhost:5018
[2022-04-28 17:07:11.439 +05:30 INF] Application started. Press Ctrl+C to shut down.
[2022-04-28 17:07:11.439 +05:30 INF] Hosting environment: Development
[2022-04-28 17:07:11.439 +05:30 INF] Content root path: D:\PMS.API\
[2022-04-28 17:07:37.367 +05:30 INF] Request starting HTTP/2 GET https://localhost:7024/swagger/index.html - -
[2022-04-28 17:07:37.487 +05:30 INF] Request finished HTTP/2 GET https://localhost:7024/swagger/index.html - - - 200 - text/html;charset=utf-8 122.1776ms
[2022-04-28 17:07:37.507 +05:30 INF] Request starting HTTP/2 GET https://localhost:7024/swagger/swagger-ui.css - -
[2022-04-28 17:07:37.523 +05:30 INF] Sending file. Request path: '/swagger-ui.css'. Physical path: 'N/A'
[2022-04-28 17:07:37.523 +05:30 INF] Request finished HTTP/2 GET https://localhost:7024/swagger/swagger-ui.css - - - 200 143632 text/css 16.1830ms
[2022-04-28 17:07:37.605 +05:30 INF] Request starting HTTP/2 GET https://localhost:7024/swagger/index.html - -
[2022-04-28 17:07:37.607 +05:30 INF] Request finished HTTP/2 GET https://localhost:7024/swagger/index.html - - - 200 - text/html;charset=utf-8 3.7470ms
[2022-04-28 17:07:37.705 +05:30 INF] Request starting HTTP/2 GET https://localhost:7024/swagger/v1/swagger.json - -
[2022-04-28 17:07:37.710 +05:30 INF] Request starting HTTP/2 GET https://localhost:7024/swagger/favicon-32x32.png - -
[2022-04-28 17:07:37.711 +05:30 INF] Sending file. Request path: '/favicon-32x32.png'. Physical path: 'N/A'
[2022-04-28 17:07:37.711 +05:30 INF] Request finished HTTP/2 GET https://localhost:7024/swagger/favicon-32x32.png - - - 200 628 image/png 0.6333ms
[2022-04-28 17:07:37.777 +05:30 INF] Request starting HTTP/2 GET https://localhost:7024/swagger/index.html - -
[2022-04-28 17:07:37.778 +05:30 INF] Request finished HTTP/2 GET https://localhost:7024/swagger/index.html - - - 200 - text/html;charset=utf-8 0.6193ms
[2022-04-28 17:07:37.816 +05:30 INF] Request finished HTTP/2 GET https://localhost:7024/swagger/v1/swagger.json - - - 200 - application/json;charset=utf-8 110.4168ms
[2022-04-28 17:07:37.876 +05:30 INF] Request starting HTTP/2 GET https://localhost:7024/swagger/v1/swagger.json - -
[2022-04-28 17:07:37.880 +05:30 INF] Request starting HTTP/2 GET https://localhost:7024/swagger/favicon-32x32.png - -
[2022-04-28 17:07:37.880 +05:30 INF] Sending file. Request path: '/favicon-32x32.png'. Physical path: 'N/A'
[2022-04-28 17:07:37.881 +05:30 INF] Request finished HTTP/2 GET https://localhost:7024/swagger/favicon-32x32.png - - - 200 628 image/png 1.0900ms
[2022-04-28 17:07:37.881 +05:30 INF] Request finished HTTP/2 GET https://localhost:7024/swagger/v1/swagger.json - - - 200 - application/json;charset=utf-8 5.0290ms
[2022-04-28 17:15:31.288 +05:30 INF] Now listening on: https://localhost:7024
[2022-04-28 17:15:31.313 +05:30 INF] Now listening on: http://localhost:5018
[2022-04-28 17:15:31.317 +05:30 INF] Application started. Press Ctrl+C to shut down.
[2022-04-28 17:15:31.317 +05:30 INF] Hosting environment: Development
[2022-04-28 17:15:31.317 +05:30 INF] Content root path: D:\PMS.API\
[2022-04-28 17:16:52.109 +05:30 INF] Application is shutting down...
[2022-04-28 17:22:38.762 +05:30 INF] Now listening on: https://localhost:7024
[2022-04-28 17:22:38.786 +05:30 INF] Now listening on: http://localhost:5018
[2022-04-28 17:22:38.789 +05:30 INF] Application started. Press Ctrl+C to shut down.
[2022-04-28 17:22:38.789 +05:30 INF] Hosting environment: Development
[2022-04-28 17:22:38.789 +05:30 INF] Content root path: D:\PMS.API\
[2022-04-28 17:23:28.197 +05:30 INF] Request starting HTTP/2 GET https://localhost:7024/ - -
[2022-04-28 17:23:28.282 +05:30 INF] Request:
Protocol: HTTP/2
Method: GET
Scheme: https
PathBase: 
Path: /
Accept: text/html,application/xhtml+xml,application/xml;q=0.9,image/avif,image/webp,image/apng,*/*;q=0.8,application/signed-exchange;v=b3;q=0.9
Host: localhost:7024
User-Agent: Mozilla/5.0 (Windows NT 10.0; Win64; x64) AppleWebKit/537.36 (KHTML, like Gecko) Chrome/100.0.4896.75 Safari/537.36
:method: [Redacted]
Accept-Encoding: gzip, deflate, br
Accept-Language: en-US,en;q=0.9
Upgrade-Insecure-Requests: [Redacted]
sec-ch-ua: [Redacted]
sec-ch-ua-mobile: [Redacted]
sec-ch-ua-platform: [Redacted]
sec-fetch-site: [Redacted]
sec-fetch-mode: [Redacted]
sec-fetch-user: [Redacted]
sec-fetch-dest: [Redacted]
[2022-04-28 17:23:28.286 +05:30 INF] Response:
StatusCode: 404
[2022-04-28 17:23:28.291 +05:30 INF] Request finished HTTP/2 GET https://localhost:7024/ - - - 404 0 - 98.5352ms
[2022-04-28 17:23:32.158 +05:30 INF] Request starting HTTP/2 GET https://localhost:7024/swagger - -
[2022-04-28 17:23:32.159 +05:30 INF] Request finished HTTP/2 GET https://localhost:7024/swagger - - - 301 0 - 0.9986ms
[2022-04-28 17:23:32.161 +05:30 INF] Request starting HTTP/2 GET https://localhost:7024/swagger/index.html - -
[2022-04-28 17:23:32.209 +05:30 INF] Request finished HTTP/2 GET https://localhost:7024/swagger/index.html - - - 200 - text/html;charset=utf-8 48.1353ms
[2022-04-28 17:23:32.222 +05:30 INF] Request starting HTTP/2 GET https://localhost:7024/swagger/swagger-ui.css - -
[2022-04-28 17:23:32.223 +05:30 INF] Request starting HTTP/2 GET https://localhost:7024/swagger/swagger-ui-bundle.js - -
[2022-04-28 17:23:32.231 +05:30 INF] Request starting HTTP/2 GET https://localhost:7024/swagger/swagger-ui-standalone-preset.js - -
[2022-04-28 17:23:32.240 +05:30 INF] Sending file. Request path: '/swagger-ui.css'. Physical path: 'N/A'
[2022-04-28 17:23:32.240 +05:30 INF] Sending file. Request path: '/swagger-ui-standalone-preset.js'. Physical path: 'N/A'
[2022-04-28 17:23:32.241 +05:30 INF] Request finished HTTP/2 GET https://localhost:7024/swagger/swagger-ui-standalone-preset.js - - - 200 337162 application/javascript 10.8432ms
[2022-04-28 17:23:32.241 +05:30 INF] Request finished HTTP/2 GET https://localhost:7024/swagger/swagger-ui.css - - - 200 143632 text/css 19.3651ms
[2022-04-28 17:23:32.242 +05:30 INF] Sending file. Request path: '/swagger-ui-bundle.js'. Physical path: 'N/A'
[2022-04-28 17:23:32.242 +05:30 INF] Request finished HTTP/2 GET https://localhost:7024/swagger/swagger-ui-bundle.js - - - 200 1092889 application/javascript 19.0867ms
[2022-04-28 17:23:32.413 +05:30 INF] Request starting HTTP/2 GET https://localhost:7024/swagger - -
[2022-04-28 17:23:32.418 +05:30 INF] Request finished HTTP/2 GET https://localhost:7024/swagger - - - 301 0 - 5.0089ms
[2022-04-28 17:23:32.421 +05:30 INF] Request starting HTTP/2 GET https://localhost:7024/swagger/index.html - -
[2022-04-28 17:23:32.421 +05:30 INF] Request finished HTTP/2 GET https://localhost:7024/swagger/index.html - - - 200 - text/html;charset=utf-8 0.5368ms
[2022-04-28 17:23:32.462 +05:30 INF] Request starting HTTP/2 GET https://localhost:7024/swagger/swagger-ui-bundle.js - -
[2022-04-28 17:23:32.462 +05:30 INF] Request starting HTTP/2 GET https://localhost:7024/swagger/swagger-ui-standalone-preset.js - -
[2022-04-28 17:23:32.462 +05:30 INF] Request starting HTTP/2 GET https://localhost:7024/swagger/swagger-ui.css - -
[2022-04-28 17:23:32.467 +05:30 INF] Sending file. Request path: '/swagger-ui.css'. Physical path: 'N/A'
[2022-04-28 17:23:32.470 +05:30 INF] Request finished HTTP/2 GET https://localhost:7024/swagger/swagger-ui.css - - - 200 143632 text/css 7.9389ms
[2022-04-28 17:23:32.472 +05:30 INF] Sending file. Request path: '/swagger-ui-standalone-preset.js'. Physical path: 'N/A'
[2022-04-28 17:23:32.476 +05:30 INF] Sending file. Request path: '/swagger-ui-bundle.js'. Physical path: 'N/A'
[2022-04-28 17:23:32.476 +05:30 INF] Request finished HTTP/2 GET https://localhost:7024/swagger/swagger-ui-bundle.js - - - 200 1092889 application/javascript 13.5871ms
[2022-04-28 17:23:32.482 +05:30 INF] Request finished HTTP/2 GET https://localhost:7024/swagger/swagger-ui-standalone-preset.js - - - 200 337162 application/javascript 19.7752ms
[2022-04-28 17:23:32.671 +05:30 INF] Request starting HTTP/2 GET https://localhost:7024/swagger/v1/swagger.json - -
[2022-04-28 17:23:32.757 +05:30 INF] Request finished HTTP/2 GET https://localhost:7024/swagger/v1/swagger.json - - - 200 - application/json;charset=utf-8 85.2955ms
[2022-04-28 17:23:38.756 +05:30 INF] Request starting HTTP/2 GET https://localhost:7024/User/Getuser?id=0 - -
[2022-04-28 17:23:38.758 +05:30 INF] Request:
Protocol: HTTP/2
Method: GET
Scheme: https
PathBase: 
Path: /User/Getuser
Accept: */*
Host: localhost:7024
User-Agent: Mozilla/5.0 (Windows NT 10.0; Win64; x64) AppleWebKit/537.36 (KHTML, like Gecko) Chrome/100.0.4896.75 Safari/537.36
:method: [Redacted]
Accept-Encoding: gzip, deflate, br
Accept-Language: en-US,en;q=0.9
Referer: [Redacted]
sec-ch-ua: [Redacted]
sec-ch-ua-mobile: [Redacted]
sec-ch-ua-platform: [Redacted]
sec-fetch-site: [Redacted]
sec-fetch-mode: [Redacted]
sec-fetch-dest: [Redacted]
[2022-04-28 17:23:38.762 +05:30 INF] Executing endpoint 'PMS.API.UserController.Getuser (PMS.API)'
[2022-04-28 17:23:38.782 +05:30 INF] Route matched with {action = "Getuser", controller = "User"}. Executing controller action with signature Microsoft.AspNetCore.Mvc.IActionResult Getuser(Int32) on controller PMS.API.UserController (PMS.API).
[2022-04-28 17:23:38.850 +05:30 INF] Executing ObjectResult, writing value of type 'Microsoft.AspNetCore.Mvc.ProblemDetails'.
[2022-04-28 17:23:38.852 +05:30 INF] Response:
StatusCode: 400
Content-Type: application/problem+json; charset=utf-8
[2022-04-28 17:23:38.858 +05:30 INF] Executed action PMS.API.UserController.Getuser (PMS.API) in 70.0874ms
[2022-04-28 17:23:38.859 +05:30 INF] Executed endpoint 'PMS.API.UserController.Getuser (PMS.API)'
[2022-04-28 17:23:38.859 +05:30 INF] ResponseBody: {"type":"https://tools.ietf.org/html/rfc7231#section-6.5.1","title":"Bad Request","status":400,"traceId":"00-2815d63160feccf0770d99f049a21fad-1a185d08788fd73e-00"}
[2022-04-28 17:23:38.860 +05:30 INF] Request finished HTTP/2 GET https://localhost:7024/User/Getuser?id=0 - - - 400 - application/problem+json;+charset=utf-8 103.4892ms
[2022-04-28 17:23:43.694 +05:30 INF] Request starting HTTP/2 GET https://localhost:7024/User/Getuser - -
[2022-04-28 17:23:43.696 +05:30 INF] Request:
Protocol: HTTP/2
Method: GET
Scheme: https
PathBase: 
Path: /User/Getuser
Accept: */*
Host: localhost:7024
User-Agent: Mozilla/5.0 (Windows NT 10.0; Win64; x64) AppleWebKit/537.36 (KHTML, like Gecko) Chrome/100.0.4896.75 Safari/537.36
:method: [Redacted]
Accept-Encoding: gzip, deflate, br
Accept-Language: en-US,en;q=0.9
Referer: [Redacted]
sec-ch-ua: [Redacted]
sec-ch-ua-mobile: [Redacted]
sec-ch-ua-platform: [Redacted]
sec-fetch-site: [Redacted]
sec-fetch-mode: [Redacted]
sec-fetch-dest: [Redacted]
[2022-04-28 17:23:43.696 +05:30 INF] Executing endpoint 'PMS.API.UserController.Getuser (PMS.API)'
[2022-04-28 17:23:43.696 +05:30 INF] Route matched with {action = "Getuser", controller = "User"}. Executing controller action with signature Microsoft.AspNetCore.Mvc.IActionResult Getuser(Int32) on controller PMS.API.UserController (PMS.API).
[2022-04-28 17:23:43.701 +05:30 INF] Executing ObjectResult, writing value of type 'Microsoft.AspNetCore.Mvc.ProblemDetails'.
[2022-04-28 17:23:43.701 +05:30 INF] Response:
StatusCode: 400
Content-Type: application/problem+json; charset=utf-8
[2022-04-28 17:23:43.701 +05:30 INF] Executed action PMS.API.UserController.Getuser (PMS.API) in 4.9657ms
[2022-04-28 17:23:43.702 +05:30 INF] Executed endpoint 'PMS.API.UserController.Getuser (PMS.API)'
[2022-04-28 17:23:43.702 +05:30 INF] ResponseBody: {"type":"https://tools.ietf.org/html/rfc7231#section-6.5.1","title":"Bad Request","status":400,"traceId":"00-a4349e8a95828cb000246a3a187f905a-b4d91d03557e5a4d-00"}
[2022-04-28 17:23:43.702 +05:30 INF] Request finished HTTP/2 GET https://localhost:7024/User/Getuser - - - 400 - application/problem+json;+charset=utf-8 7.4225ms
[2022-04-28 17:23:46.114 +05:30 INF] Request starting HTTP/2 GET https://localhost:7024/User/Getuser - -
[2022-04-28 17:23:46.114 +05:30 INF] Request:
Protocol: HTTP/2
Method: GET
Scheme: https
PathBase: 
Path: /User/Getuser
Accept: */*
Host: localhost:7024
User-Agent: Mozilla/5.0 (Windows NT 10.0; Win64; x64) AppleWebKit/537.36 (KHTML, like Gecko) Chrome/100.0.4896.75 Safari/537.36
:method: [Redacted]
Accept-Encoding: gzip, deflate, br
Accept-Language: en-US,en;q=0.9
Referer: [Redacted]
sec-ch-ua: [Redacted]
sec-ch-ua-mobile: [Redacted]
sec-ch-ua-platform: [Redacted]
sec-fetch-site: [Redacted]
sec-fetch-mode: [Redacted]
sec-fetch-dest: [Redacted]
[2022-04-28 17:23:46.115 +05:30 INF] Executing endpoint 'PMS.API.UserController.Getuser (PMS.API)'
[2022-04-28 17:23:46.115 +05:30 INF] Route matched with {action = "Getuser", controller = "User"}. Executing controller action with signature Microsoft.AspNetCore.Mvc.IActionResult Getuser(Int32) on controller PMS.API.UserController (PMS.API).
[2022-04-28 17:23:46.117 +05:30 INF] Executing ObjectResult, writing value of type 'Microsoft.AspNetCore.Mvc.ProblemDetails'.
[2022-04-28 17:23:46.117 +05:30 INF] Response:
StatusCode: 400
Content-Type: application/problem+json; charset=utf-8
[2022-04-28 17:23:46.117 +05:30 INF] Executed action PMS.API.UserController.Getuser (PMS.API) in 2.5743ms
[2022-04-28 17:23:46.117 +05:30 INF] Executed endpoint 'PMS.API.UserController.Getuser (PMS.API)'
[2022-04-28 17:23:46.118 +05:30 INF] ResponseBody: {"type":"https://tools.ietf.org/html/rfc7231#section-6.5.1","title":"Bad Request","status":400,"traceId":"00-6f41c9e51bfa46fc737dbca6e56d77f6-10a3617e3777739a-00"}
[2022-04-28 17:23:46.118 +05:30 INF] Request finished HTTP/2 GET https://localhost:7024/User/Getuser - - - 400 - application/problem+json;+charset=utf-8 3.7305ms
[2022-04-28 17:23:46.599 +05:30 INF] Request starting HTTP/2 GET https://localhost:7024/User/Getuser - -
[2022-04-28 17:23:46.599 +05:30 INF] Request:
Protocol: HTTP/2
Method: GET
Scheme: https
PathBase: 
Path: /User/Getuser
Accept: */*
Host: localhost:7024
User-Agent: Mozilla/5.0 (Windows NT 10.0; Win64; x64) AppleWebKit/537.36 (KHTML, like Gecko) Chrome/100.0.4896.75 Safari/537.36
:method: [Redacted]
Accept-Encoding: gzip, deflate, br
Accept-Language: en-US,en;q=0.9
Referer: [Redacted]
sec-ch-ua: [Redacted]
sec-ch-ua-mobile: [Redacted]
sec-ch-ua-platform: [Redacted]
sec-fetch-site: [Redacted]
sec-fetch-mode: [Redacted]
sec-fetch-dest: [Redacted]
[2022-04-28 17:23:46.599 +05:30 INF] Executing endpoint 'PMS.API.UserController.Getuser (PMS.API)'
[2022-04-28 17:23:46.599 +05:30 INF] Route matched with {action = "Getuser", controller = "User"}. Executing controller action with signature Microsoft.AspNetCore.Mvc.IActionResult Getuser(Int32) on controller PMS.API.UserController (PMS.API).
[2022-04-28 17:23:46.600 +05:30 INF] Executing ObjectResult, writing value of type 'Microsoft.AspNetCore.Mvc.ProblemDetails'.
[2022-04-28 17:23:46.600 +05:30 INF] Response:
StatusCode: 400
Content-Type: application/problem+json; charset=utf-8
[2022-04-28 17:23:46.600 +05:30 INF] Executed action PMS.API.UserController.Getuser (PMS.API) in 0.4584ms
[2022-04-28 17:23:46.600 +05:30 INF] Executed endpoint 'PMS.API.UserController.Getuser (PMS.API)'
[2022-04-28 17:23:46.600 +05:30 INF] ResponseBody: {"type":"https://tools.ietf.org/html/rfc7231#section-6.5.1","title":"Bad Request","status":400,"traceId":"00-6ee4f4ee4da5264c743be50a0bfa3a73-21d1d98cf2c00511-00"}
[2022-04-28 17:23:46.600 +05:30 INF] Request finished HTTP/2 GET https://localhost:7024/User/Getuser - - - 400 - application/problem+json;+charset=utf-8 0.9763ms
[2022-04-28 17:23:49.423 +05:30 INF] Request starting HTTP/2 GET https://localhost:7024/User/Getuser?id=4 - -
[2022-04-28 17:23:49.423 +05:30 INF] Request:
Protocol: HTTP/2
Method: GET
Scheme: https
PathBase: 
Path: /User/Getuser
Accept: */*
Host: localhost:7024
User-Agent: Mozilla/5.0 (Windows NT 10.0; Win64; x64) AppleWebKit/537.36 (KHTML, like Gecko) Chrome/100.0.4896.75 Safari/537.36
:method: [Redacted]
Accept-Encoding: gzip, deflate, br
Accept-Language: en-US,en;q=0.9
Referer: [Redacted]
sec-ch-ua: [Redacted]
sec-ch-ua-mobile: [Redacted]
sec-ch-ua-platform: [Redacted]
sec-fetch-site: [Redacted]
sec-fetch-mode: [Redacted]
sec-fetch-dest: [Redacted]
[2022-04-28 17:23:49.423 +05:30 INF] Executing endpoint 'PMS.API.UserController.Getuser (PMS.API)'
[2022-04-28 17:23:49.423 +05:30 INF] Route matched with {action = "Getuser", controller = "User"}. Executing controller action with signature Microsoft.AspNetCore.Mvc.IActionResult Getuser(Int32) on controller PMS.API.UserController (PMS.API).
[2022-04-28 17:23:50.459 +05:30 INF] Executing OkObjectResult, writing value of type 'null'.
[2022-04-28 17:23:50.459 +05:30 INF] Executed action PMS.API.UserController.Getuser (PMS.API) in 1035.5341ms
[2022-04-28 17:23:50.459 +05:30 INF] Executed endpoint 'PMS.API.UserController.Getuser (PMS.API)'
[2022-04-28 17:23:50.459 +05:30 INF] Response:
StatusCode: 204
Content-Length: 0
[2022-04-28 17:23:50.459 +05:30 INF] Request finished HTTP/2 GET https://localhost:7024/User/Getuser?id=4 - - - 204 0 - 1036.0798ms
[2022-04-28 17:23:59.404 +05:30 INF] Request starting HTTP/2 GET https://localhost:7024/User/Getuser?id=4 - -
[2022-04-28 17:23:59.404 +05:30 INF] Request:
Protocol: HTTP/2
Method: GET
Scheme: https
PathBase: 
Path: /User/Getuser
Accept: */*
Host: localhost:7024
User-Agent: Mozilla/5.0 (Windows NT 10.0; Win64; x64) AppleWebKit/537.36 (KHTML, like Gecko) Chrome/100.0.4896.75 Safari/537.36
:method: [Redacted]
Accept-Encoding: gzip, deflate, br
Accept-Language: en-US,en;q=0.9
Referer: [Redacted]
sec-ch-ua: [Redacted]
sec-ch-ua-mobile: [Redacted]
sec-ch-ua-platform: [Redacted]
sec-fetch-site: [Redacted]
sec-fetch-mode: [Redacted]
sec-fetch-dest: [Redacted]
[2022-04-28 17:23:59.404 +05:30 INF] Executing endpoint 'PMS.API.UserController.Getuser (PMS.API)'
[2022-04-28 17:23:59.404 +05:30 INF] Route matched with {action = "Getuser", controller = "User"}. Executing controller action with signature Microsoft.AspNetCore.Mvc.IActionResult Getuser(Int32) on controller PMS.API.UserController (PMS.API).
[2022-04-28 17:23:59.416 +05:30 INF] Executing OkObjectResult, writing value of type 'null'.
[2022-04-28 17:23:59.416 +05:30 INF] Executed action PMS.API.UserController.Getuser (PMS.API) in 12.0337ms
[2022-04-28 17:23:59.416 +05:30 INF] Executed endpoint 'PMS.API.UserController.Getuser (PMS.API)'
[2022-04-28 17:23:59.416 +05:30 INF] Response:
StatusCode: 204
Content-Length: 0
[2022-04-28 17:23:59.416 +05:30 INF] Request finished HTTP/2 GET https://localhost:7024/User/Getuser?id=4 - - - 204 0 - 12.5323ms
[2022-04-28 17:24:05.063 +05:30 INF] Request starting HTTP/2 GET https://localhost:7024/User/Getuser?id=1 - -
[2022-04-28 17:24:05.063 +05:30 INF] Request:
Protocol: HTTP/2
Method: GET
Scheme: https
PathBase: 
Path: /User/Getuser
Accept: */*
Host: localhost:7024
User-Agent: Mozilla/5.0 (Windows NT 10.0; Win64; x64) AppleWebKit/537.36 (KHTML, like Gecko) Chrome/100.0.4896.75 Safari/537.36
:method: [Redacted]
Accept-Encoding: gzip, deflate, br
Accept-Language: en-US,en;q=0.9
Referer: [Redacted]
sec-ch-ua: [Redacted]
sec-ch-ua-mobile: [Redacted]
sec-ch-ua-platform: [Redacted]
sec-fetch-site: [Redacted]
sec-fetch-mode: [Redacted]
sec-fetch-dest: [Redacted]
[2022-04-28 17:24:05.063 +05:30 INF] Executing endpoint 'PMS.API.UserController.Getuser (PMS.API)'
[2022-04-28 17:24:05.063 +05:30 INF] Route matched with {action = "Getuser", controller = "User"}. Executing controller action with signature Microsoft.AspNetCore.Mvc.IActionResult Getuser(Int32) on controller PMS.API.UserController (PMS.API).
[2022-04-28 17:24:05.167 +05:30 INF] Executing OkObjectResult, writing value of type 'PMS.API.User'.
[2022-04-28 17:24:05.169 +05:30 INF] Response:
StatusCode: 200
Content-Type: application/json; charset=utf-8
[2022-04-28 17:24:05.170 +05:30 INF] Executed action PMS.API.UserController.Getuser (PMS.API) in 106.3894ms
[2022-04-28 17:24:05.170 +05:30 INF] Executed endpoint 'PMS.API.UserController.Getuser (PMS.API)'
[2022-04-28 17:24:05.170 +05:30 INF] ResponseBody: {"id":1,"name":"Mahi","email":"mahi@gmail.com","userName":"mahi.ram","password":"9874563214","gender":"Male","mobileNo":6303363863,"organization":"Development","designation":"SSE","reporting_Person":"Brindha"}
[2022-04-28 17:24:05.170 +05:30 INF] Request finished HTTP/2 GET https://localhost:7024/User/Getuser?id=1 - - - 200 - application/json;+charset=utf-8 107.0218ms
[2022-04-28 17:24:13.633 +05:30 INF] Request starting HTTP/2 GET https://localhost:7024/User/Getuser?id=4 - -
[2022-04-28 17:24:13.634 +05:30 INF] Request:
Protocol: HTTP/2
Method: GET
Scheme: https
PathBase: 
Path: /User/Getuser
Accept: */*
Host: localhost:7024
User-Agent: Mozilla/5.0 (Windows NT 10.0; Win64; x64) AppleWebKit/537.36 (KHTML, like Gecko) Chrome/100.0.4896.75 Safari/537.36
:method: [Redacted]
Accept-Encoding: gzip, deflate, br
Accept-Language: en-US,en;q=0.9
Referer: [Redacted]
sec-ch-ua: [Redacted]
sec-ch-ua-mobile: [Redacted]
sec-ch-ua-platform: [Redacted]
sec-fetch-site: [Redacted]
sec-fetch-mode: [Redacted]
sec-fetch-dest: [Redacted]
[2022-04-28 17:24:13.634 +05:30 INF] Executing endpoint 'PMS.API.UserController.Getuser (PMS.API)'
[2022-04-28 17:24:13.634 +05:30 INF] Route matched with {action = "Getuser", controller = "User"}. Executing controller action with signature Microsoft.AspNetCore.Mvc.IActionResult Getuser(Int32) on controller PMS.API.UserController (PMS.API).
[2022-04-28 17:24:13.635 +05:30 INF] Executing OkObjectResult, writing value of type 'null'.
[2022-04-28 17:24:13.635 +05:30 INF] Executed action PMS.API.UserController.Getuser (PMS.API) in 1.6915ms
[2022-04-28 17:24:13.636 +05:30 INF] Executed endpoint 'PMS.API.UserController.Getuser (PMS.API)'
[2022-04-28 17:24:13.636 +05:30 INF] Response:
StatusCode: 204
Content-Length: 0
[2022-04-28 17:24:13.636 +05:30 INF] Request finished HTTP/2 GET https://localhost:7024/User/Getuser?id=4 - - - 204 0 - 2.3341ms
[2022-04-28 17:28:45.617 +05:30 INF] Request starting HTTP/2 GET https://localhost:7024/swagger/index.html - -
[2022-04-28 17:28:45.618 +05:30 INF] Request finished HTTP/2 GET https://localhost:7024/swagger/index.html - - - 200 - text/html;charset=utf-8 1.0851ms
[2022-04-28 17:28:45.632 +05:30 INF] Request starting HTTP/2 GET https://localhost:7024/swagger/swagger-ui.css - -
[2022-04-28 17:28:45.635 +05:30 INF] Sending file. Request path: '/swagger-ui.css'. Physical path: 'N/A'
[2022-04-28 17:28:45.635 +05:30 INF] Request finished HTTP/2 GET https://localhost:7024/swagger/swagger-ui.css - - - 200 143632 text/css 2.6488ms
[2022-04-28 17:28:45.702 +05:30 INF] Request starting HTTP/2 GET https://localhost:7024/swagger/v1/swagger.json - -
[2022-04-28 17:28:45.706 +05:30 INF] Request starting HTTP/2 GET https://localhost:7024/swagger/favicon-32x32.png - -
[2022-04-28 17:28:45.707 +05:30 INF] Sending file. Request path: '/favicon-32x32.png'. Physical path: 'N/A'
[2022-04-28 17:28:45.707 +05:30 INF] Request finished HTTP/2 GET https://localhost:7024/swagger/v1/swagger.json - - - 200 - application/json;charset=utf-8 4.4116ms
[2022-04-28 17:28:45.707 +05:30 INF] Request finished HTTP/2 GET https://localhost:7024/swagger/favicon-32x32.png - - - 200 628 image/png 0.4372ms
[2022-04-28 17:28:52.058 +05:30 INF] Request starting HTTP/2 GET https://localhost:7024/User/Getuser?id=4 - -
[2022-04-28 17:28:52.058 +05:30 INF] Request:
Protocol: HTTP/2
Method: GET
Scheme: https
PathBase: 
Path: /User/Getuser
Accept: */*
Host: localhost:7024
User-Agent: Mozilla/5.0 (Windows NT 10.0; Win64; x64) AppleWebKit/537.36 (KHTML, like Gecko) Chrome/100.0.4896.75 Safari/537.36
:method: [Redacted]
Accept-Encoding: gzip, deflate, br
Accept-Language: en-US,en;q=0.9
Referer: [Redacted]
sec-ch-ua: [Redacted]
sec-ch-ua-mobile: [Redacted]
sec-ch-ua-platform: [Redacted]
sec-fetch-site: [Redacted]
sec-fetch-mode: [Redacted]
sec-fetch-dest: [Redacted]
[2022-04-28 17:28:52.058 +05:30 INF] Executing endpoint 'PMS.API.UserController.Getuser (PMS.API)'
[2022-04-28 17:28:52.058 +05:30 INF] Route matched with {action = "Getuser", controller = "User"}. Executing controller action with signature Microsoft.AspNetCore.Mvc.IActionResult Getuser(Int32) on controller PMS.API.UserController (PMS.API).
[2022-04-28 17:28:52.062 +05:30 INF] Executing OkObjectResult, writing value of type 'null'.
[2022-04-28 17:28:52.062 +05:30 INF] Executed action PMS.API.UserController.Getuser (PMS.API) in 3.9008ms
[2022-04-28 17:28:52.062 +05:30 INF] Executed endpoint 'PMS.API.UserController.Getuser (PMS.API)'
[2022-04-28 17:28:52.062 +05:30 INF] Response:
StatusCode: 204
Content-Length: 0
[2022-04-28 17:28:52.062 +05:30 INF] Request finished HTTP/2 GET https://localhost:7024/User/Getuser?id=4 - - - 204 0 - 4.4906ms
[2022-04-28 17:31:53.372 +05:30 INF] Request starting HTTP/2 GET https://localhost:7024/swagger/index.html - -
[2022-04-28 17:31:53.372 +05:30 INF] Request finished HTTP/2 GET https://localhost:7024/swagger/index.html - - - 200 - text/html;charset=utf-8 0.5504ms
[2022-04-28 17:31:53.389 +05:30 INF] Request starting HTTP/2 GET https://localhost:7024/swagger/swagger-ui.css - -
[2022-04-28 17:31:53.391 +05:30 INF] Sending file. Request path: '/swagger-ui.css'. Physical path: 'N/A'
[2022-04-28 17:31:53.391 +05:30 INF] Request finished HTTP/2 GET https://localhost:7024/swagger/swagger-ui.css - - - 200 143632 text/css 2.0222ms
[2022-04-28 17:31:53.611 +05:30 INF] Request starting HTTP/2 GET https://localhost:7024/swagger/v1/swagger.json - -
[2022-04-28 17:31:53.631 +05:30 INF] Request starting HTTP/2 GET https://localhost:7024/swagger/favicon-32x32.png - -
[2022-04-28 17:31:53.631 +05:30 INF] Sending file. Request path: '/favicon-32x32.png'. Physical path: 'N/A'
[2022-04-28 17:31:53.631 +05:30 INF] Request finished HTTP/2 GET https://localhost:7024/swagger/favicon-32x32.png - - - 200 628 image/png 0.3285ms
[2022-04-28 17:31:53.632 +05:30 INF] Request finished HTTP/2 GET https://localhost:7024/swagger/v1/swagger.json - - - 200 - application/json;charset=utf-8 20.3531ms
[2022-04-28 17:31:59.797 +05:30 INF] Request starting HTTP/2 GET https://localhost:7024/User/Getuser?id=4 - -
[2022-04-28 17:31:59.798 +05:30 INF] Request:
Protocol: HTTP/2
Method: GET
Scheme: https
PathBase: 
Path: /User/Getuser
Accept: */*
Host: localhost:7024
User-Agent: Mozilla/5.0 (Windows NT 10.0; Win64; x64) AppleWebKit/537.36 (KHTML, like Gecko) Chrome/100.0.4896.75 Safari/537.36
:method: [Redacted]
Accept-Encoding: gzip, deflate, br
Accept-Language: en-US,en;q=0.9
Referer: [Redacted]
sec-ch-ua: [Redacted]
sec-ch-ua-mobile: [Redacted]
sec-ch-ua-platform: [Redacted]
sec-fetch-site: [Redacted]
sec-fetch-mode: [Redacted]
sec-fetch-dest: [Redacted]
[2022-04-28 17:31:59.798 +05:30 INF] Executing endpoint 'PMS.API.UserController.Getuser (PMS.API)'
[2022-04-28 17:31:59.798 +05:30 INF] Route matched with {action = "Getuser", controller = "User"}. Executing controller action with signature Microsoft.AspNetCore.Mvc.IActionResult Getuser(Int32) on controller PMS.API.UserController (PMS.API).
[2022-04-28 17:31:59.801 +05:30 INF] Executing OkObjectResult, writing value of type 'null'.
[2022-04-28 17:31:59.801 +05:30 INF] Executed action PMS.API.UserController.Getuser (PMS.API) in 3.4722ms
[2022-04-28 17:31:59.801 +05:30 INF] Executed endpoint 'PMS.API.UserController.Getuser (PMS.API)'
[2022-04-28 17:31:59.801 +05:30 INF] Response:
StatusCode: 204
Content-Length: 0
[2022-04-28 17:31:59.801 +05:30 INF] Request finished HTTP/2 GET https://localhost:7024/User/Getuser?id=4 - - - 204 0 - 3.9615ms
[2022-04-28 17:32:08.721 +05:30 INF] Request starting HTTP/2 GET https://localhost:7024/User/Getuser?id=1 - -
[2022-04-28 17:32:08.721 +05:30 INF] Request:
Protocol: HTTP/2
Method: GET
Scheme: https
PathBase: 
Path: /User/Getuser
Accept: */*
Host: localhost:7024
User-Agent: Mozilla/5.0 (Windows NT 10.0; Win64; x64) AppleWebKit/537.36 (KHTML, like Gecko) Chrome/100.0.4896.75 Safari/537.36
:method: [Redacted]
Accept-Encoding: gzip, deflate, br
Accept-Language: en-US,en;q=0.9
Referer: [Redacted]
sec-ch-ua: [Redacted]
sec-ch-ua-mobile: [Redacted]
sec-ch-ua-platform: [Redacted]
sec-fetch-site: [Redacted]
sec-fetch-mode: [Redacted]
sec-fetch-dest: [Redacted]
[2022-04-28 17:32:08.721 +05:30 INF] Executing endpoint 'PMS.API.UserController.Getuser (PMS.API)'
[2022-04-28 17:32:08.721 +05:30 INF] Route matched with {action = "Getuser", controller = "User"}. Executing controller action with signature Microsoft.AspNetCore.Mvc.IActionResult Getuser(Int32) on controller PMS.API.UserController (PMS.API).
[2022-04-28 17:32:08.725 +05:30 INF] Executing OkObjectResult, writing value of type 'PMS.API.User'.
[2022-04-28 17:32:08.725 +05:30 INF] Response:
StatusCode: 200
Content-Type: application/json; charset=utf-8
[2022-04-28 17:32:08.725 +05:30 INF] Executed action PMS.API.UserController.Getuser (PMS.API) in 4.1875ms
[2022-04-28 17:32:08.725 +05:30 INF] Executed endpoint 'PMS.API.UserController.Getuser (PMS.API)'
[2022-04-28 17:32:08.725 +05:30 INF] ResponseBody: {"id":1,"name":"Mahi","email":"mahi@gmail.com","userName":"mahi.ram","password":"9874563214","gender":"Male","mobileNo":6303363863,"organization":"Development","designation":"SSE","reporting_Person":"Brindha"}
[2022-04-28 17:32:08.725 +05:30 INF] Request finished HTTP/2 GET https://localhost:7024/User/Getuser?id=1 - - - 200 - application/json;+charset=utf-8 4.6593ms
[2022-04-28 17:44:13.107 +05:30 INF] Request starting HTTP/2 GET https://localhost:7024/User/Getuser?id=1 - -
[2022-04-28 17:44:13.107 +05:30 INF] Request:
Protocol: HTTP/2
Method: GET
Scheme: https
PathBase: 
Path: /User/Getuser
Accept: */*
Host: localhost:7024
User-Agent: Mozilla/5.0 (Windows NT 10.0; Win64; x64) AppleWebKit/537.36 (KHTML, like Gecko) Chrome/100.0.4896.75 Safari/537.36
:method: [Redacted]
Accept-Encoding: gzip, deflate, br
Accept-Language: en-US,en;q=0.9
Referer: [Redacted]
sec-ch-ua: [Redacted]
sec-ch-ua-mobile: [Redacted]
sec-ch-ua-platform: [Redacted]
sec-fetch-site: [Redacted]
sec-fetch-mode: [Redacted]
sec-fetch-dest: [Redacted]
[2022-04-28 17:44:13.107 +05:30 INF] Executing endpoint 'PMS.API.UserController.Getuser (PMS.API)'
[2022-04-28 17:44:13.107 +05:30 INF] Route matched with {action = "Getuser", controller = "User"}. Executing controller action with signature Microsoft.AspNetCore.Mvc.IActionResult Getuser(Int32) on controller PMS.API.UserController (PMS.API).
[2022-04-28 17:44:13.193 +05:30 INF] Executing OkObjectResult, writing value of type 'PMS.API.User'.
[2022-04-28 17:44:13.193 +05:30 INF] Response:
StatusCode: 200
Content-Type: application/json; charset=utf-8
[2022-04-28 17:44:13.193 +05:30 INF] Executed action PMS.API.UserController.Getuser (PMS.API) in 86.3642ms
[2022-04-28 17:44:13.194 +05:30 INF] Executed endpoint 'PMS.API.UserController.Getuser (PMS.API)'
[2022-04-28 17:44:13.194 +05:30 INF] ResponseBody: {"id":1,"name":"Mahi","email":"mahi@gmail.com","userName":"mahi.ram","password":"9874563214","gender":"Male","mobileNo":6303363863,"organization":"Development","designation":"SSE","reporting_Person":"Brindha"}
[2022-04-28 17:44:13.194 +05:30 INF] Request finished HTTP/2 GET https://localhost:7024/User/Getuser?id=1 - - - 200 - application/json;+charset=utf-8 86.9198ms
