[2022-05-05 09:39:19.811 +05:30 INF] Now listening on: https://localhost:7224
[2022-05-05 09:39:19.837 +05:30 INF] Now listening on: http://localhost:5235
[2022-05-05 09:39:19.840 +05:30 INF] Application started. Press Ctrl+C to shut down.
[2022-05-05 09:39:19.840 +05:30 INF] Hosting environment: Development
[2022-05-05 09:39:19.841 +05:30 INF] Content root path: C:\Users\brindha.muruga\Desktop\Profile\
[2022-05-05 09:39:28.608 +05:30 INF] Request starting HTTP/2 GET https://localhost:7224/ - -
[2022-05-05 09:39:28.678 +05:30 INF] Request:
Protocol: HTTP/2
Method: GET
Scheme: https
PathBase: 
Path: /
Accept: text/html,application/xhtml+xml,application/xml;q=0.9,image/webp,image/apng,*/*;q=0.8,application/signed-exchange;v=b3;q=0.9
Host: localhost:7224
User-Agent: Mozilla/5.0 (Windows NT 10.0; Win64; x64) AppleWebKit/537.36 (KHTML, like Gecko) Chrome/101.0.4951.41 Safari/537.36 Edg/101.0.1210.32
:method: [Redacted]
Accept-Encoding: gzip, deflate, br
Accept-Language: en-US,en;q=0.9
Upgrade-Insecure-Requests: [Redacted]
sec-ch-ua: [Redacted]
sec-ch-ua-mobile: [Redacted]
sec-ch-ua-platform: [Redacted]
sec-fetch-site: [Redacted]
sec-fetch-mode: [Redacted]
sec-fetch-user: [Redacted]
sec-fetch-dest: [Redacted]
[2022-05-05 09:39:28.679 +05:30 INF] Response:
StatusCode: 404
[2022-05-05 09:39:28.682 +05:30 INF] Request finished HTTP/2 GET https://localhost:7224/ - - - 404 0 - 79.2338ms
[2022-05-05 09:39:31.119 +05:30 INF] Request starting HTTP/2 GET https://localhost:7224/swagger - -
[2022-05-05 09:39:31.120 +05:30 INF] Request finished HTTP/2 GET https://localhost:7224/swagger - - - 301 0 - 0.7413ms
[2022-05-05 09:39:31.122 +05:30 INF] Request starting HTTP/2 GET https://localhost:7224/swagger/index.html - -
[2022-05-05 09:39:31.176 +05:30 INF] Request finished HTTP/2 GET https://localhost:7224/swagger/index.html - - - 200 - text/html;charset=utf-8 54.0506ms
[2022-05-05 09:39:31.195 +05:30 INF] Request starting HTTP/2 GET https://localhost:7224/swagger/swagger-ui.css - -
[2022-05-05 09:39:31.195 +05:30 INF] Request starting HTTP/2 GET https://localhost:7224/swagger/swagger-ui-bundle.js - -
[2022-05-05 09:39:31.196 +05:30 INF] Request starting HTTP/2 GET https://localhost:7224/swagger/swagger-ui-standalone-preset.js - -
[2022-05-05 09:39:31.215 +05:30 INF] Sending file. Request path: '/swagger-ui-standalone-preset.js'. Physical path: 'N/A'
[2022-05-05 09:39:31.215 +05:30 INF] Sending file. Request path: '/swagger-ui.css'. Physical path: 'N/A'
[2022-05-05 09:39:31.215 +05:30 INF] Sending file. Request path: '/swagger-ui-bundle.js'. Physical path: 'N/A'
[2022-05-05 09:39:31.216 +05:30 INF] Request finished HTTP/2 GET https://localhost:7224/swagger/swagger-ui.css - - - 200 143632 text/css 21.2877ms
[2022-05-05 09:39:31.216 +05:30 INF] Request finished HTTP/2 GET https://localhost:7224/swagger/swagger-ui-standalone-preset.js - - - 200 337162 application/javascript 19.8444ms
[2022-05-05 09:39:31.216 +05:30 INF] Request finished HTTP/2 GET https://localhost:7224/swagger/swagger-ui-bundle.js - - - 200 1092889 application/javascript 21.1858ms
[2022-05-05 09:39:32.948 +05:30 INF] Request starting HTTP/2 GET https://localhost:7224/swagger - -
[2022-05-05 09:39:32.948 +05:30 INF] Request finished HTTP/2 GET https://localhost:7224/swagger - - - 301 0 - 0.2618ms
[2022-05-05 09:39:32.951 +05:30 INF] Request starting HTTP/2 GET https://localhost:7224/swagger/index.html - -
[2022-05-05 09:39:32.952 +05:30 INF] Request finished HTTP/2 GET https://localhost:7224/swagger/index.html - - - 200 - text/html;charset=utf-8 0.7313ms
[2022-05-05 09:39:32.977 +05:30 INF] Request starting HTTP/2 GET https://localhost:7224/swagger/swagger-ui.css - -
[2022-05-05 09:39:32.977 +05:30 INF] Request starting HTTP/2 GET https://localhost:7224/swagger/swagger-ui-bundle.js - -
[2022-05-05 09:39:32.978 +05:30 INF] Request starting HTTP/2 GET https://localhost:7224/swagger/swagger-ui-standalone-preset.js - -
[2022-05-05 09:39:32.979 +05:30 INF] Sending file. Request path: '/swagger-ui.css'. Physical path: 'N/A'
[2022-05-05 09:39:32.979 +05:30 INF] Request finished HTTP/2 GET https://localhost:7224/swagger/swagger-ui.css - - - 200 143632 text/css 2.5858ms
[2022-05-05 09:39:32.986 +05:30 INF] Sending file. Request path: '/swagger-ui-standalone-preset.js'. Physical path: 'N/A'
[2022-05-05 09:39:32.987 +05:30 INF] Request finished HTTP/2 GET https://localhost:7224/swagger/swagger-ui-standalone-preset.js - - - 200 337162 application/javascript 8.7015ms
[2022-05-05 09:39:32.993 +05:30 INF] Sending file. Request path: '/swagger-ui-bundle.js'. Physical path: 'N/A'
[2022-05-05 09:39:32.993 +05:30 INF] Request finished HTTP/2 GET https://localhost:7224/swagger/swagger-ui-bundle.js - - - 200 1092889 application/javascript 15.5787ms
[2022-05-05 09:39:33.178 +05:30 INF] Request starting HTTP/2 GET https://localhost:7224/swagger/v1/swagger.json - -
[2022-05-05 09:39:33.241 +05:30 INF] Request finished HTTP/2 GET https://localhost:7224/swagger/v1/swagger.json - - - 200 - application/json;charset=utf-8 62.0844ms
[2022-05-05 09:39:38.094 +05:30 INF] Request starting HTTP/2 GET https://localhost:7224/College/ViewColleges - -
[2022-05-05 09:39:38.096 +05:30 INF] Request:
Protocol: HTTP/2
Method: GET
Scheme: https
PathBase: 
Path: /College/ViewColleges
Accept: */*
Host: localhost:7224
User-Agent: Mozilla/5.0 (Windows NT 10.0; Win64; x64) AppleWebKit/537.36 (KHTML, like Gecko) Chrome/101.0.4951.41 Safari/537.36 Edg/101.0.1210.32
:method: [Redacted]
Accept-Encoding: gzip, deflate, br
Accept-Language: en-US,en;q=0.9
Referer: [Redacted]
sec-ch-ua: [Redacted]
sec-ch-ua-mobile: [Redacted]
sec-ch-ua-platform: [Redacted]
sec-fetch-site: [Redacted]
sec-fetch-mode: [Redacted]
sec-fetch-dest: [Redacted]
[2022-05-05 09:39:38.099 +05:30 INF] Executing endpoint 'PROFILE.Controllers.CollegeController.ViewColleges (Profile)'
[2022-05-05 09:39:38.107 +05:30 INF] Route matched with {action = "ViewColleges", controller = "College"}. Executing controller action with signature Microsoft.AspNetCore.Mvc.IActionResult ViewColleges() on controller PROFILE.Controllers.CollegeController (Profile).
[2022-05-05 09:39:39.245 +05:30 INF] Executing OkObjectResult, writing value of type 'System.Linq.Enumerable+WhereListIterator`1[[PROFILE.Models.College, Profile, Version=1.0.0.0, Culture=neutral, PublicKeyToken=null]]'.
[2022-05-05 09:39:39.252 +05:30 INF] Executed action PROFILE.Controllers.CollegeController.ViewColleges (Profile) in 1139.452ms
[2022-05-05 09:39:39.253 +05:30 INF] Executed endpoint 'PROFILE.Controllers.CollegeController.ViewColleges (Profile)'
[2022-05-05 09:39:39.253 +05:30 INF] Response:
StatusCode: 200
Content-Type: application/json; charset=utf-8
Date: Thu, 05 May 2022 04:09:38 GMT
Server: Kestrel
[2022-05-05 09:39:39.253 +05:30 INF] Request finished HTTP/2 GET https://localhost:7224/College/ViewColleges - - - 200 - application/json;+charset=utf-8 1159.4181ms
[2022-05-05 12:02:12.861 +05:30 INF] Application is shutting down...
[2022-05-05 12:02:34.849 +05:30 INF] Now listening on: https://localhost:7224
[2022-05-05 12:02:34.875 +05:30 INF] Now listening on: http://localhost:5235
[2022-05-05 12:02:34.877 +05:30 INF] Application started. Press Ctrl+C to shut down.
[2022-05-05 12:02:34.878 +05:30 INF] Hosting environment: Development
[2022-05-05 12:02:34.878 +05:30 INF] Content root path: C:\Users\brindha.muruga\Desktop\Profile\
[2022-05-05 12:03:04.125 +05:30 INF] Request starting HTTP/2 GET https://localhost:7224/ - -
[2022-05-05 12:03:04.183 +05:30 INF] Request:
Protocol: HTTP/2
Method: GET
Scheme: https
PathBase: 
Path: /
Accept: text/html,application/xhtml+xml,application/xml;q=0.9,image/webp,image/apng,*/*;q=0.8,application/signed-exchange;v=b3;q=0.9
Host: localhost:7224
User-Agent: Mozilla/5.0 (Windows NT 10.0; Win64; x64) AppleWebKit/537.36 (KHTML, like Gecko) Chrome/101.0.4951.41 Safari/537.36 Edg/101.0.1210.32
:method: [Redacted]
Accept-Encoding: gzip, deflate, br
Accept-Language: en-US,en;q=0.9
Upgrade-Insecure-Requests: [Redacted]
sec-ch-ua: [Redacted]
sec-ch-ua-mobile: [Redacted]
sec-ch-ua-platform: [Redacted]
sec-fetch-site: [Redacted]
sec-fetch-mode: [Redacted]
sec-fetch-user: [Redacted]
sec-fetch-dest: [Redacted]
[2022-05-05 12:03:04.184 +05:30 INF] Response:
StatusCode: 404
[2022-05-05 12:03:04.189 +05:30 INF] Request finished HTTP/2 GET https://localhost:7224/ - - - 404 0 - 66.8345ms
[2022-05-05 12:03:07.382 +05:30 INF] Request starting HTTP/2 GET https://localhost:7224/swagger - -
[2022-05-05 12:03:07.383 +05:30 INF] Request finished HTTP/2 GET https://localhost:7224/swagger - - - 301 0 - 0.9329ms
[2022-05-05 12:03:07.386 +05:30 INF] Request starting HTTP/2 GET https://localhost:7224/swagger/index.html - -
[2022-05-05 12:03:07.442 +05:30 INF] Request finished HTTP/2 GET https://localhost:7224/swagger/index.html - - - 200 - text/html;charset=utf-8 55.4601ms
[2022-05-05 12:03:07.461 +05:30 INF] Request starting HTTP/2 GET https://localhost:7224/swagger/swagger-ui.css - -
[2022-05-05 12:03:07.461 +05:30 INF] Request starting HTTP/2 GET https://localhost:7224/swagger/swagger-ui-bundle.js - -
[2022-05-05 12:03:07.463 +05:30 INF] Request starting HTTP/2 GET https://localhost:7224/swagger/swagger-ui-standalone-preset.js - -
[2022-05-05 12:03:07.478 +05:30 INF] Sending file. Request path: '/swagger-ui.css'. Physical path: 'N/A'
[2022-05-05 12:03:07.478 +05:30 INF] Sending file. Request path: '/swagger-ui-standalone-preset.js'. Physical path: 'N/A'
[2022-05-05 12:03:07.478 +05:30 INF] Sending file. Request path: '/swagger-ui-bundle.js'. Physical path: 'N/A'
[2022-05-05 12:03:07.480 +05:30 INF] Request finished HTTP/2 GET https://localhost:7224/swagger/swagger-ui-bundle.js - - - 200 1092889 application/javascript 18.5753ms
[2022-05-05 12:03:07.480 +05:30 INF] Request finished HTTP/2 GET https://localhost:7224/swagger/swagger-ui.css - - - 200 143632 text/css 18.6842ms
[2022-05-05 12:03:07.480 +05:30 INF] Request finished HTTP/2 GET https://localhost:7224/swagger/swagger-ui-standalone-preset.js - - - 200 337162 application/javascript 16.6162ms
[2022-05-05 12:03:09.374 +05:30 INF] Request starting HTTP/2 GET https://localhost:7224/swagger - -
[2022-05-05 12:03:09.375 +05:30 INF] Request finished HTTP/2 GET https://localhost:7224/swagger - - - 301 0 - 0.2338ms
[2022-05-05 12:03:09.381 +05:30 INF] Request starting HTTP/2 GET https://localhost:7224/swagger/index.html - -
[2022-05-05 12:03:09.382 +05:30 INF] Request finished HTTP/2 GET https://localhost:7224/swagger/index.html - - - 200 - text/html;charset=utf-8 1.2995ms
[2022-05-05 12:03:09.404 +05:30 INF] Request starting HTTP/2 GET https://localhost:7224/swagger/swagger-ui.css - -
[2022-05-05 12:03:09.405 +05:30 INF] Request starting HTTP/2 GET https://localhost:7224/swagger/swagger-ui-bundle.js - -
[2022-05-05 12:03:09.405 +05:30 INF] Request starting HTTP/2 GET https://localhost:7224/swagger/swagger-ui-standalone-preset.js - -
[2022-05-05 12:03:09.408 +05:30 INF] Sending file. Request path: '/swagger-ui.css'. Physical path: 'N/A'
[2022-05-05 12:03:09.409 +05:30 INF] Request finished HTTP/2 GET https://localhost:7224/swagger/swagger-ui.css - - - 200 143632 text/css 4.2368ms
[2022-05-05 12:03:09.414 +05:30 INF] Sending file. Request path: '/swagger-ui-standalone-preset.js'. Physical path: 'N/A'
[2022-05-05 12:03:09.414 +05:30 INF] Request finished HTTP/2 GET https://localhost:7224/swagger/swagger-ui-standalone-preset.js - - - 200 337162 application/javascript 9.2692ms
[2022-05-05 12:03:09.421 +05:30 INF] Sending file. Request path: '/swagger-ui-bundle.js'. Physical path: 'N/A'
[2022-05-05 12:03:09.421 +05:30 INF] Request finished HTTP/2 GET https://localhost:7224/swagger/swagger-ui-bundle.js - - - 200 1092889 application/javascript 16.1640ms
[2022-05-05 12:03:09.608 +05:30 INF] Request starting HTTP/2 GET https://localhost:7224/swagger/v1/swagger.json - -
[2022-05-05 12:03:09.673 +05:30 INF] Request finished HTTP/2 GET https://localhost:7224/swagger/v1/swagger.json - - - 200 - application/json;charset=utf-8 65.2857ms
[2022-05-05 12:03:13.371 +05:30 INF] Request starting HTTP/2 GET https://localhost:7224/swagger/index.html - -
[2022-05-05 12:03:13.372 +05:30 INF] Request finished HTTP/2 GET https://localhost:7224/swagger/index.html - - - 200 - text/html;charset=utf-8 0.4623ms
[2022-05-05 12:03:13.463 +05:30 INF] Request starting HTTP/2 GET https://localhost:7224/swagger/v1/swagger.json - -
[2022-05-05 12:03:13.464 +05:30 INF] Request finished HTTP/2 GET https://localhost:7224/swagger/v1/swagger.json - - - 200 - application/json;charset=utf-8 1.1606ms
[2022-05-05 12:03:13.470 +05:30 INF] Request starting HTTP/2 GET https://localhost:7224/swagger/favicon-32x32.png - -
[2022-05-05 12:03:13.470 +05:30 INF] Sending file. Request path: '/favicon-32x32.png'. Physical path: 'N/A'
[2022-05-05 12:03:13.470 +05:30 INF] Request finished HTTP/2 GET https://localhost:7224/swagger/favicon-32x32.png - - - 200 628 image/png 0.2677ms
