[2022-05-06 11:55:43.718 +05:30 INF] Now listening on: https://localhost:7224
[2022-05-06 11:55:43.743 +05:30 INF] Now listening on: http://localhost:5235
[2022-05-06 11:55:43.746 +05:30 INF] Application started. Press Ctrl+C to shut down.
[2022-05-06 11:55:43.747 +05:30 INF] Hosting environment: Development
[2022-05-06 11:55:43.747 +05:30 INF] Content root path: C:\Users\brindha.muruga\Desktop\Profile\Profile\
[2022-05-06 11:56:21.325 +05:30 INF] Request starting HTTP/2 GET https://localhost:7224/College/ViewColleges - -
[2022-05-06 11:56:21.394 +05:30 INF] Request:
Protocol: HTTP/2
Method: GET
Scheme: https
PathBase: 
Path: /College/ViewColleges
Accept: text/html,application/xhtml+xml,application/xml;q=0.9,image/webp,image/apng,*/*;q=0.8,application/signed-exchange;v=b3;q=0.9
Host: localhost:7224
User-Agent: Mozilla/5.0 (Windows NT 10.0; Win64; x64) AppleWebKit/537.36 (KHTML, like Gecko) Chrome/101.0.4951.41 Safari/537.36 Edg/101.0.1210.32
:method: [Redacted]
Accept-Encoding: gzip, deflate, br
Accept-Language: en-US,en;q=0.9
Upgrade-Insecure-Requests: [Redacted]
sec-ch-ua: [Redacted]
sec-ch-ua-mobile: [Redacted]
sec-ch-ua-platform: [Redacted]
sec-fetch-site: [Redacted]
sec-fetch-mode: [Redacted]
sec-fetch-user: [Redacted]
sec-fetch-dest: [Redacted]
[2022-05-06 11:56:21.398 +05:30 INF] Executing endpoint 'PROFILE.Controllers.CollegeController.ViewColleges (Profile)'
[2022-05-06 11:56:21.407 +05:30 INF] Route matched with {action = "ViewColleges", controller = "College"}. Executing controller action with signature Microsoft.AspNetCore.Mvc.IActionResult ViewColleges() on controller PROFILE.Controllers.CollegeController (Profile).
[2022-05-06 11:56:21.489 +05:30 INF] List of Colleges......
[2022-05-06 11:56:22.599 +05:30 INF] Executing OkObjectResult, writing value of type 'System.Linq.Enumerable+WhereListIterator`1[[PROFILE.Models.College, Profile, Version=1.0.0.0, Culture=neutral, PublicKeyToken=null]]'.
[2022-05-06 11:56:22.627 +05:30 INF] Executed action PROFILE.Controllers.CollegeController.ViewColleges (Profile) in 1210.4216ms
[2022-05-06 11:56:22.628 +05:30 INF] Executed endpoint 'PROFILE.Controllers.CollegeController.ViewColleges (Profile)'
[2022-05-06 11:56:22.628 +05:30 INF] Response:
StatusCode: 200
Content-Type: application/json; charset=utf-8
Date: Fri, 06 May 2022 06:26:21 GMT
Server: Kestrel
[2022-05-06 11:56:22.630 +05:30 INF] Request finished HTTP/2 GET https://localhost:7224/College/ViewColleges - - - 200 - application/json;+charset=utf-8 1309.4891ms
[2022-05-06 11:56:22.659 +05:30 INF] Request starting HTTP/2 GET https://localhost:7224/favicon.ico - -
[2022-05-06 11:56:22.661 +05:30 INF] Request:
Protocol: HTTP/2
Method: GET
Scheme: https
PathBase: 
Path: /favicon.ico
Accept: image/webp,image/apng,image/svg+xml,image/*,*/*;q=0.8
Host: localhost:7224
User-Agent: Mozilla/5.0 (Windows NT 10.0; Win64; x64) AppleWebKit/537.36 (KHTML, like Gecko) Chrome/101.0.4951.41 Safari/537.36 Edg/101.0.1210.32
:method: [Redacted]
Accept-Encoding: gzip, deflate, br
Accept-Language: en-US,en;q=0.9
Referer: [Redacted]
sec-ch-ua: [Redacted]
sec-ch-ua-mobile: [Redacted]
sec-ch-ua-platform: [Redacted]
sec-fetch-site: [Redacted]
sec-fetch-mode: [Redacted]
sec-fetch-dest: [Redacted]
[2022-05-06 11:56:22.661 +05:30 INF] Response:
StatusCode: 404
[2022-05-06 11:56:22.662 +05:30 INF] Request finished HTTP/2 GET https://localhost:7224/favicon.ico - - - 404 0 - 2.8265ms
[2022-05-06 11:56:22.813 +05:30 INF] Request starting HTTP/2 GET https://localhost:7224/College/ViewColleges - -
[2022-05-06 11:56:22.814 +05:30 INF] Request:
Protocol: HTTP/2
Method: GET
Scheme: https
PathBase: 
Path: /College/ViewColleges
Accept: text/html,application/xhtml+xml,application/xml;q=0.9,image/webp,image/apng,*/*;q=0.8,application/signed-exchange;v=b3;q=0.9
Host: localhost:7224
User-Agent: Mozilla/5.0 (Windows NT 10.0; Win64; x64) AppleWebKit/537.36 (KHTML, like Gecko) Chrome/101.0.4951.41 Safari/537.36 Edg/101.0.1210.32
:method: [Redacted]
Accept-Encoding: gzip, deflate, br
Accept-Language: en-US,en;q=0.9
Upgrade-Insecure-Requests: [Redacted]
sec-ch-ua: [Redacted]
sec-ch-ua-mobile: [Redacted]
sec-ch-ua-platform: [Redacted]
sec-fetch-site: [Redacted]
sec-fetch-mode: [Redacted]
sec-fetch-user: [Redacted]
sec-fetch-dest: [Redacted]
[2022-05-06 11:56:22.814 +05:30 INF] Executing endpoint 'PROFILE.Controllers.CollegeController.ViewColleges (Profile)'
[2022-05-06 11:56:22.815 +05:30 INF] Route matched with {action = "ViewColleges", controller = "College"}. Executing controller action with signature Microsoft.AspNetCore.Mvc.IActionResult ViewColleges() on controller PROFILE.Controllers.CollegeController (Profile).
[2022-05-06 11:56:22.824 +05:30 INF] List of Colleges......
[2022-05-06 11:56:22.908 +05:30 INF] Executing OkObjectResult, writing value of type 'System.Linq.Enumerable+WhereListIterator`1[[PROFILE.Models.College, Profile, Version=1.0.0.0, Culture=neutral, PublicKeyToken=null]]'.
[2022-05-06 11:56:22.908 +05:30 INF] Executed action PROFILE.Controllers.CollegeController.ViewColleges (Profile) in 93.5663ms
[2022-05-06 11:56:22.909 +05:30 INF] Executed endpoint 'PROFILE.Controllers.CollegeController.ViewColleges (Profile)'
[2022-05-06 11:56:22.909 +05:30 INF] Response:
StatusCode: 200
Content-Type: application/json; charset=utf-8
Date: Fri, 06 May 2022 06:26:21 GMT
Server: Kestrel
[2022-05-06 11:56:22.909 +05:30 INF] Request finished HTTP/2 GET https://localhost:7224/College/ViewColleges - - - 200 - application/json;+charset=utf-8 96.0683ms
[2022-05-06 11:56:32.220 +05:30 INF] Request starting HTTP/2 GET https://localhost:7224/swagger - -
[2022-05-06 11:56:32.222 +05:30 INF] Request finished HTTP/2 GET https://localhost:7224/swagger - - - 301 0 - 1.4447ms
[2022-05-06 11:56:32.224 +05:30 INF] Request starting HTTP/2 GET https://localhost:7224/swagger/index.html - -
[2022-05-06 11:56:32.258 +05:30 INF] Request finished HTTP/2 GET https://localhost:7224/swagger/index.html - - - 200 - text/html;charset=utf-8 34.2618ms
[2022-05-06 11:56:32.275 +05:30 INF] Request starting HTTP/2 GET https://localhost:7224/swagger/swagger-ui.css - -
[2022-05-06 11:56:32.275 +05:30 INF] Request starting HTTP/2 GET https://localhost:7224/swagger/swagger-ui-bundle.js - -
[2022-05-06 11:56:32.276 +05:30 INF] Request starting HTTP/2 GET https://localhost:7224/swagger/swagger-ui-standalone-preset.js - -
[2022-05-06 11:56:32.291 +05:30 INF] Sending file. Request path: '/swagger-ui.css'. Physical path: 'N/A'
[2022-05-06 11:56:32.292 +05:30 INF] Sending file. Request path: '/swagger-ui-standalone-preset.js'. Physical path: 'N/A'
[2022-05-06 11:56:32.293 +05:30 INF] Request finished HTTP/2 GET https://localhost:7224/swagger/swagger-ui.css - - - 200 143632 text/css 17.5452ms
[2022-05-06 11:56:32.293 +05:30 INF] Request finished HTTP/2 GET https://localhost:7224/swagger/swagger-ui-standalone-preset.js - - - 200 337162 application/javascript 17.0531ms
[2022-05-06 11:56:32.295 +05:30 INF] Sending file. Request path: '/swagger-ui-bundle.js'. Physical path: 'N/A'
[2022-05-06 11:56:32.295 +05:30 INF] Request finished HTTP/2 GET https://localhost:7224/swagger/swagger-ui-bundle.js - - - 200 1092889 application/javascript 19.7353ms
[2022-05-06 11:56:32.313 +05:30 INF] Request starting HTTP/2 GET https://localhost:7224/swagger - -
[2022-05-06 11:56:32.314 +05:30 INF] Request finished HTTP/2 GET https://localhost:7224/swagger - - - 301 0 - 0.2105ms
[2022-05-06 11:56:32.317 +05:30 INF] Request starting HTTP/2 GET https://localhost:7224/swagger/index.html - -
[2022-05-06 11:56:32.319 +05:30 INF] Request finished HTTP/2 GET https://localhost:7224/swagger/index.html - - - 200 - text/html;charset=utf-8 0.6214ms
[2022-05-06 11:56:32.334 +05:30 INF] Request starting HTTP/2 GET https://localhost:7224/swagger/swagger-ui-bundle.js - -
[2022-05-06 11:56:32.334 +05:30 INF] Request starting HTTP/2 GET https://localhost:7224/swagger/swagger-ui.css - -
[2022-05-06 11:56:32.336 +05:30 INF] Sending file. Request path: '/swagger-ui.css'. Physical path: 'N/A'
[2022-05-06 11:56:32.337 +05:30 INF] Request starting HTTP/2 GET https://localhost:7224/swagger/swagger-ui-standalone-preset.js - -
[2022-05-06 11:56:32.338 +05:30 INF] Request finished HTTP/2 GET https://localhost:7224/swagger/swagger-ui.css - - - 200 143632 text/css 3.7668ms
[2022-05-06 11:56:32.344 +05:30 INF] Sending file. Request path: '/swagger-ui-standalone-preset.js'. Physical path: 'N/A'
[2022-05-06 11:56:32.344 +05:30 INF] Request finished HTTP/2 GET https://localhost:7224/swagger/swagger-ui-standalone-preset.js - - - 200 337162 application/javascript 7.4236ms
[2022-05-06 11:56:32.358 +05:30 INF] Sending file. Request path: '/swagger-ui-bundle.js'. Physical path: 'N/A'
[2022-05-06 11:56:32.358 +05:30 INF] Request finished HTTP/2 GET https://localhost:7224/swagger/swagger-ui-bundle.js - - - 200 1092889 application/javascript 24.1937ms
[2022-05-06 11:56:32.530 +05:30 INF] Request starting HTTP/2 GET https://localhost:7224/swagger/v1/swagger.json - -
[2022-05-06 11:56:32.579 +05:30 INF] Request finished HTTP/2 GET https://localhost:7224/swagger/v1/swagger.json - - - 200 - application/json;charset=utf-8 48.4581ms
[2022-05-06 11:56:48.844 +05:30 INF] Request starting HTTP/2 GET https://localhost:7224/College/ViewColleges - -
[2022-05-06 11:56:48.844 +05:30 INF] Request:
Protocol: HTTP/2
Method: GET
Scheme: https
PathBase: 
Path: /College/ViewColleges
Accept: */*
Host: localhost:7224
User-Agent: Mozilla/5.0 (Windows NT 10.0; Win64; x64) AppleWebKit/537.36 (KHTML, like Gecko) Chrome/101.0.4951.41 Safari/537.36 Edg/101.0.1210.32
:method: [Redacted]
Accept-Encoding: gzip, deflate, br
Accept-Language: en-US,en;q=0.9
Referer: [Redacted]
sec-ch-ua: [Redacted]
sec-ch-ua-mobile: [Redacted]
sec-ch-ua-platform: [Redacted]
sec-fetch-site: [Redacted]
sec-fetch-mode: [Redacted]
sec-fetch-dest: [Redacted]
[2022-05-06 11:56:48.844 +05:30 INF] Executing endpoint 'PROFILE.Controllers.CollegeController.ViewColleges (Profile)'
[2022-05-06 11:56:48.844 +05:30 INF] Route matched with {action = "ViewColleges", controller = "College"}. Executing controller action with signature Microsoft.AspNetCore.Mvc.IActionResult ViewColleges() on controller PROFILE.Controllers.CollegeController (Profile).
[2022-05-06 11:56:48.844 +05:30 INF] List of Colleges......
[2022-05-06 11:56:48.897 +05:30 INF] Executing OkObjectResult, writing value of type 'System.Linq.Enumerable+WhereListIterator`1[[PROFILE.Models.College, Profile, Version=1.0.0.0, Culture=neutral, PublicKeyToken=null]]'.
[2022-05-06 11:56:48.897 +05:30 INF] Executed action PROFILE.Controllers.CollegeController.ViewColleges (Profile) in 52.7911ms
[2022-05-06 11:56:48.897 +05:30 INF] Executed endpoint 'PROFILE.Controllers.CollegeController.ViewColleges (Profile)'
[2022-05-06 11:56:48.897 +05:30 INF] Response:
StatusCode: 200
Content-Type: application/json; charset=utf-8
Date: Fri, 06 May 2022 06:26:48 GMT
Server: Kestrel
[2022-05-06 11:56:48.897 +05:30 INF] Request finished HTTP/2 GET https://localhost:7224/College/ViewColleges - - - 200 - application/json;+charset=utf-8 53.5263ms
[2022-05-06 11:56:54.281 +05:30 INF] Request starting HTTP/2 GET https://localhost:7224/Designation/ViewDesignations - -
[2022-05-06 11:56:54.281 +05:30 INF] Request:
Protocol: HTTP/2
Method: GET
Scheme: https
PathBase: 
Path: /Designation/ViewDesignations
Accept: */*
Host: localhost:7224
User-Agent: Mozilla/5.0 (Windows NT 10.0; Win64; x64) AppleWebKit/537.36 (KHTML, like Gecko) Chrome/101.0.4951.41 Safari/537.36 Edg/101.0.1210.32
:method: [Redacted]
Accept-Encoding: gzip, deflate, br
Accept-Language: en-US,en;q=0.9
Referer: [Redacted]
sec-ch-ua: [Redacted]
sec-ch-ua-mobile: [Redacted]
sec-ch-ua-platform: [Redacted]
sec-fetch-site: [Redacted]
sec-fetch-mode: [Redacted]
sec-fetch-dest: [Redacted]
[2022-05-06 11:56:54.281 +05:30 INF] Executing endpoint 'PROFILE.Controllers.DesignationController.ViewDesignations (Profile)'
[2022-05-06 11:56:54.283 +05:30 INF] Route matched with {action = "ViewDesignations", controller = "Designation"}. Executing controller action with signature Microsoft.AspNetCore.Mvc.IActionResult ViewDesignations() on controller PROFILE.Controllers.DesignationController (Profile).
[2022-05-06 11:56:54.285 +05:30 INF] List of Designations......
[2022-05-06 11:56:54.293 +05:30 INF] Executing OkObjectResult, writing value of type 'System.Linq.Enumerable+WhereListIterator`1[[PROFILE.Models.Designation, Profile, Version=1.0.0.0, Culture=neutral, PublicKeyToken=null]]'.
[2022-05-06 11:56:54.294 +05:30 INF] Executed action PROFILE.Controllers.DesignationController.ViewDesignations (Profile) in 9.7875ms
[2022-05-06 11:56:54.294 +05:30 INF] Executed endpoint 'PROFILE.Controllers.DesignationController.ViewDesignations (Profile)'
[2022-05-06 11:56:54.294 +05:30 INF] Response:
StatusCode: 200
Content-Type: application/json; charset=utf-8
Date: Fri, 06 May 2022 06:26:54 GMT
Server: Kestrel
[2022-05-06 11:56:54.294 +05:30 INF] Request finished HTTP/2 GET https://localhost:7224/Designation/ViewDesignations - - - 200 - application/json;+charset=utf-8 12.8573ms
[2022-05-06 12:05:18.141 +05:30 INF] Request starting HTTP/2 GET https://localhost:7224/swagger/index.html - -
[2022-05-06 12:05:18.142 +05:30 INF] Request finished HTTP/2 GET https://localhost:7224/swagger/index.html - - - 200 - text/html;charset=utf-8 0.5388ms
[2022-05-06 12:05:18.151 +05:30 INF] Request starting HTTP/2 GET https://localhost:7224/swagger/swagger-ui.css - -
[2022-05-06 12:05:18.152 +05:30 INF] Sending file. Request path: '/swagger-ui.css'. Physical path: 'N/A'
[2022-05-06 12:05:18.153 +05:30 INF] Request finished HTTP/2 GET https://localhost:7224/swagger/swagger-ui.css - - - 200 143632 text/css 1.4760ms
[2022-05-06 12:05:18.322 +05:30 INF] Request starting HTTP/2 GET https://localhost:7224/swagger/v1/swagger.json - -
[2022-05-06 12:05:18.323 +05:30 INF] Request finished HTTP/2 GET https://localhost:7224/swagger/v1/swagger.json - - - 200 - application/json;charset=utf-8 0.9854ms
[2022-05-06 12:05:18.331 +05:30 INF] Request starting HTTP/2 GET https://localhost:7224/swagger/favicon-32x32.png - -
[2022-05-06 12:05:18.331 +05:30 INF] Sending file. Request path: '/favicon-32x32.png'. Physical path: 'N/A'
[2022-05-06 12:05:18.331 +05:30 INF] Request finished HTTP/2 GET https://localhost:7224/swagger/favicon-32x32.png - - - 200 628 image/png 0.5225ms
[2022-05-06 12:05:22.101 +05:30 INF] Request starting HTTP/2 GET https://localhost:7224/College/ViewColleges - -
[2022-05-06 12:05:22.101 +05:30 INF] Request:
Protocol: HTTP/2
Method: GET
Scheme: https
PathBase: 
Path: /College/ViewColleges
Accept: */*
Host: localhost:7224
User-Agent: Mozilla/5.0 (Windows NT 10.0; Win64; x64) AppleWebKit/537.36 (KHTML, like Gecko) Chrome/101.0.4951.41 Safari/537.36 Edg/101.0.1210.32
:method: [Redacted]
Accept-Encoding: gzip, deflate, br
Accept-Language: en-US,en;q=0.9
Referer: [Redacted]
sec-ch-ua: [Redacted]
sec-ch-ua-mobile: [Redacted]
sec-ch-ua-platform: [Redacted]
sec-fetch-site: [Redacted]
sec-fetch-mode: [Redacted]
sec-fetch-dest: [Redacted]
[2022-05-06 12:05:22.101 +05:30 INF] Executing endpoint 'PROFILE.Controllers.CollegeController.ViewColleges (Profile)'
[2022-05-06 12:05:22.101 +05:30 INF] Route matched with {action = "ViewColleges", controller = "College"}. Executing controller action with signature Microsoft.AspNetCore.Mvc.IActionResult ViewColleges() on controller PROFILE.Controllers.CollegeController (Profile).
[2022-05-06 12:05:22.102 +05:30 INF] List of Colleges......
[2022-05-06 12:05:22.108 +05:30 INF] Executing OkObjectResult, writing value of type 'System.Linq.Enumerable+WhereListIterator`1[[PROFILE.Models.College, Profile, Version=1.0.0.0, Culture=neutral, PublicKeyToken=null]]'.
[2022-05-06 12:05:22.108 +05:30 INF] Executed action PROFILE.Controllers.CollegeController.ViewColleges (Profile) in 6.4391ms
[2022-05-06 12:05:22.108 +05:30 INF] Executed endpoint 'PROFILE.Controllers.CollegeController.ViewColleges (Profile)'
[2022-05-06 12:05:22.108 +05:30 INF] Response:
StatusCode: 200
Content-Type: application/json; charset=utf-8
Date: Fri, 06 May 2022 06:35:22 GMT
Server: Kestrel
[2022-05-06 12:05:22.108 +05:30 INF] Request finished HTTP/2 GET https://localhost:7224/College/ViewColleges - - - 200 - application/json;+charset=utf-8 6.9771ms
[2022-05-06 12:05:35.661 +05:30 INF] Request starting HTTP/2 GET https://localhost:7224/Designation/ViewDesignations - -
[2022-05-06 12:05:35.661 +05:30 INF] Request:
Protocol: HTTP/2
Method: GET
Scheme: https
PathBase: 
Path: /Designation/ViewDesignations
Accept: */*
Host: localhost:7224
User-Agent: Mozilla/5.0 (Windows NT 10.0; Win64; x64) AppleWebKit/537.36 (KHTML, like Gecko) Chrome/101.0.4951.41 Safari/537.36 Edg/101.0.1210.32
:method: [Redacted]
Accept-Encoding: gzip, deflate, br
Accept-Language: en-US,en;q=0.9
Referer: [Redacted]
sec-ch-ua: [Redacted]
sec-ch-ua-mobile: [Redacted]
sec-ch-ua-platform: [Redacted]
sec-fetch-site: [Redacted]
sec-fetch-mode: [Redacted]
sec-fetch-dest: [Redacted]
[2022-05-06 12:05:35.661 +05:30 INF] Executing endpoint 'PROFILE.Controllers.DesignationController.ViewDesignations (Profile)'
[2022-05-06 12:05:35.662 +05:30 INF] Route matched with {action = "ViewDesignations", controller = "Designation"}. Executing controller action with signature Microsoft.AspNetCore.Mvc.IActionResult ViewDesignations() on controller PROFILE.Controllers.DesignationController (Profile).
[2022-05-06 12:05:35.662 +05:30 INF] List of Designations......
[2022-05-06 12:05:35.670 +05:30 INF] Executing OkObjectResult, writing value of type 'System.Linq.Enumerable+WhereListIterator`1[[PROFILE.Models.Designation, Profile, Version=1.0.0.0, Culture=neutral, PublicKeyToken=null]]'.
[2022-05-06 12:05:35.671 +05:30 INF] Executed action PROFILE.Controllers.DesignationController.ViewDesignations (Profile) in 9.3254ms
[2022-05-06 12:05:35.671 +05:30 INF] Executed endpoint 'PROFILE.Controllers.DesignationController.ViewDesignations (Profile)'
[2022-05-06 12:05:35.671 +05:30 INF] Response:
StatusCode: 200
Content-Type: application/json; charset=utf-8
Date: Fri, 06 May 2022 06:35:35 GMT
Server: Kestrel
[2022-05-06 12:05:35.671 +05:30 INF] Request finished HTTP/2 GET https://localhost:7224/Designation/ViewDesignations - - - 200 - application/json;+charset=utf-8 9.9946ms
[2022-05-06 12:05:45.403 +05:30 INF] Request starting HTTP/2 GET https://localhost:7224/Domain/ViewDomains - -
[2022-05-06 12:05:45.403 +05:30 INF] Request:
Protocol: HTTP/2
Method: GET
Scheme: https
PathBase: 
Path: /Domain/ViewDomains
Accept: */*
Host: localhost:7224
User-Agent: Mozilla/5.0 (Windows NT 10.0; Win64; x64) AppleWebKit/537.36 (KHTML, like Gecko) Chrome/101.0.4951.41 Safari/537.36 Edg/101.0.1210.32
:method: [Redacted]
Accept-Encoding: gzip, deflate, br
Accept-Language: en-US,en;q=0.9
Referer: [Redacted]
sec-ch-ua: [Redacted]
sec-ch-ua-mobile: [Redacted]
sec-ch-ua-platform: [Redacted]
sec-fetch-site: [Redacted]
sec-fetch-mode: [Redacted]
sec-fetch-dest: [Redacted]
[2022-05-06 12:05:45.403 +05:30 INF] Executing endpoint 'PROFILE.Controllers.DomainController.ViewDomains (Profile)'
[2022-05-06 12:05:45.404 +05:30 INF] Route matched with {action = "ViewDomains", controller = "Domain"}. Executing controller action with signature Microsoft.AspNetCore.Mvc.IActionResult ViewDomains() on controller PROFILE.Controllers.DomainController (Profile).
[2022-05-06 12:05:45.405 +05:30 INF] List of Domains......
[2022-05-06 12:05:45.416 +05:30 INF] Executing OkObjectResult, writing value of type 'System.Linq.Enumerable+WhereListIterator`1[[PROFILE.Models.Domain, Profile, Version=1.0.0.0, Culture=neutral, PublicKeyToken=null]]'.
[2022-05-06 12:05:45.417 +05:30 INF] Executed action PROFILE.Controllers.DomainController.ViewDomains (Profile) in 13.167ms
[2022-05-06 12:05:45.417 +05:30 INF] Executed endpoint 'PROFILE.Controllers.DomainController.ViewDomains (Profile)'
[2022-05-06 12:05:45.417 +05:30 INF] Response:
StatusCode: 200
Content-Type: application/json; charset=utf-8
Date: Fri, 06 May 2022 06:35:45 GMT
Server: Kestrel
[2022-05-06 12:05:45.417 +05:30 INF] Request finished HTTP/2 GET https://localhost:7224/Domain/ViewDomains - - - 200 - application/json;+charset=utf-8 14.6833ms
[2022-05-06 12:06:04.279 +05:30 INF] Request starting HTTP/2 GET https://localhost:7224/Technology/ViewTechnologies - -
[2022-05-06 12:06:04.280 +05:30 INF] Request:
Protocol: HTTP/2
Method: GET
Scheme: https
PathBase: 
Path: /Technology/ViewTechnologies
Accept: */*
Host: localhost:7224
User-Agent: Mozilla/5.0 (Windows NT 10.0; Win64; x64) AppleWebKit/537.36 (KHTML, like Gecko) Chrome/101.0.4951.41 Safari/537.36 Edg/101.0.1210.32
:method: [Redacted]
Accept-Encoding: gzip, deflate, br
Accept-Language: en-US,en;q=0.9
Referer: [Redacted]
sec-ch-ua: [Redacted]
sec-ch-ua-mobile: [Redacted]
sec-ch-ua-platform: [Redacted]
sec-fetch-site: [Redacted]
sec-fetch-mode: [Redacted]
sec-fetch-dest: [Redacted]
[2022-05-06 12:06:04.280 +05:30 INF] Executing endpoint 'PROFILE.Controllers.TechnologyController.ViewTechnologies (Profile)'
[2022-05-06 12:06:04.280 +05:30 INF] Route matched with {action = "ViewTechnologies", controller = "Technology"}. Executing controller action with signature Microsoft.AspNetCore.Mvc.IActionResult ViewTechnologies() on controller PROFILE.Controllers.TechnologyController (Profile).
[2022-05-06 12:06:04.283 +05:30 INF] List of Technologies......
[2022-05-06 12:06:04.295 +05:30 INF] Executing OkObjectResult, writing value of type 'System.Linq.Enumerable+WhereListIterator`1[[PROFILE.Models.Technology, Profile, Version=1.0.0.0, Culture=neutral, PublicKeyToken=null]]'.
[2022-05-06 12:06:04.296 +05:30 INF] Executed action PROFILE.Controllers.TechnologyController.ViewTechnologies (Profile) in 14.8489ms
[2022-05-06 12:06:04.296 +05:30 INF] Executed endpoint 'PROFILE.Controllers.TechnologyController.ViewTechnologies (Profile)'
[2022-05-06 12:06:04.296 +05:30 INF] Response:
StatusCode: 200
Content-Type: application/json; charset=utf-8
Date: Fri, 06 May 2022 06:36:03 GMT
Server: Kestrel
[2022-05-06 12:06:04.296 +05:30 INF] Request finished HTTP/2 GET https://localhost:7224/Technology/ViewTechnologies - - - 200 - application/json;+charset=utf-8 16.4252ms
[2022-05-06 13:01:40.047 +05:30 INF] Application is shutting down...
[2022-05-06 13:01:49.878 +05:30 INF] Now listening on: https://localhost:7224
[2022-05-06 13:01:49.903 +05:30 INF] Now listening on: http://localhost:5235
[2022-05-06 13:01:49.906 +05:30 INF] Application started. Press Ctrl+C to shut down.
[2022-05-06 13:01:49.906 +05:30 INF] Hosting environment: Development
[2022-05-06 13:01:49.906 +05:30 INF] Content root path: C:\Users\brindha.muruga\Desktop\Profile\Profile\
[2022-05-06 13:02:13.324 +05:30 INF] Request starting HTTP/2 GET https://localhost:7224/College/ViewColleges - -
[2022-05-06 13:02:13.393 +05:30 INF] Request:
Protocol: HTTP/2
Method: GET
Scheme: https
PathBase: 
Path: /College/ViewColleges
Accept: text/html,application/xhtml+xml,application/xml;q=0.9,image/webp,image/apng,*/*;q=0.8,application/signed-exchange;v=b3;q=0.9
Host: localhost:7224
User-Agent: Mozilla/5.0 (Windows NT 10.0; Win64; x64) AppleWebKit/537.36 (KHTML, like Gecko) Chrome/101.0.4951.41 Safari/537.36 Edg/101.0.1210.32
:method: [Redacted]
Accept-Encoding: gzip, deflate, br
Accept-Language: en-US,en;q=0.9
Upgrade-Insecure-Requests: [Redacted]
sec-ch-ua: [Redacted]
sec-ch-ua-mobile: [Redacted]
sec-ch-ua-platform: [Redacted]
sec-fetch-site: [Redacted]
sec-fetch-mode: [Redacted]
sec-fetch-user: [Redacted]
sec-fetch-dest: [Redacted]
[2022-05-06 13:02:13.397 +05:30 INF] Executing endpoint 'PROFILE.Controllers.CollegeController.ViewColleges (Profile)'
[2022-05-06 13:02:13.407 +05:30 INF] Route matched with {action = "ViewColleges", controller = "College"}. Executing controller action with signature Microsoft.AspNetCore.Mvc.IActionResult ViewColleges() on controller PROFILE.Controllers.CollegeController (Profile).
[2022-05-06 13:02:13.468 +05:30 INF] List of Colleges......
[2022-05-06 13:02:14.475 +05:30 INF] Executing OkObjectResult, writing value of type 'System.Linq.Enumerable+WhereListIterator`1[[PROFILE.Models.College, Profile, Version=1.0.0.0, Culture=neutral, PublicKeyToken=null]]'.
[2022-05-06 13:02:14.497 +05:30 INF] Executed action PROFILE.Controllers.CollegeController.ViewColleges (Profile) in 1084.6211ms
[2022-05-06 13:02:14.498 +05:30 INF] Executed endpoint 'PROFILE.Controllers.CollegeController.ViewColleges (Profile)'
[2022-05-06 13:02:14.499 +05:30 INF] Response:
StatusCode: 200
Content-Type: application/json; charset=utf-8
Date: Fri, 06 May 2022 07:32:13 GMT
Server: Kestrel
[2022-05-06 13:02:14.502 +05:30 INF] Request finished HTTP/2 GET https://localhost:7224/College/ViewColleges - - - 200 - application/json;+charset=utf-8 1184.8506ms
[2022-05-06 13:02:21.646 +05:30 INF] Request starting HTTP/2 GET https://localhost:7224/swagger - -
[2022-05-06 13:02:21.650 +05:30 INF] Request finished HTTP/2 GET https://localhost:7224/swagger - - - 301 0 - 3.9682ms
[2022-05-06 13:02:21.657 +05:30 INF] Request starting HTTP/2 GET https://localhost:7224/swagger/index.html - -
[2022-05-06 13:02:21.694 +05:30 INF] Request finished HTTP/2 GET https://localhost:7224/swagger/index.html - - - 200 - text/html;charset=utf-8 36.3722ms
[2022-05-06 13:02:21.710 +05:30 INF] Request starting HTTP/2 GET https://localhost:7224/swagger/swagger-ui.css - -
[2022-05-06 13:02:21.710 +05:30 INF] Request starting HTTP/2 GET https://localhost:7224/swagger/swagger-ui-bundle.js - -
[2022-05-06 13:02:21.713 +05:30 INF] Request starting HTTP/2 GET https://localhost:7224/swagger/swagger-ui-standalone-preset.js - -
[2022-05-06 13:02:21.725 +05:30 INF] Sending file. Request path: '/swagger-ui.css'. Physical path: 'N/A'
[2022-05-06 13:02:21.725 +05:30 INF] Sending file. Request path: '/swagger-ui-standalone-preset.js'. Physical path: 'N/A'
[2022-05-06 13:02:21.727 +05:30 INF] Request finished HTTP/2 GET https://localhost:7224/swagger/swagger-ui-standalone-preset.js - - - 200 337162 application/javascript 14.2315ms
[2022-05-06 13:02:21.727 +05:30 INF] Request finished HTTP/2 GET https://localhost:7224/swagger/swagger-ui.css - - - 200 143632 text/css 16.6557ms
[2022-05-06 13:02:21.729 +05:30 INF] Sending file. Request path: '/swagger-ui-bundle.js'. Physical path: 'N/A'
[2022-05-06 13:02:21.729 +05:30 INF] Request finished HTTP/2 GET https://localhost:7224/swagger/swagger-ui-bundle.js - - - 200 1092889 application/javascript 19.1084ms
[2022-05-06 13:02:25.451 +05:30 INF] Request starting HTTP/2 GET https://localhost:7224/swagger - -
[2022-05-06 13:02:25.451 +05:30 INF] Request finished HTTP/2 GET https://localhost:7224/swagger - - - 301 0 - 0.2676ms
[2022-05-06 13:02:25.455 +05:30 INF] Request starting HTTP/2 GET https://localhost:7224/swagger/index.html - -
[2022-05-06 13:02:25.455 +05:30 INF] Request finished HTTP/2 GET https://localhost:7224/swagger/index.html - - - 200 - text/html;charset=utf-8 0.5120ms
[2022-05-06 13:02:25.469 +05:30 INF] Request starting HTTP/2 GET https://localhost:7224/swagger/swagger-ui.css - -
[2022-05-06 13:02:25.469 +05:30 INF] Request starting HTTP/2 GET https://localhost:7224/swagger/swagger-ui-bundle.js - -
[2022-05-06 13:02:25.469 +05:30 INF] Request starting HTTP/2 GET https://localhost:7224/swagger/swagger-ui-standalone-preset.js - -
[2022-05-06 13:02:25.474 +05:30 INF] Sending file. Request path: '/swagger-ui.css'. Physical path: 'N/A'
[2022-05-06 13:02:25.479 +05:30 INF] Request finished HTTP/2 GET https://localhost:7224/swagger/swagger-ui.css - - - 200 143632 text/css 9.7977ms
[2022-05-06 13:02:25.482 +05:30 INF] Sending file. Request path: '/swagger-ui-standalone-preset.js'. Physical path: 'N/A'
[2022-05-06 13:02:25.483 +05:30 INF] Request finished HTTP/2 GET https://localhost:7224/swagger/swagger-ui-standalone-preset.js - - - 200 337162 application/javascript 13.1979ms
[2022-05-06 13:02:25.493 +05:30 INF] Sending file. Request path: '/swagger-ui-bundle.js'. Physical path: 'N/A'
[2022-05-06 13:02:25.493 +05:30 INF] Request finished HTTP/2 GET https://localhost:7224/swagger/swagger-ui-bundle.js - - - 200 1092889 application/javascript 23.7993ms
[2022-05-06 13:02:25.665 +05:30 INF] Request starting HTTP/2 GET https://localhost:7224/swagger/v1/swagger.json - -
[2022-05-06 13:02:25.714 +05:30 INF] Request finished HTTP/2 GET https://localhost:7224/swagger/v1/swagger.json - - - 200 - application/json;charset=utf-8 48.3834ms
[2022-05-06 13:02:30.838 +05:30 INF] Request starting HTTP/2 GET https://localhost:7224/College/ViewColleges - -
[2022-05-06 13:02:30.839 +05:30 INF] Request:
Protocol: HTTP/2
Method: GET
Scheme: https
PathBase: 
Path: /College/ViewColleges
Accept: */*
Host: localhost:7224
User-Agent: Mozilla/5.0 (Windows NT 10.0; Win64; x64) AppleWebKit/537.36 (KHTML, like Gecko) Chrome/101.0.4951.41 Safari/537.36 Edg/101.0.1210.32
:method: [Redacted]
Accept-Encoding: gzip, deflate, br
Accept-Language: en-US,en;q=0.9
Referer: [Redacted]
sec-ch-ua: [Redacted]
sec-ch-ua-mobile: [Redacted]
sec-ch-ua-platform: [Redacted]
sec-fetch-site: [Redacted]
sec-fetch-mode: [Redacted]
sec-fetch-dest: [Redacted]
[2022-05-06 13:02:30.839 +05:30 INF] Executing endpoint 'PROFILE.Controllers.CollegeController.ViewColleges (Profile)'
[2022-05-06 13:02:30.839 +05:30 INF] Route matched with {action = "ViewColleges", controller = "College"}. Executing controller action with signature Microsoft.AspNetCore.Mvc.IActionResult ViewColleges() on controller PROFILE.Controllers.CollegeController (Profile).
[2022-05-06 13:02:30.843 +05:30 INF] List of Colleges......
[2022-05-06 13:02:30.855 +05:30 INF] Executing OkObjectResult, writing value of type 'System.Linq.Enumerable+WhereListIterator`1[[PROFILE.Models.College, Profile, Version=1.0.0.0, Culture=neutral, PublicKeyToken=null]]'.
[2022-05-06 13:02:30.855 +05:30 INF] Executed action PROFILE.Controllers.CollegeController.ViewColleges (Profile) in 15.984ms
[2022-05-06 13:02:30.855 +05:30 INF] Executed endpoint 'PROFILE.Controllers.CollegeController.ViewColleges (Profile)'
[2022-05-06 13:02:30.855 +05:30 INF] Response:
StatusCode: 200
Content-Type: application/json; charset=utf-8
Date: Fri, 06 May 2022 07:32:30 GMT
Server: Kestrel
[2022-05-06 13:02:30.856 +05:30 INF] Request finished HTTP/2 GET https://localhost:7224/College/ViewColleges - - - 200 - application/json;+charset=utf-8 17.2852ms
[2022-05-06 13:02:37.866 +05:30 INF] Request starting HTTP/2 GET https://localhost:7224/Designation/ViewDesignations - -
[2022-05-06 13:02:37.866 +05:30 INF] Request:
Protocol: HTTP/2
Method: GET
Scheme: https
PathBase: 
Path: /Designation/ViewDesignations
Accept: */*
Host: localhost:7224
User-Agent: Mozilla/5.0 (Windows NT 10.0; Win64; x64) AppleWebKit/537.36 (KHTML, like Gecko) Chrome/101.0.4951.41 Safari/537.36 Edg/101.0.1210.32
:method: [Redacted]
Accept-Encoding: gzip, deflate, br
Accept-Language: en-US,en;q=0.9
Referer: [Redacted]
sec-ch-ua: [Redacted]
sec-ch-ua-mobile: [Redacted]
sec-ch-ua-platform: [Redacted]
sec-fetch-site: [Redacted]
sec-fetch-mode: [Redacted]
sec-fetch-dest: [Redacted]
[2022-05-06 13:02:37.866 +05:30 INF] Executing endpoint 'PROFILE.Controllers.DesignationController.ViewDesignations (Profile)'
[2022-05-06 13:02:37.868 +05:30 INF] Route matched with {action = "ViewDesignations", controller = "Designation"}. Executing controller action with signature Microsoft.AspNetCore.Mvc.IActionResult ViewDesignations() on controller PROFILE.Controllers.DesignationController (Profile).
[2022-05-06 13:02:37.869 +05:30 INF] List of Designations......
[2022-05-06 13:02:37.927 +05:30 INF] Executing OkObjectResult, writing value of type 'System.Linq.Enumerable+WhereListIterator`1[[PROFILE.Models.Designation, Profile, Version=1.0.0.0, Culture=neutral, PublicKeyToken=null]]'.
[2022-05-06 13:02:37.928 +05:30 INF] Executed action PROFILE.Controllers.DesignationController.ViewDesignations (Profile) in 59.6157ms
[2022-05-06 13:02:37.928 +05:30 INF] Executed endpoint 'PROFILE.Controllers.DesignationController.ViewDesignations (Profile)'
[2022-05-06 13:02:37.928 +05:30 INF] Response:
StatusCode: 200
Content-Type: application/json; charset=utf-8
Date: Fri, 06 May 2022 07:32:37 GMT
Server: Kestrel
[2022-05-06 13:02:37.928 +05:30 INF] Request finished HTTP/2 GET https://localhost:7224/Designation/ViewDesignations - - - 200 - application/json;+charset=utf-8 62.1045ms
[2022-05-06 13:02:43.006 +05:30 INF] Request starting HTTP/2 GET https://localhost:7224/Domain/ViewDomains - -
[2022-05-06 13:02:43.006 +05:30 INF] Request:
Protocol: HTTP/2
Method: GET
Scheme: https
PathBase: 
Path: /Domain/ViewDomains
Accept: */*
Host: localhost:7224
User-Agent: Mozilla/5.0 (Windows NT 10.0; Win64; x64) AppleWebKit/537.36 (KHTML, like Gecko) Chrome/101.0.4951.41 Safari/537.36 Edg/101.0.1210.32
:method: [Redacted]
Accept-Encoding: gzip, deflate, br
Accept-Language: en-US,en;q=0.9
Referer: [Redacted]
sec-ch-ua: [Redacted]
sec-ch-ua-mobile: [Redacted]
sec-ch-ua-platform: [Redacted]
sec-fetch-site: [Redacted]
sec-fetch-mode: [Redacted]
sec-fetch-dest: [Redacted]
[2022-05-06 13:02:43.006 +05:30 INF] Executing endpoint 'PROFILE.Controllers.DomainController.ViewDomains (Profile)'
[2022-05-06 13:02:43.007 +05:30 INF] Route matched with {action = "ViewDomains", controller = "Domain"}. Executing controller action with signature Microsoft.AspNetCore.Mvc.IActionResult ViewDomains() on controller PROFILE.Controllers.DomainController (Profile).
[2022-05-06 13:02:43.008 +05:30 INF] List of Domains......
[2022-05-06 13:02:43.018 +05:30 INF] Executing OkObjectResult, writing value of type 'System.Linq.Enumerable+WhereListIterator`1[[PROFILE.Models.Domain, Profile, Version=1.0.0.0, Culture=neutral, PublicKeyToken=null]]'.
[2022-05-06 13:02:43.019 +05:30 INF] Executed action PROFILE.Controllers.DomainController.ViewDomains (Profile) in 12.2228ms
[2022-05-06 13:02:43.020 +05:30 INF] Executed endpoint 'PROFILE.Controllers.DomainController.ViewDomains (Profile)'
[2022-05-06 13:02:43.020 +05:30 INF] Response:
StatusCode: 200
Content-Type: application/json; charset=utf-8
Date: Fri, 06 May 2022 07:32:42 GMT
Server: Kestrel
[2022-05-06 13:02:43.020 +05:30 INF] Request finished HTTP/2 GET https://localhost:7224/Domain/ViewDomains - - - 200 - application/json;+charset=utf-8 13.7279ms
[2022-05-06 13:02:49.183 +05:30 INF] Request starting HTTP/2 GET https://localhost:7224/Technology/ViewTechnologies - -
[2022-05-06 13:02:49.184 +05:30 INF] Request:
Protocol: HTTP/2
Method: GET
Scheme: https
PathBase: 
Path: /Technology/ViewTechnologies
Accept: */*
Host: localhost:7224
User-Agent: Mozilla/5.0 (Windows NT 10.0; Win64; x64) AppleWebKit/537.36 (KHTML, like Gecko) Chrome/101.0.4951.41 Safari/537.36 Edg/101.0.1210.32
:method: [Redacted]
Accept-Encoding: gzip, deflate, br
Accept-Language: en-US,en;q=0.9
Referer: [Redacted]
sec-ch-ua: [Redacted]
sec-ch-ua-mobile: [Redacted]
sec-ch-ua-platform: [Redacted]
sec-fetch-site: [Redacted]
sec-fetch-mode: [Redacted]
sec-fetch-dest: [Redacted]
[2022-05-06 13:02:49.184 +05:30 INF] Executing endpoint 'PROFILE.Controllers.TechnologyController.ViewTechnologies (Profile)'
[2022-05-06 13:02:49.185 +05:30 INF] Route matched with {action = "ViewTechnologies", controller = "Technology"}. Executing controller action with signature Microsoft.AspNetCore.Mvc.IActionResult ViewTechnologies() on controller PROFILE.Controllers.TechnologyController (Profile).
[2022-05-06 13:02:49.186 +05:30 INF] List of Technologies......
[2022-05-06 13:02:49.199 +05:30 INF] Executing OkObjectResult, writing value of type 'System.Linq.Enumerable+WhereListIterator`1[[PROFILE.Models.Technology, Profile, Version=1.0.0.0, Culture=neutral, PublicKeyToken=null]]'.
[2022-05-06 13:02:49.200 +05:30 INF] Executed action PROFILE.Controllers.TechnologyController.ViewTechnologies (Profile) in 15.1011ms
[2022-05-06 13:02:49.200 +05:30 INF] Executed endpoint 'PROFILE.Controllers.TechnologyController.ViewTechnologies (Profile)'
[2022-05-06 13:02:49.200 +05:30 INF] Response:
StatusCode: 200
Content-Type: application/json; charset=utf-8
Date: Fri, 06 May 2022 07:32:48 GMT
Server: Kestrel
[2022-05-06 13:02:49.200 +05:30 INF] Request finished HTTP/2 GET https://localhost:7224/Technology/ViewTechnologies - - - 200 - application/json;+charset=utf-8 16.5801ms
[2022-05-06 18:41:57.208 +05:30 INF] Now listening on: https://localhost:7224
[2022-05-06 18:41:57.237 +05:30 INF] Now listening on: http://localhost:5235
[2022-05-06 18:41:57.241 +05:30 INF] Application started. Press Ctrl+C to shut down.
[2022-05-06 18:41:57.242 +05:30 INF] Hosting environment: Development
[2022-05-06 18:41:57.242 +05:30 INF] Content root path: C:\Users\brindha.muruga\Desktop\Profile\Profile\
[2022-05-06 18:42:30.995 +05:30 INF] Request starting HTTP/2 GET https://localhost:7224/College/ViewColleges - -
[2022-05-06 18:42:31.049 +05:30 INF] Request:
Protocol: HTTP/2
Method: GET
Scheme: https
PathBase: 
Path: /College/ViewColleges
Accept: text/html,application/xhtml+xml,application/xml;q=0.9,image/webp,image/apng,*/*;q=0.8,application/signed-exchange;v=b3;q=0.9
Host: localhost:7224
User-Agent: Mozilla/5.0 (Windows NT 10.0; Win64; x64) AppleWebKit/537.36 (KHTML, like Gecko) Chrome/101.0.4951.41 Safari/537.36 Edg/101.0.1210.32
:method: [Redacted]
Accept-Encoding: gzip, deflate, br
Accept-Language: en-US,en;q=0.9
Upgrade-Insecure-Requests: [Redacted]
sec-ch-ua: [Redacted]
sec-ch-ua-mobile: [Redacted]
sec-ch-ua-platform: [Redacted]
sec-fetch-site: [Redacted]
sec-fetch-mode: [Redacted]
sec-fetch-user: [Redacted]
sec-fetch-dest: [Redacted]
[2022-05-06 18:42:31.052 +05:30 INF] Executing endpoint 'PROFILE.Controllers.CollegeController.ViewColleges (Profile)'
[2022-05-06 18:42:31.062 +05:30 INF] Route matched with {action = "ViewColleges", controller = "College"}. Executing controller action with signature Microsoft.AspNetCore.Mvc.IActionResult ViewColleges() on controller PROFILE.Controllers.CollegeController (Profile).
[2022-05-06 18:42:31.128 +05:30 INF] List of Colleges......
[2022-05-06 18:42:32.142 +05:30 INF] Executing OkObjectResult, writing value of type 'System.Linq.Enumerable+WhereListIterator`1[[PROFILE.Models.College, Profile, Version=1.0.0.0, Culture=neutral, PublicKeyToken=null]]'.
[2022-05-06 18:42:32.163 +05:30 INF] Executed action PROFILE.Controllers.CollegeController.ViewColleges (Profile) in 1095.4976ms
[2022-05-06 18:42:32.164 +05:30 INF] Executed endpoint 'PROFILE.Controllers.CollegeController.ViewColleges (Profile)'
[2022-05-06 18:42:32.164 +05:30 INF] Response:
StatusCode: 200
Content-Type: application/json; charset=utf-8
Date: Fri, 06 May 2022 13:12:31 GMT
Server: Kestrel
[2022-05-06 18:42:32.167 +05:30 INF] Request finished HTTP/2 GET https://localhost:7224/College/ViewColleges - - - 200 - application/json;+charset=utf-8 1177.8186ms
[2022-05-06 18:42:33.654 +05:30 INF] Request starting HTTP/2 GET https://localhost:7224/College/ViewColleges - -
[2022-05-06 18:42:33.656 +05:30 INF] Request:
Protocol: HTTP/2
Method: GET
Scheme: https
PathBase: 
Path: /College/ViewColleges
Accept: text/html,application/xhtml+xml,application/xml;q=0.9,image/webp,image/apng,*/*;q=0.8,application/signed-exchange;v=b3;q=0.9
Host: localhost:7224
User-Agent: Mozilla/5.0 (Windows NT 10.0; Win64; x64) AppleWebKit/537.36 (KHTML, like Gecko) Chrome/101.0.4951.41 Safari/537.36 Edg/101.0.1210.32
:method: [Redacted]
Accept-Encoding: gzip, deflate, br
Accept-Language: en-US,en;q=0.9
Upgrade-Insecure-Requests: [Redacted]
sec-ch-ua: [Redacted]
sec-ch-ua-mobile: [Redacted]
sec-ch-ua-platform: [Redacted]
sec-fetch-site: [Redacted]
sec-fetch-mode: [Redacted]
sec-fetch-user: [Redacted]
sec-fetch-dest: [Redacted]
[2022-05-06 18:42:33.656 +05:30 INF] Executing endpoint 'PROFILE.Controllers.CollegeController.ViewColleges (Profile)'
[2022-05-06 18:42:33.657 +05:30 INF] Route matched with {action = "ViewColleges", controller = "College"}. Executing controller action with signature Microsoft.AspNetCore.Mvc.IActionResult ViewColleges() on controller PROFILE.Controllers.CollegeController (Profile).
[2022-05-06 18:42:33.663 +05:30 INF] List of Colleges......
[2022-05-06 18:42:33.672 +05:30 INF] Executing OkObjectResult, writing value of type 'System.Linq.Enumerable+WhereListIterator`1[[PROFILE.Models.College, Profile, Version=1.0.0.0, Culture=neutral, PublicKeyToken=null]]'.
[2022-05-06 18:42:33.672 +05:30 INF] Executed action PROFILE.Controllers.CollegeController.ViewColleges (Profile) in 14.9264ms
[2022-05-06 18:42:33.673 +05:30 INF] Executed endpoint 'PROFILE.Controllers.CollegeController.ViewColleges (Profile)'
[2022-05-06 18:42:33.673 +05:30 INF] Response:
StatusCode: 200
Content-Type: application/json; charset=utf-8
Date: Fri, 06 May 2022 13:12:33 GMT
Server: Kestrel
[2022-05-06 18:42:33.673 +05:30 INF] Request finished HTTP/2 GET https://localhost:7224/College/ViewColleges - - - 200 - application/json;+charset=utf-8 19.3082ms
[2022-05-06 18:42:45.467 +05:30 INF] Request starting HTTP/2 GET https://localhost:7224/swagger - -
[2022-05-06 18:42:45.468 +05:30 INF] Request finished HTTP/2 GET https://localhost:7224/swagger - - - 301 0 - 1.2509ms
[2022-05-06 18:42:45.472 +05:30 INF] Request starting HTTP/2 GET https://localhost:7224/swagger/index.html - -
[2022-05-06 18:42:45.510 +05:30 INF] Request finished HTTP/2 GET https://localhost:7224/swagger/index.html - - - 200 - text/html;charset=utf-8 38.3978ms
[2022-05-06 18:42:45.527 +05:30 INF] Request starting HTTP/2 GET https://localhost:7224/swagger/swagger-ui.css - -
[2022-05-06 18:42:45.527 +05:30 INF] Request starting HTTP/2 GET https://localhost:7224/swagger/swagger-ui-bundle.js - -
[2022-05-06 18:42:45.529 +05:30 INF] Request starting HTTP/2 GET https://localhost:7224/swagger/swagger-ui-standalone-preset.js - -
[2022-05-06 18:42:45.542 +05:30 INF] Sending file. Request path: '/swagger-ui.css'. Physical path: 'N/A'
[2022-05-06 18:42:45.544 +05:30 INF] Request finished HTTP/2 GET https://localhost:7224/swagger/swagger-ui.css - - - 200 143632 text/css 16.8391ms
[2022-05-06 18:42:45.545 +05:30 INF] Sending file. Request path: '/swagger-ui-standalone-preset.js'. Physical path: 'N/A'
[2022-05-06 18:42:45.547 +05:30 INF] Request finished HTTP/2 GET https://localhost:7224/swagger/swagger-ui-standalone-preset.js - - - 200 337162 application/javascript 18.1115ms
[2022-05-06 18:42:45.548 +05:30 INF] Sending file. Request path: '/swagger-ui-bundle.js'. Physical path: 'N/A'
[2022-05-06 18:42:45.548 +05:30 INF] Request finished HTTP/2 GET https://localhost:7224/swagger/swagger-ui-bundle.js - - - 200 1092889 application/javascript 20.8838ms
[2022-05-06 18:42:47.461 +05:30 INF] Request starting HTTP/2 GET https://localhost:7224/swagger - -
[2022-05-06 18:42:47.461 +05:30 INF] Request finished HTTP/2 GET https://localhost:7224/swagger - - - 301 0 - 0.2039ms
[2022-05-06 18:42:47.465 +05:30 INF] Request starting HTTP/2 GET https://localhost:7224/swagger/index.html - -
[2022-05-06 18:42:47.466 +05:30 INF] Request finished HTTP/2 GET https://localhost:7224/swagger/index.html - - - 200 - text/html;charset=utf-8 0.5962ms
[2022-05-06 18:42:47.479 +05:30 INF] Request starting HTTP/2 GET https://localhost:7224/swagger/swagger-ui.css - -
[2022-05-06 18:42:47.479 +05:30 INF] Request starting HTTP/2 GET https://localhost:7224/swagger/swagger-ui-bundle.js - -
[2022-05-06 18:42:47.480 +05:30 INF] Request starting HTTP/2 GET https://localhost:7224/swagger/swagger-ui-standalone-preset.js - -
[2022-05-06 18:42:47.484 +05:30 INF] Sending file. Request path: '/swagger-ui.css'. Physical path: 'N/A'
[2022-05-06 18:42:47.484 +05:30 INF] Request finished HTTP/2 GET https://localhost:7224/swagger/swagger-ui.css - - - 200 143632 text/css 4.8727ms
[2022-05-06 18:42:47.493 +05:30 INF] Sending file. Request path: '/swagger-ui-standalone-preset.js'. Physical path: 'N/A'
[2022-05-06 18:42:47.493 +05:30 INF] Request finished HTTP/2 GET https://localhost:7224/swagger/swagger-ui-standalone-preset.js - - - 200 337162 application/javascript 13.0162ms
[2022-05-06 18:42:47.503 +05:30 INF] Sending file. Request path: '/swagger-ui-bundle.js'. Physical path: 'N/A'
[2022-05-06 18:42:47.503 +05:30 INF] Request finished HTTP/2 GET https://localhost:7224/swagger/swagger-ui-bundle.js - - - 200 1092889 application/javascript 23.2729ms
[2022-05-06 18:42:47.677 +05:30 INF] Request starting HTTP/2 GET https://localhost:7224/swagger/v1/swagger.json - -
[2022-05-06 18:42:47.726 +05:30 INF] Request finished HTTP/2 GET https://localhost:7224/swagger/v1/swagger.json - - - 200 - application/json;charset=utf-8 49.5312ms
[2022-05-06 18:42:52.803 +05:30 INF] Request starting HTTP/2 GET https://localhost:7224/ProfileStatus/ViewProfileStatuss - -
[2022-05-06 18:42:52.803 +05:30 INF] Request:
Protocol: HTTP/2
Method: GET
Scheme: https
PathBase: 
Path: /ProfileStatus/ViewProfileStatuss
Accept: */*
Host: localhost:7224
User-Agent: Mozilla/5.0 (Windows NT 10.0; Win64; x64) AppleWebKit/537.36 (KHTML, like Gecko) Chrome/101.0.4951.41 Safari/537.36 Edg/101.0.1210.32
:method: [Redacted]
Accept-Encoding: gzip, deflate, br
Accept-Language: en-US,en;q=0.9
Referer: [Redacted]
sec-ch-ua: [Redacted]
sec-ch-ua-mobile: [Redacted]
sec-ch-ua-platform: [Redacted]
sec-fetch-site: [Redacted]
sec-fetch-mode: [Redacted]
sec-fetch-dest: [Redacted]
[2022-05-06 18:42:52.803 +05:30 INF] Executing endpoint 'PROFILE.Controllers.ProfileStatusController.ViewProfileStatuss (Profile)'
[2022-05-06 18:42:52.805 +05:30 INF] Route matched with {action = "ViewProfileStatuss", controller = "ProfileStatus"}. Executing controller action with signature Microsoft.AspNetCore.Mvc.IActionResult ViewProfileStatuss() on controller PROFILE.Controllers.ProfileStatusController (Profile).
[2022-05-06 18:42:52.806 +05:30 INF] List of ProfileStatuss......
[2022-05-06 18:42:52.864 +05:30 INF] Executing OkObjectResult, writing value of type 'System.Linq.Enumerable+WhereListIterator`1[[PROFILE.Models.ProfileStatus, Profile, Version=1.0.0.0, Culture=neutral, PublicKeyToken=null]]'.
[2022-05-06 18:42:52.865 +05:30 INF] Executed action PROFILE.Controllers.ProfileStatusController.ViewProfileStatuss (Profile) in 60.6367ms
[2022-05-06 18:42:52.865 +05:30 INF] Executed endpoint 'PROFILE.Controllers.ProfileStatusController.ViewProfileStatuss (Profile)'
[2022-05-06 18:42:52.865 +05:30 INF] Response:
StatusCode: 200
Content-Type: application/json; charset=utf-8
Date: Fri, 06 May 2022 13:12:52 GMT
Server: Kestrel
[2022-05-06 18:42:52.866 +05:30 INF] Request finished HTTP/2 GET https://localhost:7224/ProfileStatus/ViewProfileStatuss - - - 200 - application/json;+charset=utf-8 62.5166ms
[2022-05-06 19:21:35.588 +05:30 INF] Application is shutting down...
