[2022-05-05 09:39:19.811 +05:30 INF] Now listening on: https://localhost:7224
[2022-05-05 09:39:19.837 +05:30 INF] Now listening on: http://localhost:5235
[2022-05-05 09:39:19.840 +05:30 INF] Application started. Press Ctrl+C to shut down.
[2022-05-05 09:39:19.840 +05:30 INF] Hosting environment: Development
[2022-05-05 09:39:19.841 +05:30 INF] Content root path: C:\Users\brindha.muruga\Desktop\Profile\
[2022-05-05 09:39:28.608 +05:30 INF] Request starting HTTP/2 GET https://localhost:7224/ - -
[2022-05-05 09:39:28.678 +05:30 INF] Request:
Protocol: HTTP/2
Method: GET
Scheme: https
PathBase: 
Path: /
Accept: text/html,application/xhtml+xml,application/xml;q=0.9,image/webp,image/apng,*/*;q=0.8,application/signed-exchange;v=b3;q=0.9
Host: localhost:7224
User-Agent: Mozilla/5.0 (Windows NT 10.0; Win64; x64) AppleWebKit/537.36 (KHTML, like Gecko) Chrome/101.0.4951.41 Safari/537.36 Edg/101.0.1210.32
:method: [Redacted]
Accept-Encoding: gzip, deflate, br
Accept-Language: en-US,en;q=0.9
Upgrade-Insecure-Requests: [Redacted]
sec-ch-ua: [Redacted]
sec-ch-ua-mobile: [Redacted]
sec-ch-ua-platform: [Redacted]
sec-fetch-site: [Redacted]
sec-fetch-mode: [Redacted]
sec-fetch-user: [Redacted]
sec-fetch-dest: [Redacted]
[2022-05-05 09:39:28.679 +05:30 INF] Response:
StatusCode: 404
[2022-05-05 09:39:28.682 +05:30 INF] Request finished HTTP/2 GET https://localhost:7224/ - - - 404 0 - 79.2338ms
[2022-05-05 09:39:31.119 +05:30 INF] Request starting HTTP/2 GET https://localhost:7224/swagger - -
[2022-05-05 09:39:31.120 +05:30 INF] Request finished HTTP/2 GET https://localhost:7224/swagger - - - 301 0 - 0.7413ms
[2022-05-05 09:39:31.122 +05:30 INF] Request starting HTTP/2 GET https://localhost:7224/swagger/index.html - -
[2022-05-05 09:39:31.176 +05:30 INF] Request finished HTTP/2 GET https://localhost:7224/swagger/index.html - - - 200 - text/html;charset=utf-8 54.0506ms
[2022-05-05 09:39:31.195 +05:30 INF] Request starting HTTP/2 GET https://localhost:7224/swagger/swagger-ui.css - -
[2022-05-05 09:39:31.195 +05:30 INF] Request starting HTTP/2 GET https://localhost:7224/swagger/swagger-ui-bundle.js - -
[2022-05-05 09:39:31.196 +05:30 INF] Request starting HTTP/2 GET https://localhost:7224/swagger/swagger-ui-standalone-preset.js - -
[2022-05-05 09:39:31.215 +05:30 INF] Sending file. Request path: '/swagger-ui-standalone-preset.js'. Physical path: 'N/A'
[2022-05-05 09:39:31.215 +05:30 INF] Sending file. Request path: '/swagger-ui.css'. Physical path: 'N/A'
[2022-05-05 09:39:31.215 +05:30 INF] Sending file. Request path: '/swagger-ui-bundle.js'. Physical path: 'N/A'
[2022-05-05 09:39:31.216 +05:30 INF] Request finished HTTP/2 GET https://localhost:7224/swagger/swagger-ui.css - - - 200 143632 text/css 21.2877ms
[2022-05-05 09:39:31.216 +05:30 INF] Request finished HTTP/2 GET https://localhost:7224/swagger/swagger-ui-standalone-preset.js - - - 200 337162 application/javascript 19.8444ms
[2022-05-05 09:39:31.216 +05:30 INF] Request finished HTTP/2 GET https://localhost:7224/swagger/swagger-ui-bundle.js - - - 200 1092889 application/javascript 21.1858ms
[2022-05-05 09:39:32.948 +05:30 INF] Request starting HTTP/2 GET https://localhost:7224/swagger - -
[2022-05-05 09:39:32.948 +05:30 INF] Request finished HTTP/2 GET https://localhost:7224/swagger - - - 301 0 - 0.2618ms
[2022-05-05 09:39:32.951 +05:30 INF] Request starting HTTP/2 GET https://localhost:7224/swagger/index.html - -
[2022-05-05 09:39:32.952 +05:30 INF] Request finished HTTP/2 GET https://localhost:7224/swagger/index.html - - - 200 - text/html;charset=utf-8 0.7313ms
[2022-05-05 09:39:32.977 +05:30 INF] Request starting HTTP/2 GET https://localhost:7224/swagger/swagger-ui.css - -
[2022-05-05 09:39:32.977 +05:30 INF] Request starting HTTP/2 GET https://localhost:7224/swagger/swagger-ui-bundle.js - -
[2022-05-05 09:39:32.978 +05:30 INF] Request starting HTTP/2 GET https://localhost:7224/swagger/swagger-ui-standalone-preset.js - -
[2022-05-05 09:39:32.979 +05:30 INF] Sending file. Request path: '/swagger-ui.css'. Physical path: 'N/A'
[2022-05-05 09:39:32.979 +05:30 INF] Request finished HTTP/2 GET https://localhost:7224/swagger/swagger-ui.css - - - 200 143632 text/css 2.5858ms
[2022-05-05 09:39:32.986 +05:30 INF] Sending file. Request path: '/swagger-ui-standalone-preset.js'. Physical path: 'N/A'
[2022-05-05 09:39:32.987 +05:30 INF] Request finished HTTP/2 GET https://localhost:7224/swagger/swagger-ui-standalone-preset.js - - - 200 337162 application/javascript 8.7015ms
[2022-05-05 09:39:32.993 +05:30 INF] Sending file. Request path: '/swagger-ui-bundle.js'. Physical path: 'N/A'
[2022-05-05 09:39:32.993 +05:30 INF] Request finished HTTP/2 GET https://localhost:7224/swagger/swagger-ui-bundle.js - - - 200 1092889 application/javascript 15.5787ms
[2022-05-05 09:39:33.178 +05:30 INF] Request starting HTTP/2 GET https://localhost:7224/swagger/v1/swagger.json - -
[2022-05-05 09:39:33.241 +05:30 INF] Request finished HTTP/2 GET https://localhost:7224/swagger/v1/swagger.json - - - 200 - application/json;charset=utf-8 62.0844ms
[2022-05-05 09:39:38.094 +05:30 INF] Request starting HTTP/2 GET https://localhost:7224/College/ViewColleges - -
[2022-05-05 09:39:38.096 +05:30 INF] Request:
Protocol: HTTP/2
Method: GET
Scheme: https
PathBase: 
Path: /College/ViewColleges
Accept: */*
Host: localhost:7224
User-Agent: Mozilla/5.0 (Windows NT 10.0; Win64; x64) AppleWebKit/537.36 (KHTML, like Gecko) Chrome/101.0.4951.41 Safari/537.36 Edg/101.0.1210.32
:method: [Redacted]
Accept-Encoding: gzip, deflate, br
Accept-Language: en-US,en;q=0.9
Referer: [Redacted]
sec-ch-ua: [Redacted]
sec-ch-ua-mobile: [Redacted]
sec-ch-ua-platform: [Redacted]
sec-fetch-site: [Redacted]
sec-fetch-mode: [Redacted]
sec-fetch-dest: [Redacted]
[2022-05-05 09:39:38.099 +05:30 INF] Executing endpoint 'PROFILE.Controllers.CollegeController.ViewColleges (Profile)'
[2022-05-05 09:39:38.107 +05:30 INF] Route matched with {action = "ViewColleges", controller = "College"}. Executing controller action with signature Microsoft.AspNetCore.Mvc.IActionResult ViewColleges() on controller PROFILE.Controllers.CollegeController (Profile).
[2022-05-05 09:39:39.245 +05:30 INF] Executing OkObjectResult, writing value of type 'System.Linq.Enumerable+WhereListIterator`1[[PROFILE.Models.College, Profile, Version=1.0.0.0, Culture=neutral, PublicKeyToken=null]]'.
[2022-05-05 09:39:39.252 +05:30 INF] Executed action PROFILE.Controllers.CollegeController.ViewColleges (Profile) in 1139.452ms
[2022-05-05 09:39:39.253 +05:30 INF] Executed endpoint 'PROFILE.Controllers.CollegeController.ViewColleges (Profile)'
[2022-05-05 09:39:39.253 +05:30 INF] Response:
StatusCode: 200
Content-Type: application/json; charset=utf-8
Date: Thu, 05 May 2022 04:09:38 GMT
Server: Kestrel
[2022-05-05 09:39:39.253 +05:30 INF] Request finished HTTP/2 GET https://localhost:7224/College/ViewColleges - - - 200 - application/json;+charset=utf-8 1159.4181ms
[2022-05-05 18:57:31.288 +05:30 INF] Now listening on: https://localhost:7224
[2022-05-05 18:57:31.314 +05:30 INF] Now listening on: http://localhost:5235
[2022-05-05 18:57:31.317 +05:30 INF] Application started. Press Ctrl+C to shut down.
[2022-05-05 18:57:31.318 +05:30 INF] Hosting environment: Development
[2022-05-05 18:57:31.318 +05:30 INF] Content root path: C:\Users\brindha.muruga\Desktop\Profile\Profile\
[2022-05-05 19:00:33.191 +05:30 INF] Application is shutting down...
[2022-05-05 19:00:43.856 +05:30 INF] Now listening on: https://localhost:7224
[2022-05-05 19:00:43.883 +05:30 INF] Now listening on: http://localhost:5235
[2022-05-05 19:00:43.887 +05:30 INF] Application started. Press Ctrl+C to shut down.
[2022-05-05 19:00:43.887 +05:30 INF] Hosting environment: Development
[2022-05-05 19:00:43.887 +05:30 INF] Content root path: C:\Users\brindha.muruga\Desktop\Profile\Profile\
[2022-05-05 19:07:50.724 +05:30 INF] Now listening on: https://localhost:7224
[2022-05-05 19:07:50.752 +05:30 INF] Now listening on: http://localhost:5235
[2022-05-05 19:07:50.755 +05:30 INF] Application started. Press Ctrl+C to shut down.
[2022-05-05 19:07:50.755 +05:30 INF] Hosting environment: Development
[2022-05-05 19:07:50.755 +05:30 INF] Content root path: C:\Users\brindha.muruga\Desktop\Profile\Profile\
[2022-05-05 19:12:08.662 +05:30 INF] Request starting HTTP/2 GET https://localhost:7224/ - -
[2022-05-05 19:12:08.721 +05:30 INF] Request:
Protocol: HTTP/2
Method: GET
Scheme: https
PathBase: 
Path: /
Accept: text/html,application/xhtml+xml,application/xml;q=0.9,image/webp,image/apng,*/*;q=0.8,application/signed-exchange;v=b3;q=0.9
Host: localhost:7224
User-Agent: Mozilla/5.0 (Windows NT 10.0; Win64; x64) AppleWebKit/537.36 (KHTML, like Gecko) Chrome/101.0.4951.41 Safari/537.36 Edg/101.0.1210.32
:method: [Redacted]
Accept-Encoding: gzip, deflate, br
Accept-Language: en-US,en;q=0.9
Upgrade-Insecure-Requests: [Redacted]
sec-ch-ua: [Redacted]
sec-ch-ua-mobile: [Redacted]
sec-ch-ua-platform: [Redacted]
sec-fetch-site: [Redacted]
sec-fetch-mode: [Redacted]
sec-fetch-user: [Redacted]
sec-fetch-dest: [Redacted]
[2022-05-05 19:12:08.723 +05:30 INF] Response:
StatusCode: 404
[2022-05-05 19:12:08.729 +05:30 INF] Request finished HTTP/2 GET https://localhost:7224/ - - - 404 0 - 71.1589ms
[2022-05-05 19:12:15.297 +05:30 INF] Request starting HTTP/2 GET https://localhost:7224/swagger - -
[2022-05-05 19:12:15.298 +05:30 INF] Request finished HTTP/2 GET https://localhost:7224/swagger - - - 301 0 - 0.9786ms
[2022-05-05 19:12:15.305 +05:30 INF] Request starting HTTP/2 GET https://localhost:7224/swagger/index.html - -
[2022-05-05 19:12:15.357 +05:30 INF] Request finished HTTP/2 GET https://localhost:7224/swagger/index.html - - - 200 - text/html;charset=utf-8 51.3818ms
[2022-05-05 19:12:15.376 +05:30 INF] Request starting HTTP/2 GET https://localhost:7224/swagger/swagger-ui.css - -
[2022-05-05 19:12:15.376 +05:30 INF] Request starting HTTP/2 GET https://localhost:7224/swagger/swagger-ui-bundle.js - -
[2022-05-05 19:12:15.379 +05:30 INF] Request starting HTTP/2 GET https://localhost:7224/swagger/swagger-ui-standalone-preset.js - -
[2022-05-05 19:12:15.397 +05:30 INF] Sending file. Request path: '/swagger-ui.css'. Physical path: 'N/A'
[2022-05-05 19:12:15.397 +05:30 INF] Sending file. Request path: '/swagger-ui-bundle.js'. Physical path: 'N/A'
[2022-05-05 19:12:15.397 +05:30 INF] Sending file. Request path: '/swagger-ui-standalone-preset.js'. Physical path: 'N/A'
[2022-05-05 19:12:15.398 +05:30 INF] Request finished HTTP/2 GET https://localhost:7224/swagger/swagger-ui-standalone-preset.js - - - 200 337162 application/javascript 19.2632ms
[2022-05-05 19:12:15.398 +05:30 INF] Request finished HTTP/2 GET https://localhost:7224/swagger/swagger-ui-bundle.js - - - 200 1092889 application/javascript 21.9050ms
[2022-05-05 19:12:15.398 +05:30 INF] Request finished HTTP/2 GET https://localhost:7224/swagger/swagger-ui.css - - - 200 143632 text/css 21.9289ms
[2022-05-05 19:12:19.675 +05:30 INF] Request starting HTTP/2 GET https://localhost:7224/swagger - -
[2022-05-05 19:12:19.675 +05:30 INF] Request finished HTTP/2 GET https://localhost:7224/swagger - - - 301 0 - 0.2390ms
[2022-05-05 19:12:19.680 +05:30 INF] Request starting HTTP/2 GET https://localhost:7224/swagger/index.html - -
[2022-05-05 19:12:19.681 +05:30 INF] Request finished HTTP/2 GET https://localhost:7224/swagger/index.html - - - 200 - text/html;charset=utf-8 0.7529ms
[2022-05-05 19:12:19.700 +05:30 INF] Request starting HTTP/2 GET https://localhost:7224/swagger/swagger-ui.css - -
[2022-05-05 19:12:19.700 +05:30 INF] Request starting HTTP/2 GET https://localhost:7224/swagger/swagger-ui-standalone-preset.js - -
[2022-05-05 19:12:19.700 +05:30 INF] Request starting HTTP/2 GET https://localhost:7224/swagger/swagger-ui-bundle.js - -
[2022-05-05 19:12:19.703 +05:30 INF] Sending file. Request path: '/swagger-ui.css'. Physical path: 'N/A'
[2022-05-05 19:12:19.704 +05:30 INF] Request finished HTTP/2 GET https://localhost:7224/swagger/swagger-ui.css - - - 200 143632 text/css 3.9035ms
[2022-05-05 19:12:19.706 +05:30 INF] Sending file. Request path: '/swagger-ui-standalone-preset.js'. Physical path: 'N/A'
[2022-05-05 19:12:19.706 +05:30 INF] Request finished HTTP/2 GET https://localhost:7224/swagger/swagger-ui-standalone-preset.js - - - 200 337162 application/javascript 6.0800ms
[2022-05-05 19:12:19.709 +05:30 INF] Sending file. Request path: '/swagger-ui-bundle.js'. Physical path: 'N/A'
[2022-05-05 19:12:19.709 +05:30 INF] Request finished HTTP/2 GET https://localhost:7224/swagger/swagger-ui-bundle.js - - - 200 1092889 application/javascript 9.3301ms
[2022-05-05 19:12:19.902 +05:30 INF] Request starting HTTP/2 GET https://localhost:7224/swagger/v1/swagger.json - -
[2022-05-05 19:12:19.952 +05:30 INF] Request finished HTTP/2 GET https://localhost:7224/swagger/v1/swagger.json - - - 200 - application/json;charset=utf-8 49.4618ms
[2022-05-05 19:12:24.260 +05:30 INF] Request starting HTTP/2 GET https://localhost:7224/College/ViewColleges - -
[2022-05-05 19:12:24.261 +05:30 INF] Request:
Protocol: HTTP/2
Method: GET
Scheme: https
PathBase: 
Path: /College/ViewColleges
Accept: */*
Host: localhost:7224
User-Agent: Mozilla/5.0 (Windows NT 10.0; Win64; x64) AppleWebKit/537.36 (KHTML, like Gecko) Chrome/101.0.4951.41 Safari/537.36 Edg/101.0.1210.32
:method: [Redacted]
Accept-Encoding: gzip, deflate, br
Accept-Language: en-US,en;q=0.9
Referer: [Redacted]
sec-ch-ua: [Redacted]
sec-ch-ua-mobile: [Redacted]
sec-ch-ua-platform: [Redacted]
sec-fetch-site: [Redacted]
sec-fetch-mode: [Redacted]
sec-fetch-dest: [Redacted]
[2022-05-05 19:12:24.265 +05:30 INF] Executing endpoint 'PROFILE.Controllers.CollegeController.ViewColleges (Profile)'
[2022-05-05 19:12:24.273 +05:30 INF] Route matched with {action = "ViewColleges", controller = "College"}. Executing controller action with signature Microsoft.AspNetCore.Mvc.IActionResult ViewColleges() on controller PROFILE.Controllers.CollegeController (Profile).
[2022-05-05 19:12:24.338 +05:30 INF] List of Colleges......
[2022-05-05 19:12:25.414 +05:30 INF] Executing OkObjectResult, writing value of type 'System.Linq.Enumerable+WhereListIterator`1[[PROFILE.Models.College, Profile, Version=1.0.0.0, Culture=neutral, PublicKeyToken=null]]'.
[2022-05-05 19:12:25.421 +05:30 INF] Executed action PROFILE.Controllers.CollegeController.ViewColleges (Profile) in 1142.6106ms
[2022-05-05 19:12:25.421 +05:30 INF] Executed endpoint 'PROFILE.Controllers.CollegeController.ViewColleges (Profile)'
[2022-05-05 19:12:25.421 +05:30 INF] Response:
StatusCode: 200
Content-Type: application/json; charset=utf-8
Date: Thu, 05 May 2022 13:42:25 GMT
Server: Kestrel
[2022-05-05 19:12:25.421 +05:30 INF] Request finished HTTP/2 GET https://localhost:7224/College/ViewColleges - - - 200 - application/json;+charset=utf-8 1161.4058ms
